{"meta": {"format": 3, "version": "7.13.5", "timestamp": "2026-08-13T00:32:19.328319", "branch_coverage": false, "show_contexts": false}, "files": {"ate/__init__.py": {"executed_lines": [3], "summary": {"covered_lines": 1, "num_statements": 1, "percent_covered": 100.0, "percent_covered_display": "100", "missing_lines": 0, "excluded_lines": 0, "percent_statements_covered": 100.0, "percent_statements_covered_display": "100"}, "missing_lines": [], "excluded_lines": [], "functions": {"": {"executed_lines": [3], "summary": {"covered_lines": 1, "num_statements": 1, "percent_covered": 100.0, "percent_covered_display": "100", "missing_lines": 0, "excluded_lines": 0, "percent_statements_covered": 100.0, "percent_statements_covered_display": "100"}, "missing_lines": [], "excluded_lines": [], "start_line": 1}}, "classes": {"": {"executed_lines": [3], "summary": {"covered_lines": 1, "num_statements": 1, "percent_covered": 100.0, "percent_covered_display": "100", "missing_lines": 0, "excluded_lines": 0, "percent_statements_covered": 100.0, "percent_statements_covered_display": "100"}, "missing_lines": [], "excluded_lines": [], "start_line": 1}}}, "ate/cli.py": {"executed_lines": [2, 4, 5, 6, 7, 9, 10, 11, 14, 15, 19, 20, 22, 23, 24, 26, 27, 30, 32, 33, 35, 37, 39, 41, 44, 51, 56, 64, 67, 68, 70, 72, 74, 76, 78, 80, 82, 85, 89, 92, 95, 98, 100, 104, 106, 109, 110, 111, 112, 115, 116, 118, 121, 124, 125, 126, 127, 128, 129, 131, 134, 137, 141, 144, 150, 152, 153, 155, 157, 161, 165, 166, 169, 171, 172, 173, 174, 190, 223, 251, 271, 314, 344, 414, 415, 416, 417, 418, 419, 420, 422, 423, 424, 425, 426, 427, 428, 429, 430, 431, 433, 434, 435, 436, 438, 439, 442, 445, 446, 447, 448, 450, 451, 452, 455, 458, 462, 463, 464, 465, 466, 467, 468, 469, 470, 474, 475, 476, 478, 479, 480, 483, 484, 485, 486, 487, 488, 493, 498, 499, 500, 502, 503, 504, 505, 506, 507, 508, 509, 510, 513, 581, 657], "summary": {"covered_lines": 153, "num_statements": 404, "percent_covered": 37.87128712871287, "percent_covered_display": "38", "missing_lines": 251, "excluded_lines": 0, "percent_statements_covered": 37.87128712871287, "percent_statements_covered_display": "38"}, "missing_lines": [175, 176, 177, 178, 179, 180, 181, 182, 183, 184, 185, 186, 187, 192, 193, 194, 195, 196, 198, 199, 200, 202, 203, 204, 205, 206, 207, 208, 209, 210, 211, 212, 213, 214, 215, 216, 219, 220, 225, 226, 228, 229, 231, 232, 233, 234, 235, 236, 237, 238, 239, 240, 241, 242, 243, 247, 248, 254, 255, 262, 263, 265, 266, 267, 268, 272, 274, 275, 276, 277, 278, 279, 280, 281, 282, 283, 284, 285, 286, 287, 288, 289, 290, 291, 293, 295, 296, 297, 298, 302, 303, 304, 305, 306, 308, 309, 310, 311, 315, 317, 319, 320, 321, 322, 323, 324, 325, 326, 327, 329, 330, 331, 332, 333, 334, 335, 336, 337, 339, 340, 341, 346, 347, 349, 350, 352, 353, 354, 355, 358, 359, 360, 362, 363, 364, 365, 366, 368, 369, 370, 372, 373, 374, 375, 376, 379, 381, 383, 384, 385, 389, 390, 391, 392, 394, 395, 397, 398, 400, 401, 403, 404, 405, 406, 408, 409, 410, 411, 449, 471, 481, 529, 530, 532, 533, 534, 536, 537, 538, 539, 540, 541, 542, 543, 544, 545, 546, 547, 548, 549, 551, 554, 555, 556, 558, 559, 563, 564, 568, 569, 574, 582, 584, 585, 586, 587, 588, 589, 591, 592, 593, 595, 596, 597, 598, 600, 603, 604, 608, 609, 610, 611, 612, 613, 614, 616, 618, 619, 621, 622, 623, 624, 626, 628, 629, 631, 632, 633, 638, 643, 644, 645, 647, 648, 649, 650, 651, 652, 653, 654, 658], "excluded_lines": [], "functions": {"main": {"executed_lines": [15, 19, 20, 22, 23, 24, 26, 27, 30, 32, 33, 35, 37, 39, 41, 44, 51, 56, 64, 67, 68, 70, 72, 74, 76, 78, 80, 82, 85, 89, 92, 95, 98, 100, 104, 106, 109, 110, 111, 112, 115, 116, 118, 121, 124, 125, 126, 127, 128, 129, 131, 134, 137, 141, 144, 150, 152, 153, 155, 157, 161, 165, 166, 169, 171, 172, 173, 174], "summary": {"covered_lines": 68, "num_statements": 81, "percent_covered": 83.95061728395062, "percent_covered_display": "84", "missing_lines": 13, "excluded_lines": 0, "percent_statements_covered": 83.95061728395062, "percent_statements_covered_display": "84"}, "missing_lines": [175, 176, 177, 178, 179, 180, 181, 182, 183, 184, 185, 186, 187], "excluded_lines": [], "start_line": 14}, "_cmd_verify_commands": {"executed_lines": [], "summary": {"covered_lines": 0, "num_statements": 25, "percent_covered": 0.0, "percent_covered_display": "0", "missing_lines": 25, "excluded_lines": 0, "percent_statements_covered": 0.0, "percent_statements_covered_display": "0"}, "missing_lines": [192, 193, 194, 195, 196, 198, 199, 200, 202, 203, 204, 205, 206, 207, 208, 209, 210, 211, 212, 213, 214, 215, 216, 219, 220], "excluded_lines": [], "start_line": 190}, "_cmd_capture": {"executed_lines": [], "summary": {"covered_lines": 0, "num_statements": 19, "percent_covered": 0.0, "percent_covered_display": "0", "missing_lines": 19, "excluded_lines": 0, "percent_statements_covered": 0.0, "percent_statements_covered_display": "0"}, "missing_lines": [225, 226, 228, 229, 231, 232, 233, 234, 235, 236, 237, 238, 239, 240, 241, 242, 243, 247, 248], "excluded_lines": [], "start_line": 223}, "_queue_bits": {"executed_lines": [], "summary": {"covered_lines": 0, "num_statements": 8, "percent_covered": 0.0, "percent_covered_display": "0", "missing_lines": 8, "excluded_lines": 0, "percent_statements_covered": 0.0, "percent_statements_covered_display": "0"}, "missing_lines": [254, 255, 262, 263, 265, 266, 267, 268], "excluded_lines": [], "start_line": 251}, "_cmd_queue": {"executed_lines": [], "summary": {"covered_lines": 0, "num_statements": 33, "percent_covered": 0.0, "percent_covered_display": "0", "missing_lines": 33, "excluded_lines": 0, "percent_statements_covered": 0.0, "percent_statements_covered_display": "0"}, "missing_lines": [272, 274, 275, 276, 277, 278, 279, 280, 281, 282, 283, 284, 285, 286, 287, 288, 289, 290, 291, 293, 295, 296, 297, 298, 302, 303, 304, 305, 306, 308, 309, 310, 311], "excluded_lines": [], "start_line": 271}, "_cmd_match": {"executed_lines": [], "summary": {"covered_lines": 0, "num_statements": 23, "percent_covered": 0.0, "percent_covered_display": "0", "missing_lines": 23, "excluded_lines": 0, "percent_statements_covered": 0.0, "percent_statements_covered_display": "0"}, "missing_lines": [315, 317, 319, 320, 321, 322, 323, 324, 325, 326, 327, 329, 330, 331, 332, 333, 334, 335, 336, 337, 339, 340, 341], "excluded_lines": [], "start_line": 314}, "_cmd_codegen": {"executed_lines": [], "summary": {"covered_lines": 0, "num_statements": 47, "percent_covered": 0.0, "percent_covered_display": "0", "missing_lines": 47, "excluded_lines": 0, "percent_statements_covered": 0.0, "percent_statements_covered_display": "0"}, "missing_lines": [346, 347, 349, 350, 352, 353, 354, 355, 358, 359, 360, 362, 363, 364, 365, 366, 368, 369, 370, 372, 373, 374, 375, 376, 379, 381, 383, 384, 385, 389, 390, 391, 392, 394, 395, 397, 398, 400, 401, 403, 404, 405, 406, 408, 409, 410, 411], "excluded_lines": [], "start_line": 344}, "_cmd_parse": {"executed_lines": [415, 416, 417, 418, 419, 420, 422, 423, 424, 425, 426, 427, 428, 429, 430, 431, 433, 434, 435, 436, 438, 439], "summary": {"covered_lines": 22, "num_statements": 22, "percent_covered": 100.0, "percent_covered_display": "100", "missing_lines": 0, "excluded_lines": 0, "percent_statements_covered": 100.0, "percent_statements_covered_display": "100"}, "missing_lines": [], "excluded_lines": [], "start_line": 414}, "_print_rfc_crosscheck": {"executed_lines": [445, 446, 447, 448, 450, 451, 452], "summary": {"covered_lines": 7, "num_statements": 8, "percent_covered": 87.5, "percent_covered_display": "88", "missing_lines": 1, "excluded_lines": 0, "percent_statements_covered": 87.5, "percent_statements_covered_display": "88"}, "missing_lines": [449], "excluded_lines": [], "start_line": 442}, "_print_cli_crosscheck": {"executed_lines": [458, 462, 463, 464, 465, 466, 467, 468, 469, 470], "summary": {"covered_lines": 10, "num_statements": 11, "percent_covered": 90.9090909090909, "percent_covered_display": "91", "missing_lines": 1, "excluded_lines": 0, "percent_statements_covered": 90.9090909090909, "percent_statements_covered_display": "91"}, "missing_lines": [471], "excluded_lines": [], "start_line": 455}, "_cmd_plan": {"executed_lines": [475, 476, 478, 479, 480, 483, 484, 485, 486, 487, 488, 493, 498, 499, 500, 502, 503, 504, 505, 506, 507, 508, 509, 510], "summary": {"covered_lines": 24, "num_statements": 25, "percent_covered": 96.0, "percent_covered_display": "96", "missing_lines": 1, "excluded_lines": 0, "percent_statements_covered": 96.0, "percent_statements_covered_display": "96"}, "missing_lines": [481], "excluded_lines": [], "start_line": 474}, "discover_feature_inputs": {"executed_lines": [], "summary": {"covered_lines": 0, "num_statements": 30, "percent_covered": 0.0, "percent_covered_display": "0", "missing_lines": 30, "excluded_lines": 0, "percent_statements_covered": 0.0, "percent_statements_covered_display": "0"}, "missing_lines": [529, 530, 532, 533, 534, 536, 537, 538, 539, 540, 541, 542, 543, 544, 545, 546, 547, 548, 549, 551, 554, 555, 556, 558, 559, 563, 564, 568, 569, 574], "excluded_lines": [], "start_line": 513}, "_cmd_plan_feature": {"executed_lines": [], "summary": {"covered_lines": 0, "num_statements": 49, "percent_covered": 0.0, "percent_covered_display": "0", "missing_lines": 49, "excluded_lines": 0, "percent_statements_covered": 0.0, "percent_statements_covered_display": "0"}, "missing_lines": [582, 584, 585, 586, 587, 588, 589, 591, 592, 593, 595, 596, 597, 598, 600, 603, 604, 608, 609, 610, 611, 612, 613, 614, 616, 618, 619, 621, 622, 623, 624, 626, 628, 629, 631, 632, 633, 638, 643, 644, 645, 647, 648, 649, 650, 651, 652, 653, 654], "excluded_lines": [], "start_line": 581}, "": {"executed_lines": [2, 4, 5, 6, 7, 9, 10, 11, 14, 190, 223, 251, 271, 314, 344, 414, 442, 455, 474, 513, 581, 657], "summary": {"covered_lines": 22, "num_statements": 23, "percent_covered": 95.65217391304348, "percent_covered_display": "96", "missing_lines": 1, "excluded_lines": 0, "percent_statements_covered": 95.65217391304348, "percent_statements_covered_display": "96"}, "missing_lines": [658], "excluded_lines": [], "start_line": 1}}, "classes": {"": {"executed_lines": [2, 4, 5, 6, 7, 9, 10, 11, 14, 15, 19, 20, 22, 23, 24, 26, 27, 30, 32, 33, 35, 37, 39, 41, 44, 51, 56, 64, 67, 68, 70, 72, 74, 76, 78, 80, 82, 85, 89, 92, 95, 98, 100, 104, 106, 109, 110, 111, 112, 115, 116, 118, 121, 124, 125, 126, 127, 128, 129, 131, 134, 137, 141, 144, 150, 152, 153, 155, 157, 161, 165, 166, 169, 171, 172, 173, 174, 190, 223, 251, 271, 314, 344, 414, 415, 416, 417, 418, 419, 420, 422, 423, 424, 425, 426, 427, 428, 429, 430, 431, 433, 434, 435, 436, 438, 439, 442, 445, 446, 447, 448, 450, 451, 452, 455, 458, 462, 463, 464, 465, 466, 467, 468, 469, 470, 474, 475, 476, 478, 479, 480, 483, 484, 485, 486, 487, 488, 493, 498, 499, 500, 502, 503, 504, 505, 506, 507, 508, 509, 510, 513, 581, 657], "summary": {"covered_lines": 153, "num_statements": 404, "percent_covered": 37.87128712871287, "percent_covered_display": "38", "missing_lines": 251, "excluded_lines": 0, "percent_statements_covered": 37.87128712871287, "percent_statements_covered_display": "38"}, "missing_lines": [175, 176, 177, 178, 179, 180, 181, 182, 183, 184, 185, 186, 187, 192, 193, 194, 195, 196, 198, 199, 200, 202, 203, 204, 205, 206, 207, 208, 209, 210, 211, 212, 213, 214, 215, 216, 219, 220, 225, 226, 228, 229, 231, 232, 233, 234, 235, 236, 237, 238, 239, 240, 241, 242, 243, 247, 248, 254, 255, 262, 263, 265, 266, 267, 268, 272, 274, 275, 276, 277, 278, 279, 280, 281, 282, 283, 284, 285, 286, 287, 288, 289, 290, 291, 293, 295, 296, 297, 298, 302, 303, 304, 305, 306, 308, 309, 310, 311, 315, 317, 319, 320, 321, 322, 323, 324, 325, 326, 327, 329, 330, 331, 332, 333, 334, 335, 336, 337, 339, 340, 341, 346, 347, 349, 350, 352, 353, 354, 355, 358, 359, 360, 362, 363, 364, 365, 366, 368, 369, 370, 372, 373, 374, 375, 376, 379, 381, 383, 384, 385, 389, 390, 391, 392, 394, 395, 397, 398, 400, 401, 403, 404, 405, 406, 408, 409, 410, 411, 449, 471, 481, 529, 530, 532, 533, 534, 536, 537, 538, 539, 540, 541, 542, 543, 544, 545, 546, 547, 548, 549, 551, 554, 555, 556, 558, 559, 563, 564, 568, 569, 574, 582, 584, 585, 586, 587, 588, 589, 591, 592, 593, 595, 596, 597, 598, 600, 603, 604, 608, 609, 610, 611, 612, 613, 614, 616, 618, 619, 621, 622, 623, 624, 626, 628, 629, 631, 632, 633, 638, 643, 644, 645, 647, 648, 649, 650, 651, 652, 653, 654, 658], "excluded_lines": [], "start_line": 1}}}, "ate/codegen/__init__.py": {"executed_lines": [15, 17, 18, 20, 21, 22, 23, 24, 26, 29, 30, 31, 32, 34, 36, 38, 39, 42, 43, 44, 45, 46, 47, 48, 49, 50, 53], "summary": {"covered_lines": 27, "num_statements": 46, "percent_covered": 58.69565217391305, "percent_covered_display": "59", "missing_lines": 19, "excluded_lines": 0, "percent_statements_covered": 58.69565217391305, "percent_statements_covered_display": "59"}, "missing_lines": [40, 66, 67, 69, 70, 75, 76, 78, 79, 82, 84, 85, 86, 87, 88, 91, 95, 96, 98], "excluded_lines": [], "functions": {"GenerationResult.n_steps": {"executed_lines": [], "summary": {"covered_lines": 0, "num_statements": 1, "percent_covered": 0.0, "percent_covered_display": "0", "missing_lines": 1, "excluded_lines": 0, "percent_statements_covered": 0.0, "percent_statements_covered_display": "0"}, "missing_lines": [40], "excluded_lines": [], "start_line": 39}, "GenerationResult.write": {"executed_lines": [43, 44, 45, 46, 47, 48, 49, 50], "summary": {"covered_lines": 8, "num_statements": 8, "percent_covered": 100.0, "percent_covered_display": "100", "missing_lines": 0, "excluded_lines": 0, "percent_statements_covered": 100.0, "percent_statements_covered_display": "100"}, "missing_lines": [], "excluded_lines": [], "start_line": 42}, "generate_evpn_suite": {"executed_lines": [], "summary": {"covered_lines": 0, "num_statements": 18, "percent_covered": 0.0, "percent_covered_display": "0", "missing_lines": 18, "excluded_lines": 0, "percent_statements_covered": 0.0, "percent_statements_covered_display": "0"}, "missing_lines": [66, 67, 69, 70, 75, 76, 78, 79, 82, 84, 85, 86, 87, 88, 91, 95, 96, 98], "excluded_lines": [], "start_line": 53}, "": {"executed_lines": [15, 17, 18, 20, 21, 22, 23, 24, 26, 29, 30, 31, 32, 34, 36, 38, 39, 42, 53], "summary": {"covered_lines": 19, "num_statements": 19, "percent_covered": 100.0, "percent_covered_display": "100", "missing_lines": 0, "excluded_lines": 0, "percent_statements_covered": 100.0, "percent_statements_covered_display": "100"}, "missing_lines": [], "excluded_lines": [], "start_line": 1}}, "classes": {"GenerationResult": {"executed_lines": [43, 44, 45, 46, 47, 48, 49, 50], "summary": {"covered_lines": 8, "num_statements": 9, "percent_covered": 88.88888888888889, "percent_covered_display": "89", "missing_lines": 1, "excluded_lines": 0, "percent_statements_covered": 88.88888888888889, "percent_statements_covered_display": "89"}, "missing_lines": [40], "excluded_lines": [], "start_line": 30}, "": {"executed_lines": [15, 17, 18, 20, 21, 22, 23, 24, 26, 29, 30, 31, 32, 34, 36, 38, 39, 42, 53], "summary": {"covered_lines": 19, "num_statements": 37, "percent_covered": 51.351351351351354, "percent_covered_display": "51", "missing_lines": 18, "excluded_lines": 0, "percent_statements_covered": 51.351351351351354, "percent_statements_covered_display": "51"}, "missing_lines": [66, 67, 69, 70, 75, 76, 78, 79, 82, 84, 85, 86, 87, 88, 91, 95, 96, 98], "excluded_lines": [], "start_line": 1}}}, "ate/codegen/capture.py": {"executed_lines": [40, 42, 43, 44, 45, 46, 48, 49, 51, 68, 85, 89, 100, 103, 105, 106, 107, 109, 111, 114, 115, 118, 119, 120, 121, 122, 123, 125, 126, 128, 131, 132, 133, 134, 135, 136, 138, 139, 141, 142, 143, 144, 145, 147, 148, 149, 150, 151, 154, 159, 160, 161, 162, 163, 164, 165, 166, 167, 168, 170, 171, 174, 175, 176, 179, 181, 183, 186, 187, 188, 189, 190, 191, 192, 194, 195, 196, 205, 208, 211, 231, 232, 233, 234, 235, 236, 240, 241, 246, 252, 259, 262, 267, 268, 269, 270, 271, 272, 275, 278], "summary": {"covered_lines": 100, "num_statements": 138, "percent_covered": 72.46376811594203, "percent_covered_display": "72", "missing_lines": 38, "excluded_lines": 0, "percent_statements_covered": 72.46376811594203, "percent_statements_covered_display": "72"}, "missing_lines": [169, 172, 173, 242, 243, 244, 245, 248, 249, 286, 288, 289, 290, 291, 292, 293, 294, 295, 303, 304, 311, 312, 313, 314, 315, 316, 317, 321, 323, 324, 326, 327, 332, 336, 337, 338, 339, 340], "excluded_lines": [], "functions": {"_by_key": {"executed_lines": [111], "summary": {"covered_lines": 1, "num_statements": 1, "percent_covered": 100.0, "percent_covered_display": "100", "missing_lines": 0, "excluded_lines": 0, "percent_statements_covered": 100.0, "percent_statements_covered_display": "100"}, "missing_lines": [], "excluded_lines": [], "start_line": 109}, "CapturedCommand.usable": {"executed_lines": [128], "summary": {"covered_lines": 1, "num_statements": 1, "percent_covered": 100.0, "percent_covered_display": "100", "missing_lines": 0, "excluded_lines": 0, "percent_statements_covered": 100.0, "percent_statements_covered_display": "100"}, "missing_lines": [], "excluded_lines": [], "start_line": 126}, "CaptureSession.usable": {"executed_lines": [139], "summary": {"covered_lines": 1, "num_statements": 1, "percent_covered": 100.0, "percent_covered_display": "100", "missing_lines": 0, "excluded_lines": 0, "percent_statements_covered": 100.0, "percent_statements_covered_display": "100"}, "missing_lines": [], "excluded_lines": [], "start_line": 138}, "CaptureSession.by_status": {"executed_lines": [142, 143, 144, 145], "summary": {"covered_lines": 4, "num_statements": 4, "percent_covered": 100.0, "percent_covered_display": "100", "missing_lines": 0, "excluded_lines": 0, "percent_statements_covered": 100.0, "percent_statements_covered_display": "100"}, "missing_lines": [], "excluded_lines": [], "start_line": 141}, "CaptureSession.save": {"executed_lines": [148, 149, 150, 151], "summary": {"covered_lines": 4, "num_statements": 4, "percent_covered": 100.0, "percent_covered_display": "100", "missing_lines": 0, "excluded_lines": 0, "percent_statements_covered": 100.0, "percent_statements_covered_display": "100"}, "missing_lines": [], "excluded_lines": [], "start_line": 147}, "commands_needed": {"executed_lines": [159, 160, 161, 162, 163, 164, 165, 166, 167, 168, 170, 171, 174, 175, 176], "summary": {"covered_lines": 15, "num_statements": 18, "percent_covered": 83.33333333333333, "percent_covered_display": "83", "missing_lines": 3, "excluded_lines": 0, "percent_statements_covered": 83.33333333333333, "percent_statements_covered_display": "83"}, "missing_lines": [169, 172, 173], "excluded_lines": [], "start_line": 154}, "_classify": {"executed_lines": [181, 183, 186, 187, 188, 189, 190, 191, 192, 194, 195, 196, 205, 208], "summary": {"covered_lines": 14, "num_statements": 14, "percent_covered": 100.0, "percent_covered_display": "100", "missing_lines": 0, "excluded_lines": 0, "percent_statements_covered": 100.0, "percent_statements_covered_display": "100"}, "missing_lines": [], "excluded_lines": [], "start_line": 179}, "_read_until_prompt": {"executed_lines": [231, 232, 233, 234, 235, 236, 240, 241, 246], "summary": {"covered_lines": 9, "num_statements": 15, "percent_covered": 60.0, "percent_covered_display": "60", "missing_lines": 6, "excluded_lines": 0, "percent_statements_covered": 60.0, "percent_statements_covered_display": "60"}, "missing_lines": [242, 243, 244, 245, 248, 249], "excluded_lines": [], "start_line": 211}, "at_value_prompt": {"executed_lines": [259], "summary": {"covered_lines": 1, "num_statements": 1, "percent_covered": 100.0, "percent_covered_display": "100", "missing_lines": 0, "excluded_lines": 0, "percent_statements_covered": 100.0, "percent_statements_covered_display": "100"}, "missing_lines": [], "excluded_lines": [], "start_line": 252}, "capture_on_channel": {"executed_lines": [267, 268, 269, 270, 271, 272, 275], "summary": {"covered_lines": 7, "num_statements": 7, "percent_covered": 100.0, "percent_covered_display": "100", "missing_lines": 0, "excluded_lines": 0, "percent_statements_covered": 100.0, "percent_statements_covered_display": "100"}, "missing_lines": [], "excluded_lines": [], "start_line": 262}, "capture_for_scripts": {"executed_lines": [], "summary": {"covered_lines": 0, "num_statements": 29, "percent_covered": 0.0, "percent_covered_display": "0", "missing_lines": 29, "excluded_lines": 0, "percent_statements_covered": 0.0, "percent_statements_covered_display": "0"}, "missing_lines": [286, 288, 289, 290, 291, 292, 293, 294, 295, 303, 304, 311, 312, 313, 314, 315, 316, 317, 321, 323, 324, 326, 327, 332, 336, 337, 338, 339, 340], "excluded_lines": [], "start_line": 278}, "": {"executed_lines": [40, 42, 43, 44, 45, 46, 48, 49, 51, 68, 85, 89, 100, 103, 105, 106, 107, 109, 114, 115, 118, 119, 120, 121, 122, 123, 125, 126, 131, 132, 133, 134, 135, 136, 138, 141, 147, 154, 179, 211, 252, 262, 278], "summary": {"covered_lines": 43, "num_statements": 43, "percent_covered": 100.0, "percent_covered_display": "100", "missing_lines": 0, "excluded_lines": 0, "percent_statements_covered": 100.0, "percent_statements_covered_display": "100"}, "missing_lines": [], "excluded_lines": [], "start_line": 1}}, "classes": {"CapturedCommand": {"executed_lines": [128], "summary": {"covered_lines": 1, "num_statements": 1, "percent_covered": 100.0, "percent_covered_display": "100", "missing_lines": 0, "excluded_lines": 0, "percent_statements_covered": 100.0, "percent_statements_covered_display": "100"}, "missing_lines": [], "excluded_lines": [], "start_line": 115}, "CaptureSession": {"executed_lines": [139, 142, 143, 144, 145, 148, 149, 150, 151], "summary": {"covered_lines": 9, "num_statements": 9, "percent_covered": 100.0, "percent_covered_display": "100", "missing_lines": 0, "excluded_lines": 0, "percent_statements_covered": 100.0, "percent_statements_covered_display": "100"}, "missing_lines": [], "excluded_lines": [], "start_line": 132}, "": {"executed_lines": [40, 42, 43, 44, 45, 46, 48, 49, 51, 68, 85, 89, 100, 103, 105, 106, 107, 109, 111, 114, 115, 118, 119, 120, 121, 122, 123, 125, 126, 131, 132, 133, 134, 135, 136, 138, 141, 147, 154, 159, 160, 161, 162, 163, 164, 165, 166, 167, 168, 170, 171, 174, 175, 176, 179, 181, 183, 186, 187, 188, 189, 190, 191, 192, 194, 195, 196, 205, 208, 211, 231, 232, 233, 234, 235, 236, 240, 241, 246, 252, 259, 262, 267, 268, 269, 270, 271, 272, 275, 278], "summary": {"covered_lines": 90, "num_statements": 128, "percent_covered": 70.3125, "percent_covered_display": "70", "missing_lines": 38, "excluded_lines": 0, "percent_statements_covered": 70.3125, "percent_statements_covered_display": "70"}, "missing_lines": [169, 172, 173, 242, 243, 244, 245, 248, 249, 286, 288, 289, 290, 291, 292, 293, 294, 295, 303, 304, 311, 312, 313, 314, 315, 316, 317, 321, 323, 324, 326, 327, 332, 336, 337, 338, 339, 340], "excluded_lines": [], "start_line": 1}}}, "ate/codegen/command_deriver.py": {"executed_lines": [37, 39, 40, 42, 44, 47, 54, 66, 68, 71, 72, 75, 78, 79, 80, 81, 82, 85, 86, 89, 91, 92, 93, 94, 95, 96, 97, 98, 99, 100, 101, 102, 103, 104, 105, 106, 108, 109, 110, 111, 114, 123, 124, 125, 126, 127, 128, 129, 130, 131, 132, 133, 134, 135, 136, 138, 139, 140, 141, 142, 143, 145, 146, 149, 151, 152, 153, 156, 157, 158, 167, 168, 169, 170, 171, 174, 175, 176, 178, 179, 182, 188, 193, 194, 195, 196, 197, 199, 200, 201, 205, 206, 208, 209, 210, 211, 212, 213, 214, 215, 218, 225, 226, 227, 228, 229, 230, 231, 232, 235, 237, 238, 239, 240, 242, 243, 244, 245, 247, 250, 257, 258, 259, 260, 261, 263, 264, 266, 273, 274, 276, 277, 278, 280, 281, 282, 284, 285, 286, 287, 288, 289, 290, 291, 293, 294, 295, 298, 306, 307, 309, 312], "summary": {"covered_lines": 152, "num_statements": 157, "percent_covered": 96.81528662420382, "percent_covered_display": "97", "missing_lines": 5, "excluded_lines": 0, "percent_statements_covered": 96.81528662420382, "percent_statements_covered_display": "97"}, "missing_lines": [144, 246, 275, 283, 292], "excluded_lines": [], "functions": {"_looks_like_placeholder": {"executed_lines": [72], "summary": {"covered_lines": 1, "num_statements": 1, "percent_covered": 100.0, "percent_covered_display": "100", "missing_lines": 0, "excluded_lines": 0, "percent_statements_covered": 100.0, "percent_statements_covered_display": "100"}, "missing_lines": [], "excluded_lines": [], "start_line": 71}, "_tokenize": {"executed_lines": [86], "summary": {"covered_lines": 1, "num_statements": 1, "percent_covered": 100.0, "percent_covered_display": "100", "missing_lines": 0, "excluded_lines": 0, "percent_statements_covered": 100.0, "percent_statements_covered_display": "100"}, "missing_lines": [], "excluded_lines": [], "start_line": 85}, "_parse_alt": {"executed_lines": [91, 92, 93, 94, 95, 96, 97, 98, 99, 100, 101, 102, 103, 104, 105, 106, 108, 109, 110, 111], "summary": {"covered_lines": 20, "num_statements": 20, "percent_covered": 100.0, "percent_covered_display": "100", "missing_lines": 0, "excluded_lines": 0, "percent_statements_covered": 100.0, "percent_statements_covered_display": "100"}, "missing_lines": [], "excluded_lines": [], "start_line": 89}, "_enumerate": {"executed_lines": [123, 124, 125, 126, 127, 128, 129, 130, 131, 132, 133, 134, 135, 136, 138, 139, 140, 141, 142, 143, 145, 146], "summary": {"covered_lines": 22, "num_statements": 23, "percent_covered": 95.65217391304348, "percent_covered_display": "96", "missing_lines": 1, "excluded_lines": 0, "percent_statements_covered": 95.65217391304348, "percent_statements_covered_display": "96"}, "missing_lines": [144], "excluded_lines": [], "start_line": 114}, "_render": {"executed_lines": [151, 152, 153, 156, 157, 158, 167, 168, 169, 170, 171, 174, 175, 176, 178, 179], "summary": {"covered_lines": 16, "num_statements": 16, "percent_covered": 100.0, "percent_covered_display": "100", "missing_lines": 0, "excluded_lines": 0, "percent_statements_covered": 100.0, "percent_statements_covered_display": "100"}, "missing_lines": [], "excluded_lines": [], "start_line": 149}, "expand_syntax": {"executed_lines": [188, 193, 194, 195, 196, 197, 199, 200, 201, 205, 206, 208, 209, 210, 211, 212, 213, 214, 215], "summary": {"covered_lines": 19, "num_statements": 19, "percent_covered": 100.0, "percent_covered_display": "100", "missing_lines": 0, "excluded_lines": 0, "percent_statements_covered": 100.0, "percent_statements_covered_display": "100"}, "missing_lines": [], "excluded_lines": [], "start_line": 182}, "_mode_prefix": {"executed_lines": [225, 226, 227, 228, 229, 230, 231, 232], "summary": {"covered_lines": 8, "num_statements": 8, "percent_covered": 100.0, "percent_covered_display": "100", "missing_lines": 0, "excluded_lines": 0, "percent_statements_covered": 100.0, "percent_statements_covered_display": "100"}, "missing_lines": [], "excluded_lines": [], "start_line": 218}, "_key_for": {"executed_lines": [237, 238, 239, 240, 242, 243, 244, 245, 247], "summary": {"covered_lines": 9, "num_statements": 10, "percent_covered": 90.0, "percent_covered_display": "90", "missing_lines": 1, "excluded_lines": 0, "percent_statements_covered": 90.0, "percent_statements_covered_display": "90"}, "missing_lines": [246], "excluded_lines": [], "start_line": 235}, "derive_commands": {"executed_lines": [257, 258, 259, 260, 261, 263, 264, 266, 273, 274, 276, 277, 278, 280, 281, 282, 284, 285, 286, 287, 288, 289, 290, 291, 293, 294, 295, 298, 306, 307, 309, 312], "summary": {"covered_lines": 32, "num_statements": 35, "percent_covered": 91.42857142857143, "percent_covered_display": "91", "missing_lines": 3, "excluded_lines": 0, "percent_statements_covered": 91.42857142857143, "percent_statements_covered_display": "91"}, "missing_lines": [275, 283, 292], "excluded_lines": [], "start_line": 250}, "": {"executed_lines": [37, 39, 40, 42, 44, 47, 54, 66, 68, 71, 75, 78, 79, 80, 81, 82, 85, 89, 114, 149, 182, 218, 235, 250], "summary": {"covered_lines": 24, "num_statements": 24, "percent_covered": 100.0, "percent_covered_display": "100", "missing_lines": 0, "excluded_lines": 0, "percent_statements_covered": 100.0, "percent_statements_covered_display": "100"}, "missing_lines": [], "excluded_lines": [], "start_line": 1}}, "classes": {"_Node": {"executed_lines": [], "summary": {"covered_lines": 0, "num_statements": 0, "percent_covered": 100.0, "percent_covered_display": "100", "missing_lines": 0, "excluded_lines": 0, "percent_statements_covered": 100.0, "percent_statements_covered_display": "100"}, "missing_lines": [], "excluded_lines": [], "start_line": 79}, "": {"executed_lines": [37, 39, 40, 42, 44, 47, 54, 66, 68, 71, 72, 75, 78, 79, 80, 81, 82, 85, 86, 89, 91, 92, 93, 94, 95, 96, 97, 98, 99, 100, 101, 102, 103, 104, 105, 106, 108, 109, 110, 111, 114, 123, 124, 125, 126, 127, 128, 129, 130, 131, 132, 133, 134, 135, 136, 138, 139, 140, 141, 142, 143, 145, 146, 149, 151, 152, 153, 156, 157, 158, 167, 168, 169, 170, 171, 174, 175, 176, 178, 179, 182, 188, 193, 194, 195, 196, 197, 199, 200, 201, 205, 206, 208, 209, 210, 211, 212, 213, 214, 215, 218, 225, 226, 227, 228, 229, 230, 231, 232, 235, 237, 238, 239, 240, 242, 243, 244, 245, 247, 250, 257, 258, 259, 260, 261, 263, 264, 266, 273, 274, 276, 277, 278, 280, 281, 282, 284, 285, 286, 287, 288, 289, 290, 291, 293, 294, 295, 298, 306, 307, 309, 312], "summary": {"covered_lines": 152, "num_statements": 157, "percent_covered": 96.81528662420382, "percent_covered_display": "97", "missing_lines": 5, "excluded_lines": 0, "percent_statements_covered": 96.81528662420382, "percent_statements_covered_display": "97"}, "missing_lines": [144, 246, 275, 283, 292], "excluded_lines": [], "start_line": 1}}}, "ate/codegen/commands.py": {"executed_lines": [26, 28, 30, 34, 35, 38, 39, 42, 43, 44, 47, 50, 53, 56, 244, 247, 252, 254, 257, 261, 269, 270, 272, 273, 277, 280, 281], "summary": {"covered_lines": 27, "num_statements": 28, "percent_covered": 96.42857142857143, "percent_covered_display": "96", "missing_lines": 1, "excluded_lines": 0, "percent_statements_covered": 96.42857142857143, "percent_statements_covered_display": "96"}, "missing_lines": [249], "excluded_lines": [], "functions": {"set_derived_commands": {"executed_lines": [], "summary": {"covered_lines": 0, "num_statements": 1, "percent_covered": 0.0, "percent_covered_display": "0", "missing_lines": 1, "excluded_lines": 0, "percent_statements_covered": 0.0, "percent_statements_covered_display": "0"}, "missing_lines": [249], "excluded_lines": [], "start_line": 247}, "all_commands": {"executed_lines": [254], "summary": {"covered_lines": 1, "num_statements": 1, "percent_covered": 100.0, "percent_covered_display": "100", "missing_lines": 0, "excluded_lines": 0, "percent_statements_covered": 100.0, "percent_statements_covered_display": "100"}, "missing_lines": [], "excluded_lines": [], "start_line": 252}, "validate_grounding": {"executed_lines": [269, 270, 272, 273, 277], "summary": {"covered_lines": 5, "num_statements": 5, "percent_covered": 100.0, "percent_covered_display": "100", "missing_lines": 0, "excluded_lines": 0, "percent_statements_covered": 100.0, "percent_statements_covered_display": "100"}, "missing_lines": [], "excluded_lines": [], "start_line": 261}, "command_keys": {"executed_lines": [281], "summary": {"covered_lines": 1, "num_statements": 1, "percent_covered": 100.0, "percent_covered_display": "100", "missing_lines": 0, "excluded_lines": 0, "percent_statements_covered": 100.0, "percent_statements_covered_display": "100"}, "missing_lines": [], "excluded_lines": [], "start_line": 280}, "": {"executed_lines": [26, 28, 30, 34, 35, 38, 39, 42, 43, 44, 47, 50, 53, 56, 244, 247, 252, 257, 261, 280], "summary": {"covered_lines": 20, "num_statements": 20, "percent_covered": 100.0, "percent_covered_display": "100", "missing_lines": 0, "excluded_lines": 0, "percent_statements_covered": 100.0, "percent_statements_covered_display": "100"}, "missing_lines": [], "excluded_lines": [], "start_line": 1}}, "classes": {"EvpnCommand": {"executed_lines": [], "summary": {"covered_lines": 0, "num_statements": 0, "percent_covered": 100.0, "percent_covered_display": "100", "missing_lines": 0, "excluded_lines": 0, "percent_statements_covered": 100.0, "percent_statements_covered_display": "100"}, "missing_lines": [], "excluded_lines": [], "start_line": 39}, "UngroundedCommandError": {"executed_lines": [], "summary": {"covered_lines": 0, "num_statements": 0, "percent_covered": 100.0, "percent_covered_display": "100", "missing_lines": 0, "excluded_lines": 0, "percent_statements_covered": 100.0, "percent_statements_covered_display": "100"}, "missing_lines": [], "excluded_lines": [], "start_line": 257}, "": {"executed_lines": [26, 28, 30, 34, 35, 38, 39, 42, 43, 44, 47, 50, 53, 56, 244, 247, 252, 254, 257, 261, 269, 270, 272, 273, 277, 280, 281], "summary": {"covered_lines": 27, "num_statements": 28, "percent_covered": 96.42857142857143, "percent_covered_display": "96", "missing_lines": 1, "excluded_lines": 0, "percent_statements_covered": 96.42857142857143, "percent_statements_covered_display": "96"}, "missing_lines": [249], "excluded_lines": [], "start_line": 1}}}, "ate/codegen/device_config.py": {"executed_lines": [41, 43, 44, 45, 46, 48, 50, 51, 53, 55, 58, 65, 66, 67, 68, 69, 70, 71, 73, 74, 77, 78, 79, 80, 83, 91, 92, 93, 97, 98, 99, 100, 103, 116, 119, 120, 128, 131, 138, 139, 140, 141, 143, 144, 145, 146, 149, 151, 152, 154, 180, 182, 183, 187, 191, 195, 211, 212, 213, 250, 251, 252, 254, 255, 257, 277], "summary": {"covered_lines": 66, "num_statements": 73, "percent_covered": 90.41095890410959, "percent_covered_display": "90", "missing_lines": 7, "excluded_lines": 0, "percent_statements_covered": 90.41095890410959, "percent_statements_covered_display": "90"}, "missing_lines": [72, 75, 76, 142, 184, 185, 192], "excluded_lines": [], "functions": {"_by_key": {"executed_lines": [55], "summary": {"covered_lines": 1, "num_statements": 1, "percent_covered": 100.0, "percent_covered_display": "100", "missing_lines": 0, "excluded_lines": 0, "percent_statements_covered": 100.0, "percent_statements_covered_display": "100"}, "missing_lines": [], "excluded_lines": [], "start_line": 53}, "_rendered_config_lines": {"executed_lines": [65, 66, 67, 68, 69, 70, 71, 73, 74, 77, 78, 79, 80], "summary": {"covered_lines": 13, "num_statements": 16, "percent_covered": 81.25, "percent_covered_display": "81", "missing_lines": 3, "excluded_lines": 0, "percent_statements_covered": 81.25, "percent_statements_covered_display": "81"}, "missing_lines": [72, 75, 76], "excluded_lines": [], "start_line": 58}, "_placeholderise": {"executed_lines": [91, 92, 93, 97, 98, 99, 100], "summary": {"covered_lines": 7, "num_statements": 7, "percent_covered": 100.0, "percent_covered_display": "100", "missing_lines": 0, "excluded_lines": 0, "percent_statements_covered": 100.0, "percent_statements_covered_display": "100"}, "missing_lines": [], "excluded_lines": [], "start_line": 83}, "_attachment_circuits": {"executed_lines": [116, 119, 120, 128], "summary": {"covered_lines": 4, "num_statements": 4, "percent_covered": 100.0, "percent_covered_display": "100", "missing_lines": 0, "excluded_lines": 0, "percent_statements_covered": 100.0, "percent_statements_covered_display": "100"}, "missing_lines": [], "excluded_lines": [], "start_line": 103}, "_evpn_block": {"executed_lines": [138, 139, 140, 141, 143, 144, 145, 146], "summary": {"covered_lines": 8, "num_statements": 9, "percent_covered": 88.88888888888889, "percent_covered_display": "89", "missing_lines": 1, "excluded_lines": 0, "percent_statements_covered": 88.88888888888889, "percent_statements_covered_display": "89"}, "missing_lines": [142], "excluded_lines": [], "start_line": 131}, "emit_dut_config": {"executed_lines": [151, 152, 154, 180, 182, 183, 187], "summary": {"covered_lines": 7, "num_statements": 9, "percent_covered": 77.77777777777777, "percent_covered_display": "78", "missing_lines": 2, "excluded_lines": 0, "percent_statements_covered": 77.77777777777777, "percent_statements_covered_display": "78"}, "missing_lines": [184, 185], "excluded_lines": [], "start_line": 149}, "_col": {"executed_lines": [], "summary": {"covered_lines": 0, "num_statements": 1, "percent_covered": 0.0, "percent_covered_display": "0", "missing_lines": 1, "excluded_lines": 0, "percent_statements_covered": 0.0, "percent_statements_covered_display": "0"}, "missing_lines": [192], "excluded_lines": [], "start_line": 191}, "emit_bringup_params": {"executed_lines": [211, 212, 213, 250, 251, 252, 254, 255, 257, 277], "summary": {"covered_lines": 10, "num_statements": 10, "percent_covered": 100.0, "percent_covered_display": "100", "missing_lines": 0, "excluded_lines": 0, "percent_statements_covered": 100.0, "percent_statements_covered_display": "100"}, "missing_lines": [], "excluded_lines": [], "start_line": 195}, "": {"executed_lines": [41, 43, 44, 45, 46, 48, 50, 51, 53, 58, 83, 103, 131, 149, 191, 195], "summary": {"covered_lines": 16, "num_statements": 16, "percent_covered": 100.0, "percent_covered_display": "100", "missing_lines": 0, "excluded_lines": 0, "percent_statements_covered": 100.0, "percent_statements_covered_display": "100"}, "missing_lines": [], "excluded_lines": [], "start_line": 1}}, "classes": {"": {"executed_lines": [41, 43, 44, 45, 46, 48, 50, 51, 53, 55, 58, 65, 66, 67, 68, 69, 70, 71, 73, 74, 77, 78, 79, 80, 83, 91, 92, 93, 97, 98, 99, 100, 103, 116, 119, 120, 128, 131, 138, 139, 140, 141, 143, 144, 145, 146, 149, 151, 152, 154, 180, 182, 183, 187, 191, 195, 211, 212, 213, 250, 251, 252, 254, 255, 257, 277], "summary": {"covered_lines": 66, "num_statements": 73, "percent_covered": 90.41095890410959, "percent_covered_display": "90", "missing_lines": 7, "excluded_lines": 0, "percent_statements_covered": 90.41095890410959, "percent_statements_covered_display": "90"}, "missing_lines": [72, 75, 76, 142, 184, 185, 192], "excluded_lines": [], "start_line": 1}}}, "ate/codegen/evpn_scripts.py": {"executed_lines": [26, 28, 29, 33, 34, 35, 38, 49, 53, 58, 66, 67, 68, 102, 103, 111, 149, 163, 172, 173, 174, 175, 332, 347, 349, 350, 409, 424, 432, 436, 437, 438, 448, 451, 453], "summary": {"covered_lines": 35, "num_statements": 36, "percent_covered": 97.22222222222223, "percent_covered_display": "97", "missing_lines": 1, "excluded_lines": 0, "percent_statements_covered": 97.22222222222223, "percent_statements_covered_display": "97"}, "missing_lines": [50], "excluded_lines": [], "functions": {"_advertised": {"executed_lines": [49, 53], "summary": {"covered_lines": 2, "num_statements": 3, "percent_covered": 66.66666666666667, "percent_covered_display": "67", "missing_lines": 1, "excluded_lines": 0, "percent_statements_covered": 66.66666666666667, "percent_statements_covered_display": "67"}, "missing_lines": [50], "excluded_lines": [], "start_line": 38}, "_bring_up": {"executed_lines": [66, 67, 68, 102, 103, 111, 149], "summary": {"covered_lines": 7, "num_statements": 7, "percent_covered": 100.0, "percent_covered_display": "100", "missing_lines": 0, "excluded_lines": 0, "percent_statements_covered": 100.0, "percent_statements_covered_display": "100"}, "missing_lines": [], "excluded_lines": [], "start_line": 58}, "_type2": {"executed_lines": [172, 173, 174, 175, 332], "summary": {"covered_lines": 5, "num_statements": 5, "percent_covered": 100.0, "percent_covered_display": "100", "missing_lines": 0, "excluded_lines": 0, "percent_statements_covered": 100.0, "percent_statements_covered_display": "100"}, "missing_lines": [], "excluded_lines": [], "start_line": 163}, "_type3": {"executed_lines": [349, 350, 409], "summary": {"covered_lines": 3, "num_statements": 3, "percent_covered": 100.0, "percent_covered_display": "100", "missing_lines": 0, "excluded_lines": 0, "percent_statements_covered": 100.0, "percent_statements_covered_display": "100"}, "missing_lines": [], "excluded_lines": [], "start_line": 347}, "_with_traffic_setup": {"executed_lines": [432, 436, 437, 438, 448], "summary": {"covered_lines": 5, "num_statements": 5, "percent_covered": 100.0, "percent_covered_display": "100", "missing_lines": 0, "excluded_lines": 0, "percent_statements_covered": 100.0, "percent_statements_covered_display": "100"}, "missing_lines": [], "excluded_lines": [], "start_line": 424}, "evpn_scripts": {"executed_lines": [453], "summary": {"covered_lines": 1, "num_statements": 1, "percent_covered": 100.0, "percent_covered_display": "100", "missing_lines": 0, "excluded_lines": 0, "percent_statements_covered": 100.0, "percent_statements_covered_display": "100"}, "missing_lines": [], "excluded_lines": [], "start_line": 451}, "": {"executed_lines": [26, 28, 29, 33, 34, 35, 38, 58, 163, 347, 424, 451], "summary": {"covered_lines": 12, "num_statements": 12, "percent_covered": 100.0, "percent_covered_display": "100", "missing_lines": 0, "excluded_lines": 0, "percent_statements_covered": 100.0, "percent_statements_covered_display": "100"}, "missing_lines": [], "excluded_lines": [], "start_line": 1}}, "classes": {"": {"executed_lines": [26, 28, 29, 33, 34, 35, 38, 49, 53, 58, 66, 67, 68, 102, 103, 111, 149, 163, 172, 173, 174, 175, 332, 347, 349, 350, 409, 424, 432, 436, 437, 438, 448, 451, 453], "summary": {"covered_lines": 35, "num_statements": 36, "percent_covered": 97.22222222222223, "percent_covered_display": "97", "missing_lines": 1, "excluded_lines": 0, "percent_statements_covered": 97.22222222222223, "percent_statements_covered_display": "97"}, "missing_lines": [50], "excluded_lines": [], "start_line": 1}}}, "ate/codegen/java_emitter.py": {"executed_lines": [23, 25, 27, 28, 29, 31, 32, 38, 39, 42, 43, 45, 46, 47, 53, 62, 63, 64, 65, 68, 70, 71, 74, 76, 77, 78, 79, 80, 81, 82, 84, 85, 86, 87, 90, 91, 92, 93, 94, 95, 96, 97, 98, 99, 104, 105, 126, 127, 128, 129, 131, 132, 134, 135, 136, 137, 138, 140, 189, 195, 203, 204, 205, 206, 207, 209, 232, 233, 236, 237, 239, 240, 243, 244, 245, 246, 247, 248, 249, 251, 253, 255, 256, 258, 259, 261, 263, 265, 266, 267, 268, 269, 270, 271, 272, 275, 276, 278, 289, 290, 291, 292, 294, 298, 300, 313, 319, 487, 507, 508, 509, 567, 568, 597, 603, 614, 615, 616, 617, 620, 622, 623, 624, 627, 628, 631, 632, 634, 635, 636, 637, 639, 640, 641, 642, 643, 644, 645, 647, 650, 654, 655, 657, 658, 660, 662, 665, 668, 669, 670, 671, 674, 675, 676, 677, 681, 682, 683, 684, 685, 690, 694, 718, 719, 720, 722, 723, 725, 726, 728, 730, 732, 733, 734, 735, 737, 743, 747, 748, 749, 750], "summary": {"covered_lines": 181, "num_statements": 186, "percent_covered": 97.31182795698925, "percent_covered_display": "97", "missing_lines": 5, "excluded_lines": 0, "percent_statements_covered": 97.31182795698925, "percent_statements_covered_display": "97"}, "missing_lines": [296, 297, 648, 651, 652], "excluded_lines": [], "functions": {"JavaFile.class_name": {"executed_lines": [47], "summary": {"covered_lines": 1, "num_statements": 1, "percent_covered": 100.0, "percent_covered_display": "100", "missing_lines": 0, "excluded_lines": 0, "percent_statements_covered": 100.0, "percent_statements_covered_display": "100"}, "missing_lines": [], "excluded_lines": [], "start_line": 46}, "_ascii": {"executed_lines": [63, 64, 65], "summary": {"covered_lines": 3, "num_statements": 3, "percent_covered": 100.0, "percent_covered_display": "100", "missing_lines": 0, "excluded_lines": 0, "percent_statements_covered": 100.0, "percent_statements_covered_display": "100"}, "missing_lines": [], "excluded_lines": [], "start_line": 62}, "_jstr": {"executed_lines": [70, 71], "summary": {"covered_lines": 2, "num_statements": 2, "percent_covered": 100.0, "percent_covered_display": "100", "missing_lines": 0, "excluded_lines": 0, "percent_statements_covered": 100.0, "percent_statements_covered_display": "100"}, "missing_lines": [], "excluded_lines": [], "start_line": 68}, "_wrap_javadoc": {"executed_lines": [76, 77, 78, 79, 80, 81, 82, 84, 85, 86, 87], "summary": {"covered_lines": 11, "num_statements": 11, "percent_covered": 100.0, "percent_covered_display": "100", "missing_lines": 0, "excluded_lines": 0, "percent_statements_covered": 100.0, "percent_statements_covered_display": "100"}, "missing_lines": [], "excluded_lines": [], "start_line": 74}, "_header": {"executed_lines": [91, 92, 93, 94, 95, 96, 97, 98, 99], "summary": {"covered_lines": 9, "num_statements": 9, "percent_covered": 100.0, "percent_covered_display": "100", "missing_lines": 0, "excluded_lines": 0, "percent_statements_covered": 100.0, "percent_statements_covered_display": "100"}, "missing_lines": [], "excluded_lines": [], "start_line": 90}, "emit_commands": {"executed_lines": [105, 126, 127, 128, 129, 131, 132, 134, 135, 136, 137, 138, 140, 189], "summary": {"covered_lines": 14, "num_statements": 14, "percent_covered": 100.0, "percent_covered_display": "100", "missing_lines": 0, "excluded_lines": 0, "percent_statements_covered": 100.0, "percent_statements_covered_display": "100"}, "missing_lines": [], "excluded_lines": [], "start_line": 104}, "emit_params": {"executed_lines": [203, 204, 205, 206, 207, 209, 232, 233, 236, 237, 239, 240, 243, 244, 245, 246, 247, 248, 249, 251, 253, 255, 256, 258, 259, 261, 263, 265, 266, 267, 268, 269, 270, 271, 272, 275, 276, 278, 289, 290, 291, 292, 294, 298, 300, 313], "summary": {"covered_lines": 46, "num_statements": 48, "percent_covered": 95.83333333333333, "percent_covered_display": "96", "missing_lines": 2, "excluded_lines": 0, "percent_statements_covered": 95.83333333333333, "percent_statements_covered_display": "96"}, "missing_lines": [296, 297], "excluded_lines": [], "start_line": 195}, "_ac_binding_java": {"executed_lines": [507, 508, 509], "summary": {"covered_lines": 3, "num_statements": 3, "percent_covered": 100.0, "percent_covered_display": "100", "missing_lines": 0, "excluded_lines": 0, "percent_statements_covered": 100.0, "percent_statements_covered_display": "100"}, "missing_lines": [], "excluded_lines": [], "start_line": 487}, "emit_utils": {"executed_lines": [568, 597], "summary": {"covered_lines": 2, "num_statements": 2, "percent_covered": 100.0, "percent_covered_display": "100", "missing_lines": 0, "excluded_lines": 0, "percent_statements_covered": 100.0, "percent_statements_covered_display": "100"}, "missing_lines": [], "excluded_lines": [], "start_line": 567}, "_arg_expr": {"executed_lines": [614, 615, 616, 617], "summary": {"covered_lines": 4, "num_statements": 4, "percent_covered": 100.0, "percent_covered_display": "100", "missing_lines": 0, "excluded_lines": 0, "percent_statements_covered": 100.0, "percent_statements_covered_display": "100"}, "missing_lines": [], "excluded_lines": [], "start_line": 603}, "_render_step": {"executed_lines": [622, 623, 624, 627, 628, 631, 632, 634, 635, 636, 637, 639, 640, 641, 642, 643, 644, 645, 647, 650, 654, 655, 657, 658, 660, 662, 665, 668, 669, 670, 671], "summary": {"covered_lines": 31, "num_statements": 34, "percent_covered": 91.17647058823529, "percent_covered_display": "91", "missing_lines": 3, "excluded_lines": 0, "percent_statements_covered": 91.17647058823529, "percent_statements_covered_display": "91"}, "missing_lines": [648, 651, 652], "excluded_lines": [], "start_line": 620}, "emit_test": {"executed_lines": [675, 676, 677, 681, 682, 683, 684, 685, 690, 694, 718, 719, 720, 722, 723, 725, 726, 728, 730, 732, 733, 734, 735, 737, 743], "summary": {"covered_lines": 25, "num_statements": 25, "percent_covered": 100.0, "percent_covered_display": "100", "missing_lines": 0, "excluded_lines": 0, "percent_statements_covered": 100.0, "percent_statements_covered_display": "100"}, "missing_lines": [], "excluded_lines": [], "start_line": 674}, "emit_all": {"executed_lines": [748, 749, 750], "summary": {"covered_lines": 3, "num_statements": 3, "percent_covered": 100.0, "percent_covered_display": "100", "missing_lines": 0, "excluded_lines": 0, "percent_statements_covered": 100.0, "percent_statements_covered_display": "100"}, "missing_lines": [], "excluded_lines": [], "start_line": 747}, "": {"executed_lines": [23, 25, 27, 28, 29, 31, 32, 38, 39, 42, 43, 45, 46, 53, 62, 68, 74, 90, 104, 195, 319, 487, 567, 603, 620, 674, 747], "summary": {"covered_lines": 27, "num_statements": 27, "percent_covered": 100.0, "percent_covered_display": "100", "missing_lines": 0, "excluded_lines": 0, "percent_statements_covered": 100.0, "percent_statements_covered_display": "100"}, "missing_lines": [], "excluded_lines": [], "start_line": 1}}, "classes": {"JavaFile": {"executed_lines": [47], "summary": {"covered_lines": 1, "num_statements": 1, "percent_covered": 100.0, "percent_covered_display": "100", "missing_lines": 0, "excluded_lines": 0, "percent_statements_covered": 100.0, "percent_statements_covered_display": "100"}, "missing_lines": [], "excluded_lines": [], "start_line": 39}, "": {"executed_lines": [23, 25, 27, 28, 29, 31, 32, 38, 39, 42, 43, 45, 46, 53, 62, 63, 64, 65, 68, 70, 71, 74, 76, 77, 78, 79, 80, 81, 82, 84, 85, 86, 87, 90, 91, 92, 93, 94, 95, 96, 97, 98, 99, 104, 105, 126, 127, 128, 129, 131, 132, 134, 135, 136, 137, 138, 140, 189, 195, 203, 204, 205, 206, 207, 209, 232, 233, 236, 237, 239, 240, 243, 244, 245, 246, 247, 248, 249, 251, 253, 255, 256, 258, 259, 261, 263, 265, 266, 267, 268, 269, 270, 271, 272, 275, 276, 278, 289, 290, 291, 292, 294, 298, 300, 313, 319, 487, 507, 508, 509, 567, 568, 597, 603, 614, 615, 616, 617, 620, 622, 623, 624, 627, 628, 631, 632, 634, 635, 636, 637, 639, 640, 641, 642, 643, 644, 645, 647, 650, 654, 655, 657, 658, 660, 662, 665, 668, 669, 670, 671, 674, 675, 676, 677, 681, 682, 683, 684, 685, 690, 694, 718, 719, 720, 722, 723, 725, 726, 728, 730, 732, 733, 734, 735, 737, 743, 747, 748, 749, 750], "summary": {"covered_lines": 180, "num_statements": 185, "percent_covered": 97.29729729729729, "percent_covered_display": "97", "missing_lines": 5, "excluded_lines": 0, "percent_statements_covered": 97.29729729729729, "percent_statements_covered_display": "97"}, "missing_lines": [296, 297, 648, 651, 652], "excluded_lines": [], "start_line": 1}}}, "ate/codegen/lab.py": {"executed_lines": [28, 30, 31, 34, 35, 38, 39, 40, 54, 56, 57, 59, 62, 63, 79, 80, 81, 82, 85, 106, 107, 110, 111, 112, 113, 114, 115, 116, 117, 118, 119, 120, 126, 134, 137, 138, 139, 141, 142, 143, 145, 146, 149, 150, 151, 152, 155, 162, 163, 164, 166, 170, 172, 175], "summary": {"covered_lines": 54, "num_statements": 60, "percent_covered": 90.0, "percent_covered_display": "90", "missing_lines": 6, "excluded_lines": 0, "percent_statements_covered": 90.0, "percent_statements_covered_display": "90"}, "missing_lines": [147, 153, 156, 157, 158, 159], "excluded_lines": [], "functions": {"AccessCircuit.ac_interface": {"executed_lines": [59], "summary": {"covered_lines": 1, "num_statements": 1, "percent_covered": 100.0, "percent_covered_display": "100", "missing_lines": 0, "excluded_lines": 0, "percent_statements_covered": 100.0, "percent_statements_covered_display": "100"}, "missing_lines": [], "excluded_lines": [], "start_line": 57}, "LabProfile.asserts_advertisement_via_peer": {"executed_lines": [], "summary": {"covered_lines": 0, "num_statements": 1, "percent_covered": 0.0, "percent_covered_display": "0", "missing_lines": 1, "excluded_lines": 0, "percent_statements_covered": 0.0, "percent_statements_covered_display": "0"}, "missing_lines": [147], "excluded_lines": [], "start_line": 146}, "LabProfile.ac": {"executed_lines": [150, 151, 152], "summary": {"covered_lines": 3, "num_statements": 4, "percent_covered": 75.0, "percent_covered_display": "75", "missing_lines": 1, "excluded_lines": 0, "percent_statements_covered": 75.0, "percent_statements_covered_display": "75"}, "missing_lines": [153], "excluded_lines": [], "start_line": 149}, "LabProfile.traffic_item": {"executed_lines": [], "summary": {"covered_lines": 0, "num_statements": 4, "percent_covered": 0.0, "percent_covered_display": "0", "missing_lines": 4, "excluded_lines": 0, "percent_statements_covered": 0.0, "percent_statements_covered_display": "0"}, "missing_lines": [156, 157, 158, 159], "excluded_lines": [], "start_line": 155}, "": {"executed_lines": [28, 30, 31, 34, 35, 38, 39, 40, 54, 56, 57, 62, 63, 79, 80, 81, 82, 85, 106, 107, 110, 111, 112, 113, 114, 115, 116, 117, 118, 119, 120, 126, 134, 137, 138, 139, 141, 142, 143, 145, 146, 149, 155, 162, 163, 164, 166, 170, 172, 175], "summary": {"covered_lines": 50, "num_statements": 50, "percent_covered": 100.0, "percent_covered_display": "100", "missing_lines": 0, "excluded_lines": 0, "percent_statements_covered": 100.0, "percent_statements_covered_display": "100"}, "missing_lines": [], "excluded_lines": [], "start_line": 1}}, "classes": {"AccessCircuit": {"executed_lines": [59], "summary": {"covered_lines": 1, "num_statements": 1, "percent_covered": 100.0, "percent_covered_display": "100", "missing_lines": 0, "excluded_lines": 0, "percent_statements_covered": 100.0, "percent_statements_covered_display": "100"}, "missing_lines": [], "excluded_lines": [], "start_line": 35}, "TrafficItem": {"executed_lines": [], "summary": {"covered_lines": 0, "num_statements": 0, "percent_covered": 100.0, "percent_covered_display": "100", "missing_lines": 0, "excluded_lines": 0, "percent_statements_covered": 100.0, "percent_statements_covered_display": "100"}, "missing_lines": [], "excluded_lines": [], "start_line": 63}, "PeerSource": {"executed_lines": [], "summary": {"covered_lines": 0, "num_statements": 0, "percent_covered": 100.0, "percent_covered_display": "100", "missing_lines": 0, "excluded_lines": 0, "percent_statements_covered": 100.0, "percent_statements_covered_display": "100"}, "missing_lines": [], "excluded_lines": [], "start_line": 85}, "LabProfile": {"executed_lines": [150, 151, 152], "summary": {"covered_lines": 3, "num_statements": 9, "percent_covered": 33.333333333333336, "percent_covered_display": "33", "missing_lines": 6, "excluded_lines": 0, "percent_statements_covered": 33.333333333333336, "percent_statements_covered_display": "33"}, "missing_lines": [147, 153, 156, 157, 158, 159], "excluded_lines": [], "start_line": 111}, "": {"executed_lines": [28, 30, 31, 34, 35, 38, 39, 40, 54, 56, 57, 62, 63, 79, 80, 81, 82, 85, 106, 107, 110, 111, 112, 113, 114, 115, 116, 117, 118, 119, 120, 126, 134, 137, 138, 139, 141, 142, 143, 145, 146, 149, 155, 162, 163, 164, 166, 170, 172, 175], "summary": {"covered_lines": 50, "num_statements": 50, "percent_covered": 100.0, "percent_covered_display": "100", "missing_lines": 0, "excluded_lines": 0, "percent_statements_covered": 100.0, "percent_statements_covered_display": "100"}, "missing_lines": [], "excluded_lines": [], "start_line": 1}}}, "ate/codegen/patterns.py": {"executed_lines": [27, 29, 30, 32, 37, 40, 50, 57, 58, 59, 60, 61, 63, 64, 67, 202, 203, 206, 207, 208, 209, 211, 213, 214, 215, 218, 219, 220, 222, 223, 226, 228, 229, 230, 232, 233, 234, 236, 237, 241, 243, 250, 254, 256, 259, 262, 263, 264, 267, 268, 269, 271, 272, 273, 274, 275, 285, 286, 287, 288, 289, 294, 302, 303, 304, 305, 306, 307, 310], "summary": {"covered_lines": 69, "num_statements": 87, "percent_covered": 79.3103448275862, "percent_covered_display": "79", "missing_lines": 18, "excluded_lines": 0, "percent_statements_covered": 79.3103448275862, "percent_statements_covered_display": "79"}, "missing_lines": [244, 245, 246, 247, 248, 251, 265, 266, 291, 315, 317, 319, 320, 321, 322, 323, 324, 325], "excluded_lines": [], "functions": {"Rule.matches": {"executed_lines": [64], "summary": {"covered_lines": 1, "num_statements": 1, "percent_covered": 100.0, "percent_covered_display": "100", "missing_lines": 0, "excluded_lines": 0, "percent_statements_covered": 100.0, "percent_statements_covered_display": "100"}, "missing_lines": [], "excluded_lines": [], "start_line": 63}, "MatchResult.matched": {"executed_lines": [215], "summary": {"covered_lines": 1, "num_statements": 1, "percent_covered": 100.0, "percent_covered_display": "100", "missing_lines": 0, "excluded_lines": 0, "percent_statements_covered": 100.0, "percent_statements_covered_display": "100"}, "missing_lines": [], "excluded_lines": [], "start_line": 214}, "MatchReport.total": {"executed_lines": [226], "summary": {"covered_lines": 1, "num_statements": 1, "percent_covered": 100.0, "percent_covered_display": "100", "missing_lines": 0, "excluded_lines": 0, "percent_statements_covered": 100.0, "percent_statements_covered_display": "100"}, "missing_lines": [], "excluded_lines": [], "start_line": 223}, "MatchReport.skipped": {"executed_lines": [230], "summary": {"covered_lines": 1, "num_statements": 1, "percent_covered": 100.0, "percent_covered_display": "100", "missing_lines": 0, "excluded_lines": 0, "percent_statements_covered": 100.0, "percent_statements_covered_display": "100"}, "missing_lines": [], "excluded_lines": [], "start_line": 229}, "MatchReport.matched": {"executed_lines": [234], "summary": {"covered_lines": 1, "num_statements": 1, "percent_covered": 100.0, "percent_covered_display": "100", "missing_lines": 0, "excluded_lines": 0, "percent_statements_covered": 100.0, "percent_statements_covered_display": "100"}, "missing_lines": [], "excluded_lines": [], "start_line": 233}, "MatchReport.recall": {"executed_lines": [241], "summary": {"covered_lines": 1, "num_statements": 1, "percent_covered": 100.0, "percent_covered_display": "100", "missing_lines": 0, "excluded_lines": 0, "percent_statements_covered": 100.0, "percent_statements_covered_display": "100"}, "missing_lines": [], "excluded_lines": [], "start_line": 237}, "MatchReport.by_kind": {"executed_lines": [], "summary": {"covered_lines": 0, "num_statements": 5, "percent_covered": 0.0, "percent_covered_display": "0", "missing_lines": 5, "excluded_lines": 0, "percent_statements_covered": 0.0, "percent_statements_covered_display": "0"}, "missing_lines": [244, 245, 246, 247, 248], "excluded_lines": [], "start_line": 243}, "MatchReport.unmatched": {"executed_lines": [], "summary": {"covered_lines": 0, "num_statements": 1, "percent_covered": 0.0, "percent_covered_display": "0", "missing_lines": 1, "excluded_lines": 0, "percent_statements_covered": 0.0, "percent_statements_covered_display": "0"}, "missing_lines": [251], "excluded_lines": [], "start_line": 250}, "commands_in": {"executed_lines": [256], "summary": {"covered_lines": 1, "num_statements": 1, "percent_covered": 100.0, "percent_covered_display": "100", "missing_lines": 0, "excluded_lines": 0, "percent_statements_covered": 100.0, "percent_statements_covered_display": "100"}, "missing_lines": [], "excluded_lines": [], "start_line": 254}, "match_text": {"executed_lines": [262, 263, 264, 267, 268, 269, 271, 272, 273, 274, 275, 285, 286, 287, 288, 289], "summary": {"covered_lines": 16, "num_statements": 19, "percent_covered": 84.21052631578948, "percent_covered_display": "84", "missing_lines": 3, "excluded_lines": 0, "percent_statements_covered": 84.21052631578948, "percent_statements_covered_display": "84"}, "missing_lines": [265, 266, 291], "excluded_lines": [], "start_line": 259}, "match_plan": {"executed_lines": [302, 303, 304, 305, 306, 307], "summary": {"covered_lines": 6, "num_statements": 6, "percent_covered": 100.0, "percent_covered_display": "100", "missing_lines": 0, "excluded_lines": 0, "percent_statements_covered": 100.0, "percent_statements_covered_display": "100"}, "missing_lines": [], "excluded_lines": [], "start_line": 294}, "rows_from_plan": {"executed_lines": [], "summary": {"covered_lines": 0, "num_statements": 9, "percent_covered": 0.0, "percent_covered_display": "0", "missing_lines": 9, "excluded_lines": 0, "percent_statements_covered": 0.0, "percent_statements_covered_display": "0"}, "missing_lines": [315, 317, 319, 320, 321, 322, 323, 324, 325], "excluded_lines": [], "start_line": 310}, "": {"executed_lines": [27, 29, 30, 32, 37, 40, 50, 57, 58, 59, 60, 61, 63, 67, 202, 203, 206, 207, 208, 209, 211, 213, 214, 218, 219, 220, 222, 223, 228, 229, 232, 233, 236, 237, 243, 250, 254, 259, 294, 310], "summary": {"covered_lines": 40, "num_statements": 40, "percent_covered": 100.0, "percent_covered_display": "100", "missing_lines": 0, "excluded_lines": 0, "percent_statements_covered": 100.0, "percent_statements_covered_display": "100"}, "missing_lines": [], "excluded_lines": [], "start_line": 1}}, "classes": {"Rule": {"executed_lines": [64], "summary": {"covered_lines": 1, "num_statements": 1, "percent_covered": 100.0, "percent_covered_display": "100", "missing_lines": 0, "excluded_lines": 0, "percent_statements_covered": 100.0, "percent_statements_covered_display": "100"}, "missing_lines": [], "excluded_lines": [], "start_line": 58}, "MatchResult": {"executed_lines": [215], "summary": {"covered_lines": 1, "num_statements": 1, "percent_covered": 100.0, "percent_covered_display": "100", "missing_lines": 0, "excluded_lines": 0, "percent_statements_covered": 100.0, "percent_statements_covered_display": "100"}, "missing_lines": [], "excluded_lines": [], "start_line": 203}, "MatchReport": {"executed_lines": [226, 230, 234, 241], "summary": {"covered_lines": 4, "num_statements": 10, "percent_covered": 40.0, "percent_covered_display": "40", "missing_lines": 6, "excluded_lines": 0, "percent_statements_covered": 40.0, "percent_statements_covered_display": "40"}, "missing_lines": [244, 245, 246, 247, 248, 251], "excluded_lines": [], "start_line": 219}, "": {"executed_lines": [27, 29, 30, 32, 37, 40, 50, 57, 58, 59, 60, 61, 63, 67, 202, 203, 206, 207, 208, 209, 211, 213, 214, 218, 219, 220, 222, 223, 228, 229, 232, 233, 236, 237, 243, 250, 254, 256, 259, 262, 263, 264, 267, 268, 269, 271, 272, 273, 274, 275, 285, 286, 287, 288, 289, 294, 302, 303, 304, 305, 306, 307, 310], "summary": {"covered_lines": 63, "num_statements": 75, "percent_covered": 84.0, "percent_covered_display": "84", "missing_lines": 12, "excluded_lines": 0, "percent_statements_covered": 84.0, "percent_statements_covered_display": "84"}, "missing_lines": [265, 266, 291, 315, 317, 319, 320, 321, 322, 323, 324, 325], "excluded_lines": [], "start_line": 1}}}, "ate/codegen/plan_scripts.py": {"executed_lines": [31, 33, 34, 36, 37, 38, 39, 41, 44, 48, 53, 58, 60, 65, 67, 69, 72, 75, 90, 91, 92, 93, 94, 95, 96, 97, 98, 99, 100, 103, 104, 107, 133, 138, 146, 147, 148, 149, 150, 151, 152, 153, 154, 155, 156, 159, 160, 161, 164, 172, 174, 175, 176, 177, 178, 179, 182, 187, 196, 198, 199, 200, 201, 202, 203, 204, 205, 206, 207, 208, 209, 211, 212, 213, 214, 215, 216, 219, 269, 271, 272, 275, 277, 282, 283, 288, 291, 293, 294, 295, 299, 304, 312, 313, 314, 316, 319, 323], "summary": {"covered_lines": 98, "num_statements": 168, "percent_covered": 58.333333333333336, "percent_covered_display": "58", "missing_lines": 70, "excluded_lines": 0, "percent_statements_covered": 58.333333333333336, "percent_statements_covered_display": "58"}, "missing_lines": [68, 115, 116, 117, 118, 119, 120, 121, 122, 123, 124, 125, 126, 127, 128, 129, 130, 134, 135, 173, 183, 184, 232, 233, 234, 239, 240, 241, 242, 243, 244, 245, 246, 247, 248, 249, 250, 251, 252, 253, 254, 256, 257, 266, 273, 278, 284, 305, 315, 317, 332, 333, 334, 335, 336, 339, 340, 341, 342, 343, 344, 345, 346, 347, 348, 349, 350, 351, 352, 366], "excluded_lines": [], "functions": {"_template_regex": {"executed_lines": [67, 69, 72], "summary": {"covered_lines": 3, "num_statements": 4, "percent_covered": 75.0, "percent_covered_display": "75", "missing_lines": 1, "excluded_lines": 0, "percent_statements_covered": 75.0, "percent_statements_covered_display": "75"}, "missing_lines": [68], "excluded_lines": [], "start_line": 65}, "_tail_templates": {"executed_lines": [90, 91, 92, 93, 94, 95, 96, 97, 98, 99, 100], "summary": {"covered_lines": 11, "num_statements": 11, "percent_covered": 100.0, "percent_covered_display": "100", "missing_lines": 0, "excluded_lines": 0, "percent_statements_covered": 100.0, "percent_statements_covered_display": "100"}, "missing_lines": [], "excluded_lines": [], "start_line": 75}, "_prefixes": {"executed_lines": [], "summary": {"covered_lines": 0, "num_statements": 16, "percent_covered": 0.0, "percent_covered_display": "0", "missing_lines": 16, "excluded_lines": 0, "percent_statements_covered": 0.0, "percent_statements_covered_display": "0"}, "missing_lines": [115, 116, 117, 118, 119, 120, 121, 122, 123, 124, 125, 126, 127, 128, 129, 130], "excluded_lines": [], "start_line": 107}, "_is_mode_prefix": {"executed_lines": [], "summary": {"covered_lines": 0, "num_statements": 2, "percent_covered": 0.0, "percent_covered_display": "0", "missing_lines": 2, "excluded_lines": 0, "percent_statements_covered": 0.0, "percent_statements_covered_display": "0"}, "missing_lines": [134, 135], "excluded_lines": [], "start_line": 133}, "_templates": {"executed_lines": [146, 147, 148, 149, 150, 151, 152, 153, 154, 155, 156, 159, 160, 161], "summary": {"covered_lines": 14, "num_statements": 14, "percent_covered": 100.0, "percent_covered_display": "100", "missing_lines": 0, "excluded_lines": 0, "percent_statements_covered": 100.0, "percent_statements_covered_display": "100"}, "missing_lines": [], "excluded_lines": [], "start_line": 138}, "resolve_command": {"executed_lines": [172, 174, 175, 176, 177, 178, 179], "summary": {"covered_lines": 7, "num_statements": 8, "percent_covered": 87.5, "percent_covered_display": "88", "missing_lines": 1, "excluded_lines": 0, "percent_statements_covered": 87.5, "percent_statements_covered_display": "88"}, "missing_lines": [173], "excluded_lines": [], "start_line": 164}, "_camel": {"executed_lines": [], "summary": {"covered_lines": 0, "num_statements": 2, "percent_covered": 0.0, "percent_covered_display": "0", "missing_lines": 2, "excluded_lines": 0, "percent_statements_covered": 0.0, "percent_statements_covered_display": "0"}, "missing_lines": [183, 184], "excluded_lines": [], "start_line": 182}, "flow_rows_from_xlsx": {"executed_lines": [196, 198, 199, 200, 201, 202, 203, 204, 205, 206, 207, 208, 209, 211, 212, 213, 214, 215, 216], "summary": {"covered_lines": 19, "num_statements": 19, "percent_covered": 100.0, "percent_covered_display": "100", "missing_lines": 0, "excluded_lines": 0, "percent_statements_covered": 100.0, "percent_statements_covered_display": "100"}, "missing_lines": [], "excluded_lines": [], "start_line": 187}, "_grounded_steps": {"executed_lines": [], "summary": {"covered_lines": 0, "num_statements": 22, "percent_covered": 0.0, "percent_covered_display": "0", "missing_lines": 22, "excluded_lines": 0, "percent_statements_covered": 0.0, "percent_statements_covered_display": "0"}, "missing_lines": [232, 233, 234, 239, 240, 241, 242, 243, 244, 245, 246, 247, 248, 249, 250, 251, 252, 253, 254, 256, 257, 266], "excluded_lines": [], "start_line": 219}, "_step_for": {"executed_lines": [271, 272, 275, 277, 282, 283, 288, 291, 293, 294, 295, 299, 304, 312, 313, 314, 316, 319], "summary": {"covered_lines": 18, "num_statements": 24, "percent_covered": 75.0, "percent_covered_display": "75", "missing_lines": 6, "excluded_lines": 0, "percent_statements_covered": 75.0, "percent_statements_covered_display": "75"}, "missing_lines": [273, 278, 284, 305, 315, 317], "excluded_lines": [], "start_line": 269}, "scripts_from_plan": {"executed_lines": [], "summary": {"covered_lines": 0, "num_statements": 20, "percent_covered": 0.0, "percent_covered_display": "0", "missing_lines": 20, "excluded_lines": 0, "percent_statements_covered": 0.0, "percent_statements_covered_display": "0"}, "missing_lines": [332, 333, 334, 335, 336, 339, 340, 341, 342, 343, 344, 345, 346, 347, 348, 349, 350, 351, 352, 366], "excluded_lines": [], "start_line": 323}, "": {"executed_lines": [31, 33, 34, 36, 37, 38, 39, 41, 44, 48, 53, 58, 60, 65, 75, 103, 104, 107, 133, 138, 164, 182, 187, 219, 269, 323], "summary": {"covered_lines": 26, "num_statements": 26, "percent_covered": 100.0, "percent_covered_display": "100", "missing_lines": 0, "excluded_lines": 0, "percent_statements_covered": 100.0, "percent_statements_covered_display": "100"}, "missing_lines": [], "excluded_lines": [], "start_line": 1}}, "classes": {"": {"executed_lines": [31, 33, 34, 36, 37, 38, 39, 41, 44, 48, 53, 58, 60, 65, 67, 69, 72, 75, 90, 91, 92, 93, 94, 95, 96, 97, 98, 99, 100, 103, 104, 107, 133, 138, 146, 147, 148, 149, 150, 151, 152, 153, 154, 155, 156, 159, 160, 161, 164, 172, 174, 175, 176, 177, 178, 179, 182, 187, 196, 198, 199, 200, 201, 202, 203, 204, 205, 206, 207, 208, 209, 211, 212, 213, 214, 215, 216, 219, 269, 271, 272, 275, 277, 282, 283, 288, 291, 293, 294, 295, 299, 304, 312, 313, 314, 316, 319, 323], "summary": {"covered_lines": 98, "num_statements": 168, "percent_covered": 58.333333333333336, "percent_covered_display": "58", "missing_lines": 70, "excluded_lines": 0, "percent_statements_covered": 58.333333333333336, "percent_statements_covered_display": "58"}, "missing_lines": [68, 115, 116, 117, 118, 119, 120, 121, 122, 123, 124, 125, 126, 127, 128, 129, 130, 134, 135, 173, 183, 184, 232, 233, 234, 239, 240, 241, 242, 243, 244, 245, 246, 247, 248, 249, 250, 251, 252, 253, 254, 256, 257, 266, 273, 278, 284, 305, 315, 317, 332, 333, 334, 335, 336, 339, 340, 341, 342, 343, 344, 345, 346, 347, 348, 349, 350, 351, 352, 366], "excluded_lines": [], "start_line": 1}}}, "ate/codegen/queue.py": {"executed_lines": [30, 32, 33, 34, 35, 36, 38, 40, 41, 44, 45, 46, 47, 48, 49, 53, 55, 58, 67, 68, 69, 70, 71, 72, 75, 94, 104, 105, 113, 114, 115, 116, 119, 120, 122, 123, 132, 133, 134, 144, 145, 146, 147, 150, 151, 152, 153, 154, 155, 156, 158, 160, 161, 162, 166, 168, 171, 179, 183, 185, 186, 187, 188, 189, 190, 193, 194, 196, 197, 201, 202, 203, 204, 206, 207, 209, 211, 214, 216, 219, 220, 221, 222, 225, 226, 228, 229, 230, 231, 232, 233, 234, 235, 237, 238, 241, 242, 243, 244, 246, 247, 249, 252, 253, 254, 255, 258, 259, 260, 263], "summary": {"covered_lines": 110, "num_statements": 137, "percent_covered": 80.2919708029197, "percent_covered_display": "80", "missing_lines": 27, "excluded_lines": 0, "percent_statements_covered": 80.2919708029197, "percent_statements_covered_display": "80"}, "missing_lines": [83, 84, 85, 86, 87, 88, 89, 90, 91, 96, 97, 98, 99, 100, 101, 198, 199, 212, 223, 224, 245, 256, 257, 264, 265, 266, 267], "excluded_lines": [], "functions": {"fingerprint": {"executed_lines": [67, 68, 69, 70, 71, 72], "summary": {"covered_lines": 6, "num_statements": 6, "percent_covered": 100.0, "percent_covered_display": "100", "missing_lines": 0, "excluded_lines": 0, "percent_statements_covered": 100.0, "percent_statements_covered_display": "100"}, "missing_lines": [], "excluded_lines": [], "start_line": 58}, "digest_sources": {"executed_lines": [], "summary": {"covered_lines": 0, "num_statements": 9, "percent_covered": 0.0, "percent_covered_display": "0", "missing_lines": 9, "excluded_lines": 0, "percent_statements_covered": 0.0, "percent_statements_covered_display": "0"}, "missing_lines": [83, 84, 85, 86, 87, 88, 89, 90, 91], "excluded_lines": [], "start_line": 75}, "digest_sources_full": {"executed_lines": [], "summary": {"covered_lines": 0, "num_statements": 6, "percent_covered": 0.0, "percent_covered_display": "0", "missing_lines": 6, "excluded_lines": 0, "percent_statements_covered": 0.0, "percent_statements_covered_display": "0"}, "missing_lines": [96, 97, 98, 99, 100, 101], "excluded_lines": [], "start_line": 94}, "Entry.to_json": {"executed_lines": [123], "summary": {"covered_lines": 1, "num_statements": 1, "percent_covered": 100.0, "percent_covered_display": "100", "missing_lines": 0, "excluded_lines": 0, "percent_statements_covered": 100.0, "percent_statements_covered_display": "100"}, "missing_lines": [], "excluded_lines": [], "start_line": 122}, "Entry.from_json": {"executed_lines": [134], "summary": {"covered_lines": 1, "num_statements": 1, "percent_covered": 100.0, "percent_covered_display": "100", "missing_lines": 0, "excluded_lines": 0, "percent_statements_covered": 100.0, "percent_statements_covered_display": "100"}, "missing_lines": [], "excluded_lines": [], "start_line": 133}, "Queue.load": {"executed_lines": [152, 153, 154, 155, 156, 158], "summary": {"covered_lines": 6, "num_statements": 6, "percent_covered": 100.0, "percent_covered_display": "100", "missing_lines": 0, "excluded_lines": 0, "percent_statements_covered": 100.0, "percent_statements_covered_display": "100"}, "missing_lines": [], "excluded_lines": [], "start_line": 151}, "Queue.save": {"executed_lines": [161, 162, 166, 168], "summary": {"covered_lines": 4, "num_statements": 4, "percent_covered": 100.0, "percent_covered_display": "100", "missing_lines": 0, "excluded_lines": 0, "percent_statements_covered": 100.0, "percent_statements_covered_display": "100"}, "missing_lines": [], "excluded_lines": [], "start_line": 160}, "Queue.refresh": {"executed_lines": [179, 183, 185, 186, 187, 188, 189, 190, 193, 194, 196, 197, 201, 202, 203, 204, 206, 207, 209, 211, 214], "summary": {"covered_lines": 21, "num_statements": 24, "percent_covered": 87.5, "percent_covered_display": "88", "missing_lines": 3, "excluded_lines": 0, "percent_statements_covered": 87.5, "percent_statements_covered_display": "88"}, "missing_lines": [198, 199, 212], "excluded_lines": [], "start_line": 171}, "Queue.select": {"executed_lines": [219, 220, 221, 222, 225, 226], "summary": {"covered_lines": 6, "num_statements": 8, "percent_covered": 75.0, "percent_covered_display": "75", "missing_lines": 2, "excluded_lines": 0, "percent_statements_covered": 75.0, "percent_statements_covered_display": "75"}, "missing_lines": [223, 224], "excluded_lines": [], "start_line": 216}, "Queue.select_all": {"executed_lines": [229, 230, 231, 232, 233, 234, 235], "summary": {"covered_lines": 7, "num_statements": 7, "percent_covered": 100.0, "percent_covered_display": "100", "missing_lines": 0, "excluded_lines": 0, "percent_statements_covered": 100.0, "percent_statements_covered_display": "100"}, "missing_lines": [], "excluded_lines": [], "start_line": 228}, "Queue.selected_ids": {"executed_lines": [238], "summary": {"covered_lines": 1, "num_statements": 1, "percent_covered": 100.0, "percent_covered_display": "100", "missing_lines": 0, "excluded_lines": 0, "percent_statements_covered": 100.0, "percent_statements_covered_display": "100"}, "missing_lines": [], "excluded_lines": [], "start_line": 237}, "Queue.mark_generated": {"executed_lines": [242, 243, 244, 246, 247], "summary": {"covered_lines": 5, "num_statements": 6, "percent_covered": 83.33333333333333, "percent_covered_display": "83", "missing_lines": 1, "excluded_lines": 0, "percent_statements_covered": 83.33333333333333, "percent_statements_covered_display": "83"}, "missing_lines": [245], "excluded_lines": [], "start_line": 241}, "Queue.approve": {"executed_lines": [252, 253, 254, 255, 258, 259, 260], "summary": {"covered_lines": 7, "num_statements": 9, "percent_covered": 77.77777777777777, "percent_covered_display": "78", "missing_lines": 2, "excluded_lines": 0, "percent_statements_covered": 77.77777777777777, "percent_statements_covered_display": "78"}, "missing_lines": [256, 257], "excluded_lines": [], "start_line": 249}, "Queue.summary": {"executed_lines": [], "summary": {"covered_lines": 0, "num_statements": 4, "percent_covered": 0.0, "percent_covered_display": "0", "missing_lines": 4, "excluded_lines": 0, "percent_statements_covered": 0.0, "percent_statements_covered_display": "0"}, "missing_lines": [264, 265, 266, 267], "excluded_lines": [], "start_line": 263}, "": {"executed_lines": [30, 32, 33, 34, 35, 36, 38, 40, 41, 44, 45, 46, 47, 48, 49, 53, 55, 58, 75, 94, 104, 105, 113, 114, 115, 116, 119, 120, 122, 132, 133, 144, 145, 146, 147, 150, 151, 160, 171, 216, 228, 237, 241, 249, 263], "summary": {"covered_lines": 45, "num_statements": 45, "percent_covered": 100.0, "percent_covered_display": "100", "missing_lines": 0, "excluded_lines": 0, "percent_statements_covered": 100.0, "percent_statements_covered_display": "100"}, "missing_lines": [], "excluded_lines": [], "start_line": 1}}, "classes": {"State": {"executed_lines": [], "summary": {"covered_lines": 0, "num_statements": 0, "percent_covered": 100.0, "percent_covered_display": "100", "missing_lines": 0, "excluded_lines": 0, "percent_statements_covered": 100.0, "percent_statements_covered_display": "100"}, "missing_lines": [], "excluded_lines": [], "start_line": 44}, "Entry": {"executed_lines": [123, 134], "summary": {"covered_lines": 2, "num_statements": 2, "percent_covered": 100.0, "percent_covered_display": "100", "missing_lines": 0, "excluded_lines": 0, "percent_statements_covered": 100.0, "percent_statements_covered_display": "100"}, "missing_lines": [], "excluded_lines": [], "start_line": 105}, "Queue": {"executed_lines": [152, 153, 154, 155, 156, 158, 161, 162, 166, 168, 179, 183, 185, 186, 187, 188, 189, 190, 193, 194, 196, 197, 201, 202, 203, 204, 206, 207, 209, 211, 214, 219, 220, 221, 222, 225, 226, 229, 230, 231, 232, 233, 234, 235, 238, 242, 243, 244, 246, 247, 252, 253, 254, 255, 258, 259, 260], "summary": {"covered_lines": 57, "num_statements": 69, "percent_covered": 82.6086956521739, "percent_covered_display": "83", "missing_lines": 12, "excluded_lines": 0, "percent_statements_covered": 82.6086956521739, "percent_statements_covered_display": "83"}, "missing_lines": [198, 199, 212, 223, 224, 245, 256, 257, 264, 265, 266, 267], "excluded_lines": [], "start_line": 145}, "": {"executed_lines": [30, 32, 33, 34, 35, 36, 38, 40, 41, 44, 45, 46, 47, 48, 49, 53, 55, 58, 67, 68, 69, 70, 71, 72, 75, 94, 104, 105, 113, 114, 115, 116, 119, 120, 122, 132, 133, 144, 145, 146, 147, 150, 151, 160, 171, 216, 228, 237, 241, 249, 263], "summary": {"covered_lines": 51, "num_statements": 66, "percent_covered": 77.27272727272727, "percent_covered_display": "77", "missing_lines": 15, "excluded_lines": 0, "percent_statements_covered": 77.27272727272727, "percent_statements_covered_display": "77"}, "missing_lines": [83, 84, 85, 86, 87, 88, 89, 90, 91, 96, 97, 98, 99, 100, 101], "excluded_lines": [], "start_line": 1}}}, "ate/codegen/script_ir.py": {"executed_lines": [19, 21, 23, 26, 30, 35, 37, 39, 40, 42, 44, 46, 48, 50, 56, 59, 67, 68, 71, 78, 80, 82, 85, 87, 90, 95, 99, 101, 102, 103, 106, 109, 110, 111, 112, 113, 114, 117, 119, 120, 121, 122, 123, 124, 125, 126, 128, 129, 130], "summary": {"covered_lines": 49, "num_statements": 49, "percent_covered": 100.0, "percent_covered_display": "100", "missing_lines": 0, "excluded_lines": 0, "percent_statements_covered": 100.0, "percent_statements_covered_display": "100"}, "missing_lines": [], "excluded_lines": [], "functions": {"Step.needs_lab_data": {"executed_lines": [103], "summary": {"covered_lines": 1, "num_statements": 1, "percent_covered": 100.0, "percent_covered_display": "100", "missing_lines": 0, "excluded_lines": 0, "percent_statements_covered": 100.0, "percent_statements_covered_display": "100"}, "missing_lines": [], "excluded_lines": [], "start_line": 102}, "TestScript.covered_req_ids": {"executed_lines": [121, 122, 123, 124, 125, 126], "summary": {"covered_lines": 6, "num_statements": 6, "percent_covered": 100.0, "percent_covered_display": "100", "missing_lines": 0, "excluded_lines": 0, "percent_statements_covered": 100.0, "percent_statements_covered_display": "100"}, "missing_lines": [], "excluded_lines": [], "start_line": 120}, "TestScript.open_todos": {"executed_lines": [130], "summary": {"covered_lines": 1, "num_statements": 1, "percent_covered": 100.0, "percent_covered_display": "100", "missing_lines": 0, "excluded_lines": 0, "percent_statements_covered": 100.0, "percent_statements_covered_display": "100"}, "missing_lines": [], "excluded_lines": [], "start_line": 129}, "": {"executed_lines": [19, 21, 23, 26, 30, 35, 37, 39, 40, 42, 44, 46, 48, 50, 56, 59, 67, 68, 71, 78, 80, 82, 85, 87, 90, 95, 99, 101, 102, 106, 109, 110, 111, 112, 113, 114, 117, 119, 120, 128, 129], "summary": {"covered_lines": 41, "num_statements": 41, "percent_covered": 100.0, "percent_covered_display": "100", "missing_lines": 0, "excluded_lines": 0, "percent_statements_covered": 100.0, "percent_statements_covered_display"
[...]
118, 119, 120, 124, 125, 126, 127, 131, 136], "summary": {"covered_lines": 52, "num_statements": 53, "percent_covered": 98.11320754716981, "percent_covered_display": "98", "missing_lines": 1, "excluded_lines": 0, "percent_statements_covered": 98.11320754716981, "percent_statements_covered_display": "98"}, "missing_lines": [91], "excluded_lines": [], "start_line": 1}}}, "ate/planner/rfc_extractor.py": {"executed_lines": [14, 16, 17, 19, 20, 24, 37, 67, 68, 73, 79, 80, 81, 82, 89, 97, 98, 99, 100, 101, 102, 103, 104, 107, 112, 113, 115, 116, 117, 118, 119, 120, 121, 122, 123, 124, 125, 126, 127, 128, 131, 139, 140, 143, 153, 154, 155, 157, 158, 160, 161, 162, 163, 164, 165, 166, 167, 168, 170, 171, 172, 173, 174, 176, 178, 179, 180, 182, 192], "summary": {"covered_lines": 69, "num_statements": 75, "percent_covered": 92.0, "percent_covered_display": "92", "missing_lines": 6, "excluded_lines": 0, "percent_statements_covered": 92.0, "percent_statements_covered_display": "92"}, "missing_lines": [83, 84, 85, 86, 169, 175], "excluded_lines": [], "functions": {"_short_name": {"executed_lines": [79, 80, 81, 82], "summary": {"covered_lines": 4, "num_statements": 8, "percent_covered": 50.0, "percent_covered_display": "50", "missing_lines": 4, "excluded_lines": 0, "percent_statements_covered": 50.0, "percent_statements_covered_display": "50"}, "missing_lines": [83, 84, 85, 86], "excluded_lines": [], "start_line": 73}, "_strip_page_breaks": {"executed_lines": [97, 98, 99, 100, 101, 102, 103, 104], "summary": {"covered_lines": 8, "num_statements": 8, "percent_covered": 100.0, "percent_covered_display": "100", "missing_lines": 0, "excluded_lines": 0, "percent_statements_covered": 100.0, "percent_statements_covered_display": "100"}, "missing_lines": [], "excluded_lines": [], "start_line": 89}, "_split_sections": {"executed_lines": [112, 113, 115, 116, 117, 118, 119, 120, 121, 122, 123, 124, 125, 126, 127, 128], "summary": {"covered_lines": 16, "num_statements": 16, "percent_covered": 100.0, "percent_covered_display": "100", "missing_lines": 0, "excluded_lines": 0, "percent_statements_covered": 100.0, "percent_statements_covered_display": "100"}, "missing_lines": [], "excluded_lines": [], "start_line": 107}, "_has_subsection": {"executed_lines": [139, 140], "summary": {"covered_lines": 2, "num_statements": 2, "percent_covered": 100.0, "percent_covered_display": "100", "missing_lines": 0, "excluded_lines": 0, "percent_statements_covered": 100.0, "percent_statements_covered_display": "100"}, "missing_lines": [], "excluded_lines": [], "start_line": 131}, "extract_rfc_requirements": {"executed_lines": [153, 154, 155, 157, 158, 160, 161, 162, 163, 164, 165, 166, 167, 168, 170, 171, 172, 173, 174, 176, 178, 179, 180, 182, 192], "summary": {"covered_lines": 25, "num_statements": 27, "percent_covered": 92.5925925925926, "percent_covered_display": "93", "missing_lines": 2, "excluded_lines": 0, "percent_statements_covered": 92.5925925925926, "percent_statements_covered_display": "93"}, "missing_lines": [169, 175], "excluded_lines": [], "start_line": 143}, "": {"executed_lines": [14, 16, 17, 19, 20, 24, 37, 67, 68, 73, 89, 107, 131, 143], "summary": {"covered_lines": 14, "num_statements": 14, "percent_covered": 100.0, "percent_covered_display": "100", "missing_lines": 0, "excluded_lines": 0, "percent_statements_covered": 100.0, "percent_statements_covered_display": "100"}, "missing_lines": [], "excluded_lines": [], "start_line": 1}}, "classes": {"": {"executed_lines": [14, 16, 17, 19, 20, 24, 37, 67, 68, 73, 79, 80, 81, 82, 89, 97, 98, 99, 100, 101, 102, 103, 104, 107, 112, 113, 115, 116, 117, 118, 119, 120, 121, 122, 123, 124, 125, 126, 127, 128, 131, 139, 140, 143, 153, 154, 155, 157, 158, 160, 161, 162, 163, 164, 165, 166, 167, 168, 170, 171, 172, 173, 174, 176, 178, 179, 180, 182, 192], "summary": {"covered_lines": 69, "num_statements": 75, "percent_covered": 92.0, "percent_covered_display": "92", "missing_lines": 6, "excluded_lines": 0, "percent_statements_covered": 92.0, "percent_statements_covered_display": "92"}, "missing_lines": [83, 84, 85, 86, 169, 175], "excluded_lines": [], "start_line": 1}}}, "ate/planner/xlsx_writer.py": {"executed_lines": [22, 24, 26, 27, 28, 30, 31, 32, 33, 39, 51, 52, 53, 54, 55, 56, 57, 58, 59, 60, 61, 62, 70, 76, 78, 79, 80, 81, 84, 89, 92, 93, 94, 95, 96, 97, 103, 104, 105, 106, 107, 108, 109, 110, 111, 112, 113, 114, 115, 116, 117, 118, 119, 120, 121, 122, 123, 124, 125, 126, 127, 128, 129, 130, 131, 132, 133, 134, 135, 136, 137, 138, 139, 140, 141, 142, 143, 144, 145, 146, 147, 148, 149, 150, 151, 154, 155, 165, 166, 167, 168, 169, 170, 171, 189, 206, 225, 229, 230, 231, 232, 234, 235, 239, 240, 241, 242, 246, 247, 250, 261, 262, 263, 264, 265, 266, 267, 282, 287, 290, 291, 292, 293, 296, 300, 301, 302, 303, 305, 306, 307, 309, 310, 317, 321, 340, 341, 342, 343, 344, 351, 352, 353, 354, 355, 356, 357, 358, 360, 361, 362, 363, 364, 366, 367, 368, 371, 382, 383, 384, 386, 387, 388, 389, 392, 393, 394, 395, 398, 400, 401, 402, 407, 410, 414, 415, 417, 418, 419, 420, 421, 422, 423, 424, 425, 427, 428, 429, 430, 433, 434, 435, 438, 439, 442, 443, 446, 447, 448, 452, 459, 462, 495, 502, 509, 510, 511, 512, 513, 514, 515, 517, 518, 521, 522, 530, 531, 532, 533, 534, 536, 539, 540, 541, 542, 543, 544, 547, 548, 549, 550, 551, 553, 554, 560, 561, 562, 563, 564, 565, 566, 567, 570, 571, 572, 573, 574, 575, 580, 581, 582, 585, 590, 591, 592, 593, 594, 595, 597, 598, 599, 600, 601, 602, 604, 611, 612, 613, 614, 615, 616, 617, 618, 623, 624, 628, 629, 630, 631, 633, 634, 635, 637, 638, 639, 640, 643, 652, 653, 654, 656, 658, 659, 660, 661, 663, 664, 668, 669, 682, 683, 684, 685, 686, 688, 689, 690, 691, 692, 693, 694, 696, 697, 698, 699, 700, 701, 702, 703, 704, 705, 707, 708, 709, 710, 712, 713, 714, 715, 717, 718, 719, 720, 721, 722, 723, 726, 727, 728, 729, 730, 731, 732, 733, 734, 736, 737, 742, 743, 744, 747, 760, 761, 762, 764, 765, 766, 767, 769, 771, 772, 776, 777, 788, 789, 790, 791, 792, 794, 795, 796, 797, 798, 799, 800, 803, 809, 810, 811, 812, 813, 814, 815, 816, 817, 818, 819, 820, 822, 823, 829, 830, 831, 834, 836, 837, 838, 839, 843, 844, 845, 852, 853, 854, 855, 856, 857, 858, 859, 860, 867, 868, 869, 870, 871, 875, 884, 885, 886, 893, 894, 904, 905, 906, 907, 908, 909, 910, 911, 917, 923, 924, 925, 928, 930, 931, 932, 933, 938, 940, 944, 945, 946, 947, 948, 949, 951, 952, 953, 954, 955, 957, 958, 959, 965, 966, 967, 968, 969, 970, 971, 972, 973, 974, 975, 976, 977, 978, 979, 980, 981, 982, 983, 984, 985, 986, 987, 988, 989, 991, 992, 998, 999, 1000, 1001, 1003, 1004, 1005, 1008, 1009, 1010, 1011, 1012, 1013, 1014, 1015, 1016, 1017, 1018, 1019, 1023, 1024, 1025, 1026, 1028, 1029, 1030], "summary": {"covered_lines": 507, "num_statements": 548, "percent_covered": 92.51824817518248, "percent_covered_display": "93", "missing_lines": 41, "excluded_lines": 0, "percent_statements_covered": 92.51824817518248, "percent_statements_covered_display": "93"}, "missing_lines": [77, 233, 236, 243, 268, 269, 270, 272, 273, 274, 275, 276, 277, 278, 279, 345, 359, 385, 390, 391, 403, 468, 469, 470, 471, 472, 473, 474, 475, 477, 478, 479, 480, 481, 482, 483, 484, 655, 725, 763, 950], "excluded_lines": [], "functions": {"_row_height_for": {"executed_lines": [76, 78, 79, 80, 81], "summary": {"covered_lines": 5, "num_statements": 6, "percent_covered": 83.33333333333333, "percent_covered_display": "83", "missing_lines": 1, "excluded_lines": 0, "percent_statements_covered": 83.33333333333333, "percent_statements_covered_display": "83"}, "missing_lines": [77], "excluded_lines": [], "start_line": 70}, "_row_height_multi": {"executed_lines": [89], "summary": {"covered_lines": 1, "num_statements": 1, "percent_covered": 100.0, "percent_covered_display": "100", "missing_lines": 0, "excluded_lines": 0, "percent_statements_covered": 100.0, "percent_statements_covered_display": "100"}, "missing_lines": [], "excluded_lines": [], "start_line": 84}, "_write_catalog": {"executed_lines": [93, 94, 95, 96, 97, 103, 104, 105, 106, 107, 108, 109, 110, 111, 112, 113, 114, 115, 116, 117, 118, 119, 120, 121, 122, 123, 124, 125, 126, 127, 128, 129, 130, 131, 132, 133, 134, 135, 136, 137, 138, 139, 140, 141, 142, 143, 144, 145, 146, 147, 148, 149, 150, 151], "summary": {"covered_lines": 54, "num_statements": 54, "percent_covered": 100.0, "percent_covered_display": "100", "missing_lines": 0, "excluded_lines": 0, "percent_statements_covered": 100.0, "percent_statements_covered_display": "100"}, "missing_lines": [], "excluded_lines": [], "start_line": 92}, "_component_section_for_category": {"executed_lines": [229, 230, 231, 232, 234, 235], "summary": {"covered_lines": 6, "num_statements": 8, "percent_covered": 75.0, "percent_covered_display": "75", "missing_lines": 2, "excluded_lines": 0, "percent_statements_covered": 75.0, "percent_statements_covered_display": "75"}, "missing_lines": [233, 236], "excluded_lines": [], "start_line": 225}, "_section_rank": {"executed_lines": [240, 241, 242], "summary": {"covered_lines": 3, "num_statements": 4, "percent_covered": 75.0, "percent_covered_display": "75", "missing_lines": 1, "excluded_lines": 0, "percent_statements_covered": 75.0, "percent_statements_covered_display": "75"}, "missing_lines": [243], "excluded_lines": [], "start_line": 239}, "_section_for_row": {"executed_lines": [261, 262, 263, 264, 265, 266, 267], "summary": {"covered_lines": 7, "num_statements": 18, "percent_covered": 38.888888888888886, "percent_covered_display": "39", "missing_lines": 11, "excluded_lines": 0, "percent_statements_covered": 38.888888888888886, "percent_statements_covered_display": "39"}, "missing_lines": [268, 269, 270, 272, 273, 274, 275, 276, 277, 278, 279], "excluded_lines": [], "start_line": 250}, "_write_empty_section_note": {"executed_lines": [287, 290, 291, 292, 293], "summary": {"covered_lines": 5, "num_statements": 5, "percent_covered": 100.0, "percent_covered_display": "100", "missing_lines": 0, "excluded_lines": 0, "percent_statements_covered": 100.0, "percent_statements_covered_display": "100"}, "missing_lines": [], "excluded_lines": [], "start_line": 282}, "_write_section_header": {"executed_lines": [300, 301, 302, 303, 305, 306, 307, 309, 310], "summary": {"covered_lines": 9, "num_statements": 9, "percent_covered": 100.0, "percent_covered_display": "100", "missing_lines": 0, "excluded_lines": 0, "percent_statements_covered": 100.0, "percent_statements_covered_display": "100"}, "missing_lines": [], "excluded_lines": [], "start_line": 296}, "_provenance_for_row": {"executed_lines": [340, 341, 342, 343, 344, 351, 352, 353, 354, 355, 356, 357, 358, 360, 361, 362, 363, 364, 366, 367, 368], "summary": {"covered_lines": 21, "num_statements": 23, "percent_covered": 91.30434782608695, "percent_covered_display": "91", "missing_lines": 2, "excluded_lines": 0, "percent_statements_covered": 91.30434782608695, "percent_statements_covered_display": "91"}, "missing_lines": [345, 359], "excluded_lines": [], "start_line": 321}, "_comment_for_provenance": {"executed_lines": [382, 383, 384, 386, 387, 388, 389, 392, 393, 394, 395], "summary": {"covered_lines": 11, "num_statements": 14, "percent_covered": 78.57142857142857, "percent_covered_display": "79", "missing_lines": 3, "excluded_lines": 0, "percent_statements_covered": 78.57142857142857, "percent_statements_covered_display": "79"}, "missing_lines": [385, 390, 391], "excluded_lines": [], "start_line": 371}, "_fill_for_provenance": {"executed_lines": [400, 401, 402, 407], "summary": {"covered_lines": 4, "num_statements": 5, "percent_covered": 80.0, "percent_covered_display": "80", "missing_lines": 1, "excluded_lines": 0, "percent_statements_covered": 80.0, "percent_statements_covered_display": "80"}, "missing_lines": [403], "excluded_lines": [], "start_line": 398}, "_write_atomic_row": {"executed_lines": [414, 415, 417, 418, 419, 420, 421, 422, 423, 424, 425, 427, 428, 429, 430, 433, 434, 435, 438, 439, 442, 443, 446, 447, 448, 452, 459], "summary": {"covered_lines": 27, "num_statements": 27, "percent_covered": 100.0, "percent_covered_display": "100", "missing_lines": 0, "excluded_lines": 0, "percent_statements_covered": 100.0, "percent_statements_covered_display": "100"}, "missing_lines": [], "excluded_lines": [], "start_line": 410}, "_write_flow_banner": {"executed_lines": [], "summary": {"covered_lines": 0, "num_statements": 16, "percent_covered": 0.0, "percent_covered_display": "0", "missing_lines": 16, "excluded_lines": 0, "percent_statements_covered": 0.0, "percent_statements_covered_display": "0"}, "missing_lines": [468, 469, 470, 471, 472, 473, 474, 475, 477, 478, 479, 480, 481, 482, 483, 484], "excluded_lines": [], "start_line": 462}, "_write_coverage_sheet": {"executed_lines": [509, 510, 511, 512, 513, 514, 515, 517, 518, 521, 522, 530, 531, 532, 533, 534, 536, 539, 540, 541, 542, 543, 544, 547, 548, 549, 550, 551, 553, 554, 560, 561, 562, 563, 564, 565, 566, 567, 570, 571, 572, 573, 574, 575, 580, 581, 582], "summary": {"covered_lines": 47, "num_statements": 47, "percent_covered": 100.0, "percent_covered_display": "100", "missing_lines": 0, "excluded_lines": 0, "percent_statements_covered": 100.0, "percent_statements_covered_display": "100"}, "missing_lines": [], "excluded_lines": [], "start_line": 502}, "_write_flows_sheet": {"executed_lines": [590, 591, 592, 593, 594, 595, 597, 598, 599, 600, 601, 602, 604, 611, 612, 613, 614, 615, 616, 617, 618, 623, 624, 628, 629, 630, 631, 633, 634, 635, 637, 638, 639, 640], "summary": {"covered_lines": 34, "num_statements": 34, "percent_covered": 100.0, "percent_covered_display": "100", "missing_lines": 0, "excluded_lines": 0, "percent_statements_covered": 100.0, "percent_statements_covered_display": "100"}, "missing_lines": [], "excluded_lines": [], "start_line": 585}, "_write_rfc_crosscheck_sheet": {"executed_lines": [652, 653, 654, 656, 658, 659, 660, 661, 663, 664, 668, 669, 682, 683, 684, 685, 686, 688, 689, 690, 691, 692, 693, 694, 696, 697, 698, 699, 700, 701, 702, 703, 704, 705, 707, 708, 709, 710, 712, 713, 714, 715, 717, 718, 719, 720, 721, 722, 723, 726, 727, 728, 729, 730, 731, 732, 733, 734, 736, 737, 742, 743, 744], "summary": {"covered_lines": 63, "num_statements": 65, "percent_covered": 96.92307692307692, "percent_covered_display": "97", "missing_lines": 2, "excluded_lines": 0, "percent_statements_covered": 96.92307692307692, "percent_statements_covered_display": "97"}, "missing_lines": [655, 725], "excluded_lines": [], "start_line": 643}, "_write_cli_crosscheck_sheet": {"executed_lines": [760, 761, 762, 764, 765, 766, 767, 769, 771, 772, 776, 777, 788, 789, 790, 791, 792, 794, 795, 796, 797, 798, 799, 800, 803, 809, 810, 811, 812, 813, 814, 815, 816, 817, 818, 819, 820, 822, 823, 829, 830, 831], "summary": {"covered_lines": 42, "num_statements": 43, "percent_covered": 97.67441860465117, "percent_covered_display": "98", "missing_lines": 1, "excluded_lines": 0, "percent_statements_covered": 97.67441860465117, "percent_statements_covered_display": "98"}, "missing_lines": [763], "excluded_lines": [], "start_line": 747}, "write_xlsx": {"executed_lines": [836, 837, 838, 839, 843, 844, 845, 852, 853, 854, 855, 856, 857, 858, 859, 860, 867, 868, 869, 870, 871, 875, 884, 885, 886, 893, 894, 904, 905, 906, 907, 908, 909, 910, 911, 917, 923, 924, 925, 928, 930, 931, 932, 933, 938, 940, 944, 945, 946, 947, 948, 949, 951, 952, 953, 954, 955, 957, 958, 959, 965, 966, 967, 968, 969, 970, 971, 972, 973, 974, 975, 976, 977, 978, 979, 980, 981, 982, 983, 984, 985, 986, 987, 988, 989, 991, 992, 998, 999, 1000, 1001, 1003, 1004, 1005, 1008, 1009, 1010, 1011, 1012, 1013, 1014, 1015, 1016, 1017, 1018, 1019, 1023, 1024, 1025, 1026, 1028, 1029, 1030], "summary": {"covered_lines": 113, "num_statements": 114, "percent_covered": 99.12280701754386, "percent_covered_display": "99", "missing_lines": 1, "excluded_lines": 0, "percent_statements_covered": 99.12280701754386, "percent_statements_covered_display": "99"}, "missing_lines": [950], "excluded_lines": [], "start_line": 834}, "": {"executed_lines": [22, 24, 26, 27, 28, 30, 31, 32, 33, 39, 51, 52, 53, 54, 55, 56, 57, 58, 59, 60, 61, 62, 70, 84, 92, 154, 155, 165, 166, 167, 168, 169, 170, 171, 189, 206, 225, 239, 246, 247, 250, 282, 296, 317, 321, 371, 398, 410, 462, 495, 502, 585, 643, 747, 834], "summary": {"covered_lines": 55, "num_statements": 55, "percent_covered": 100.0, "percent_covered_display": "100", "missing_lines": 0, "excluded_lines": 0, "percent_statements_covered": 100.0, "percent_statements_covered_display": "100"}, "missing_lines": [], "excluded_lines": [], "start_line": 1}}, "classes": {"": {"executed_lines": [22, 24, 26, 27, 28, 30, 31, 32, 33, 39, 51, 52, 53, 54, 55, 56, 57, 58, 59, 60, 61, 62, 70, 76, 78, 79, 80, 81, 84, 89, 92, 93, 94, 95, 96, 97, 103, 104, 105, 106, 107, 108, 109, 110, 111, 112, 113, 114, 115, 116, 117, 118, 119, 120, 121, 122, 123, 124, 125, 126, 127, 128, 129, 130, 131, 132, 133, 134, 135, 136, 137, 138, 139, 140, 141, 142, 143, 144, 145, 146, 147, 148, 149, 150, 151, 154, 155, 165, 166, 167, 168, 169, 170, 171, 189, 206, 225, 229, 230, 231, 232, 234, 235, 239, 240, 241, 242, 246, 247, 250, 261, 262, 263, 264, 265, 266, 267, 282, 287, 290, 291, 292, 293, 296, 300, 301, 302, 303, 305, 306, 307, 309, 310, 317, 321, 340, 341, 342, 343, 344, 351, 352, 353, 354, 355, 356, 357, 358, 360, 361, 362, 363, 364, 366, 367, 368, 371, 382, 383, 384, 386, 387, 388, 389, 392, 393, 394, 395, 398, 400, 401, 402, 407, 410, 414, 415, 417, 418, 419, 420, 421, 422, 423, 424, 425, 427, 428, 429, 430, 433, 434, 435, 438, 439, 442, 443, 446, 447, 448, 452, 459, 462, 495, 502, 509, 510, 511, 512, 513, 514, 515, 517, 518, 521, 522, 530, 531, 532, 533, 534, 536, 539, 540, 541, 542, 543, 544, 547, 548, 549, 550, 551, 553, 554, 560, 561, 562, 563, 564, 565, 566, 567, 570, 571, 572, 573, 574, 575, 580, 581, 582, 585, 590, 591, 592, 593, 594, 595, 597, 598, 599, 600, 601, 602, 604, 611, 612, 613, 614, 615, 616, 617, 618, 623, 624, 628, 629, 630, 631, 633, 634, 635, 637, 638, 639, 640, 643, 652, 653, 654, 656, 658, 659, 660, 661, 663, 664, 668, 669, 682, 683, 684, 685, 686, 688, 689, 690, 691, 692, 693, 694, 696, 697, 698, 699, 700, 701, 702, 703, 704, 705, 707, 708, 709, 710, 712, 713, 714, 715, 717, 718, 719, 720, 721, 722, 723, 726, 727, 728, 729, 730, 731, 732, 733, 734, 736, 737, 742, 743, 744, 747, 760, 761, 762, 764, 765, 766, 767, 769, 771, 772, 776, 777, 788, 789, 790, 791, 792, 794, 795, 796, 797, 798, 799, 800, 803, 809, 810, 811, 812, 813, 814, 815, 816, 817, 818, 819, 820, 822, 823, 829, 830, 831, 834, 836, 837, 838, 839, 843, 844, 845, 852, 853, 854, 855, 856, 857, 858, 859, 860, 867, 868, 869, 870, 871, 875, 884, 885, 886, 893, 894, 904, 905, 906, 907, 908, 909, 910, 911, 917, 923, 924, 925, 928, 930, 931, 932, 933, 938, 940, 944, 945, 946, 947, 948, 949, 951, 952, 953, 954, 955, 957, 958, 959, 965, 966, 967, 968, 969, 970, 971, 972, 973, 974, 975, 976, 977, 978, 979, 980, 981, 982, 983, 984, 985, 986, 987, 988, 989, 991, 992, 998, 999, 1000, 1001, 1003, 1004, 1005, 1008, 1009, 1010, 1011, 1012, 1013, 1014, 1015, 1016, 1017, 1018, 1019, 1023, 1024, 1025, 1026, 1028, 1029, 1030], "summary": {"covered_lines": 507, "num_statements": 548, "percent_covered": 92.51824817518248, "percent_covered_display": "93", "missing_lines": 41, "excluded_lines": 0, "percent_statements_covered": 92.51824817518248, "percent_statements_covered_display": "93"}, "missing_lines": [77, 233, 236, 243, 268, 269, 270, 272, 273, 274, 275, 276, 277, 278, 279, 345, 359, 385, 390, 391, 403, 468, 469, 470, 471, 472, 473, 474, 475, 477, 478, 479, 480, 481, 482, 483, 484, 655, 725, 763, 950], "excluded_lines": [], "start_line": 1}}}}, "totals": {"covered_lines": 4087, "num_statements": 5088, "percent_covered": 80.32625786163523, "percent_covered_display": "80", "missing_lines": 1001, "excluded_lines": 9, "percent_statements_covered": 80.32625786163523, "percent_statements_covered_display": "80"}}