{"meta": {"format": 3, "version": "7.13.5", "timestamp": "2026-04-27T06:15:37.340069", "branch_coverage": false, "show_contexts": false}, "files": {"ate/__init__.py": {"executed_lines": [3], "summary": {"covered_lines": 1, "num_statements": 1, "percent_covered": 100.0, "percent_covered_display": "100", "missing_lines": 0, "excluded_lines": 0, "percent_statements_covered": 100.0, "percent_statements_covered_display": "100"}, "missing_lines": [], "excluded_lines": [], "functions": {"": {"executed_lines": [3], "summary": {"covered_lines": 1, "num_statements": 1, "percent_covered": 100.0, "percent_covered_display": "100", "missing_lines": 0, "excluded_lines": 0, "percent_statements_covered": 100.0, "percent_statements_covered_display": "100"}, "missing_lines": [], "excluded_lines": [], "start_line": 1}}, "classes": {"": {"executed_lines": [3], "summary": {"covered_lines": 1, "num_statements": 1, "percent_covered": 100.0, "percent_covered_display": "100", "missing_lines": 0, "excluded_lines": 0, "percent_statements_covered": 100.0, "percent_statements_covered_display": "100"}, "missing_lines": [], "excluded_lines": [], "start_line": 1}}}, "ate/cli.py": {"executed_lines": [2, 4, 5, 6, 7, 9, 10, 11, 14, 15, 19, 20, 22, 23, 24, 26, 27, 30, 32, 33, 35, 37, 39, 41, 45, 47, 48, 49, 50, 54, 55, 56, 57, 58, 59, 60, 62, 63, 64, 65, 66, 67, 68, 69, 70, 71, 73, 74, 75, 76, 78, 79, 82, 83, 84, 86, 88, 91, 92, 93, 94, 96, 99, 100, 101, 103, 104, 105, 106, 107, 108, 109, 112], "summary": {"covered_lines": 73, "num_statements": 77, "percent_covered": 94.8051948051948, "percent_covered_display": "95", "missing_lines": 4, "excluded_lines": 0, "percent_statements_covered": 94.8051948051948, "percent_statements_covered_display": "95"}, "missing_lines": [51, 87, 89, 113], "excluded_lines": [], "functions": {"main": {"executed_lines": [15, 19, 20, 22, 23, 24, 26, 27, 30, 32, 33, 35, 37, 39, 41, 45, 47, 48, 49, 50], "summary": {"covered_lines": 20, "num_statements": 21, "percent_covered": 95.23809523809524, "percent_covered_display": "95", "missing_lines": 1, "excluded_lines": 0, "percent_statements_covered": 95.23809523809524, "percent_statements_covered_display": "95"}, "missing_lines": [51], "excluded_lines": [], "start_line": 14}, "_cmd_parse": {"executed_lines": [55, 56, 57, 58, 59, 60, 62, 63, 64, 65, 66, 67, 68, 69, 70, 71, 73, 74, 75, 76, 78, 79], "summary": {"covered_lines": 22, "num_statements": 22, "percent_covered": 100.0, "percent_covered_display": "100", "missing_lines": 0, "excluded_lines": 0, "percent_statements_covered": 100.0, "percent_statements_covered_display": "100"}, "missing_lines": [], "excluded_lines": [], "start_line": 54}, "_cmd_plan": {"executed_lines": [83, 84, 86, 88, 91, 92, 93, 94, 96, 99, 100, 101, 103, 104, 105, 106, 107, 108, 109], "summary": {"covered_lines": 19, "num_statements": 21, "percent_covered": 90.47619047619048, "percent_covered_display": "90", "missing_lines": 2, "excluded_lines": 0, "percent_statements_covered": 90.47619047619048, "percent_statements_covered_display": "90"}, "missing_lines": [87, 89], "excluded_lines": [], "start_line": 82}, "": {"executed_lines": [2, 4, 5, 6, 7, 9, 10, 11, 14, 54, 82, 112], "summary": {"covered_lines": 12, "num_statements": 13, "percent_covered": 92.3076923076923, "percent_covered_display": "92", "missing_lines": 1, "excluded_lines": 0, "percent_statements_covered": 92.3076923076923, "percent_statements_covered_display": "92"}, "missing_lines": [113], "excluded_lines": [], "start_line": 1}}, "classes": {"": {"executed_lines": [2, 4, 5, 6, 7, 9, 10, 11, 14, 15, 19, 20, 22, 23, 24, 26, 27, 30, 32, 33, 35, 37, 39, 41, 45, 47, 48, 49, 50, 54, 55, 56, 57, 58, 59, 60, 62, 63, 64, 65, 66, 67, 68, 69, 70, 71, 73, 74, 75, 76, 78, 79, 82, 83, 84, 86, 88, 91, 92, 93, 94, 96, 99, 100, 101, 103, 104, 105, 106, 107, 108, 109, 112], "summary": {"covered_lines": 73, "num_statements": 77, "percent_covered": 94.8051948051948, "percent_covered_display": "95", "missing_lines": 4, "excluded_lines": 0, "percent_statements_covered": 94.8051948051948, "percent_statements_covered_display": "95"}, "missing_lines": [51, 87, 89, 113], "excluded_lines": [], "start_line": 1}}}, "ate/errors.py": {"executed_lines": [7, 10, 14, 18, 22, 26, 30, 34], "summary": {"covered_lines": 8, "num_statements": 8, "percent_covered": 100.0, "percent_covered_display": "100", "missing_lines": 0, "excluded_lines": 0, "percent_statements_covered": 100.0, "percent_statements_covered_display": "100"}, "missing_lines": [], "excluded_lines": [], "functions": {"": {"executed_lines": [7, 10, 14, 18, 22, 26, 30, 34], "summary": {"covered_lines": 8, "num_statements": 8, "percent_covered": 100.0, "percent_covered_display": "100", "missing_lines": 0, "excluded_lines": 0, "percent_statements_covered": 100.0, "percent_statements_covered_display": "100"}, "missing_lines": [], "excluded_lines": [], "start_line": 1}}, "classes": {"ATEParseError": {"executed_lines": [], "summary": {"covered_lines": 0, "num_statements": 0, "percent_covered": 100.0, "percent_covered_display": "100", "missing_lines": 0, "excluded_lines": 0, "percent_statements_covered": 100.0, "percent_statements_covered_display": "100"}, "missing_lines": [], "excluded_lines": [], "start_line": 10}, "UnsupportedFormatError": {"executed_lines": [], "summary": {"covered_lines": 0, "num_statements": 0, "percent_covered": 100.0, "percent_covered_display": "100", "missing_lines": 0, "excluded_lines": 0, "percent_statements_covered": 100.0, "percent_statements_covered_display": "100"}, "missing_lines": [], "excluded_lines": [], "start_line": 14}, "CorruptDocumentError": {"executed_lines": [], "summary": {"covered_lines": 0, "num_statements": 0, "percent_covered": 100.0, "percent_covered_display": "100", "missing_lines": 0, "excluded_lines": 0, "percent_statements_covered": 100.0, "percent_statements_covered_display": "100"}, "missing_lines": [], "excluded_lines": [], "start_line": 18}, "PasswordProtectedError": {"executed_lines": [], "summary": {"covered_lines": 0, "num_statements": 0, "percent_covered": 100.0, "percent_covered_display": "100", "missing_lines": 0, "excluded_lines": 0, "percent_statements_covered": 100.0, "percent_statements_covered_display": "100"}, "missing_lines": [], "excluded_lines": [], "start_line": 22}, "EmptyDocumentError": {"executed_lines": [], "summary": {"covered_lines": 0, "num_statements": 0, "percent_covered": 100.0, "percent_covered_display": "100", "missing_lines": 0, "excluded_lines": 0, "percent_statements_covered": 100.0, "percent_statements_covered_display": "100"}, "missing_lines": [], "excluded_lines": [], "start_line": 26}, "UnsupportedScannedPDFError": {"executed_lines": [], "summary": {"covered_lines": 0, "num_statements": 0, "percent_covered": 100.0, "percent_covered_display": "100", "missing_lines": 0, "excluded_lines": 0, "percent_statements_covered": 100.0, "percent_statements_covered_display": "100"}, "missing_lines": [], "excluded_lines": [], "start_line": 30}, "EncodingError": {"executed_lines": [], "summary": {"covered_lines": 0, "num_statements": 0, "percent_covered": 100.0, "percent_covered_display": "100", "missing_lines": 0, "excluded_lines": 0, "percent_statements_covered": 100.0, "percent_statements_covered_display": "100"}, "missing_lines": [], "excluded_lines": [], "start_line": 34}, "": {"executed_lines": [7, 10, 14, 18, 22, 26, 30, 34], "summary": {"covered_lines": 8, "num_statements": 8, "percent_covered": 100.0, "percent_covered_display": "100", "missing_lines": 0, "excluded_lines": 0, "percent_statements_covered": 100.0, "percent_statements_covered_display": "100"}, "missing_lines": [], "excluded_lines": [], "start_line": 1}}}, "ate/ir.py": {"executed_lines": [7, 9, 10, 12, 14, 17, 18, 19, 20, 21, 22, 25, 26, 27, 28, 29, 32, 33, 34, 37, 38, 39, 40, 43, 49, 50, 51, 54, 55, 56, 57, 60, 61, 62, 63, 65, 66, 67, 69, 70, 71, 75, 78, 84, 85, 86, 87, 88, 90, 91, 92, 94, 95, 96, 98, 99, 100, 102, 103, 104, 106, 107, 108, 109, 110, 111, 112, 113, 114, 115, 116, 117], "summary": {"covered_lines": 72, "num_statements": 72, "percent_covered": 100.0, "percent_covered_display": "100", "missing_lines": 0, "excluded_lines": 0, "percent_statements_covered": 100.0, "percent_statements_covered_display": "100"}, "missing_lines": [], "excluded_lines": [], "functions": {"Table.n_rows": {"executed_lines": [67], "summary": {"covered_lines": 1, "num_statements": 1, "percent_covered": 100.0, "percent_covered_display": "100", "missing_lines": 0, "excluded_lines": 0, "percent_statements_covered": 100.0, "percent_statements_covered_display": "100"}, "missing_lines": [], "excluded_lines": [], "start_line": 66}, "Table.n_cols": {"executed_lines": [71], "summary": {"covered_lines": 1, "num_statements": 1, "percent_covered": 100.0, "percent_covered_display": "100", "missing_lines": 0, "excluded_lines": 0, "percent_statements_covered": 100.0, "percent_statements_covered_display": "100"}, "missing_lines": [], "excluded_lines": [], "start_line": 70}, "Document.headings": {"executed_lines": [92], "summary": {"covered_lines": 1, "num_statements": 1, "percent_covered": 100.0, "percent_covered_display": "100", "missing_lines": 0, "excluded_lines": 0, "percent_statements_covered": 100.0, "percent_statements_covered_display": "100"}, "missing_lines": [], "excluded_lines": [], "start_line": 91}, "Document.code_blocks": {"executed_lines": [96], "summary": {"covered_lines": 1, "num_statements": 1, "percent_covered": 100.0, "percent_covered_display": "100", "missing_lines": 0, "excluded_lines": 0, "percent_statements_covered": 100.0, "percent_statements_covered_display": "100"}, "missing_lines": [], "excluded_lines": [], "start_line": 95}, "Document.tables": {"executed_lines": [100], "summary": {"covered_lines": 1, "num_statements": 1, "percent_covered": 100.0, "percent_covered_display": "100", "missing_lines": 0, "excluded_lines": 0, "percent_statements_covered": 100.0, "percent_statements_covered_display": "100"}, "missing_lines": [], "excluded_lines": [], "start_line": 99}, "Document.paragraphs": {"executed_lines": [104], "summary": {"covered_lines": 1, "num_statements": 1, "percent_covered": 100.0, "percent_covered_display": "100", "missing_lines": 0, "excluded_lines": 0, "percent_statements_covered": 100.0, "percent_statements_covered_display": "100"}, "missing_lines": [], "excluded_lines": [], "start_line": 103}, "Document.full_text": {"executed_lines": [108, 109, 110, 111, 112, 113, 114, 115, 116, 117], "summary": {"covered_lines": 10, "num_statements": 10, "percent_covered": 100.0, "percent_covered_display": "100", "missing_lines": 0, "excluded_lines": 0, "percent_statements_covered": 100.0, "percent_statements_covered_display": "100"}, "missing_lines": [], "excluded_lines": [], "start_line": 107}, "": {"executed_lines": [7, 9, 10, 12, 14, 17, 18, 19, 20, 21, 22, 25, 26, 27, 28, 29, 32, 33, 34, 37, 38, 39, 40, 43, 49, 50, 51, 54, 55, 56, 57, 60, 61, 62, 63, 65, 66, 69, 70, 75, 78, 84, 85, 86, 87, 88, 90, 91, 94, 95, 98, 99, 102, 103, 106, 107], "summary": {"covered_lines": 56, "num_statements": 56, "percent_covered": 100.0, "percent_covered_display": "100", "missing_lines": 0, "excluded_lines": 0, "percent_statements_covered": 100.0, "percent_statements_covered_display": "100"}, "missing_lines": [], "excluded_lines": [], "start_line": 1}}, "classes": {"BlockKind": {"executed_lines": [], "summary": {"covered_lines": 0, "num_statements": 0, "percent_covered": 100.0, "percent_covered_display": "100", "missing_lines": 0, "excluded_lines": 0, "percent_statements_covered": 100.0, "percent_statements_covered_display": "100"}, "missing_lines": [], "excluded_lines": [], "start_line": 17}, "Heading": {"executed_lines": [], "summary": {"covered_lines": 0, "num_statements": 0, "percent_covered": 100.0, "percent_covered_display": "100", "missing_lines": 0, "excluded_lines": 0, "percent_statements_covered": 100.0, "percent_statements_covered_display": "100"}, "missing_lines": [], "excluded_lines": [], "start_line": 25}, "Paragraph": {"executed_lines": [], "summary": {"covered_lines": 0, "num_statements": 0, "percent_covered": 100.0, "percent_covered_display": "100", "missing_lines": 0, "excluded_lines": 0, "percent_statements_covered": 100.0, "percent_statements_covered_display": "100"}, "missing_lines": [], "excluded_lines": [], "start_line": 32}, "ListItem": {"executed_lines": [], "summary": {"covered_lines": 0, "num_statements": 0, "percent_covered": 100.0, "percent_covered_display": "100", "missing_lines": 0, "excluded_lines": 0, "percent_statements_covered": 100.0, "percent_statements_covered_display": "100"}, "missing_lines": [], "excluded_lines": [], "start_line": 37}, "CodeBlock": {"executed_lines": [], "summary": {"covered_lines": 0, "num_statements": 0, "percent_covered": 100.0, "percent_covered_display": "100", "missing_lines": 0, "excluded_lines": 0, "percent_statements_covered": 100.0, "percent_statements_covered_display": "100"}, "missing_lines": [], "excluded_lines": [], "start_line": 43}, "TableCell": {"executed_lines": [], "summary": {"covered_lines": 0, "num_statements": 0, "percent_covered": 100.0, "percent_covered_display": "100", "missing_lines": 0, "excluded_lines": 0, "percent_statements_covered": 100.0, "percent_statements_covered_display": "100"}, "missing_lines": [], "excluded_lines": [], "start_line": 54}, "Table": {"executed_lines": [67, 71], "summary": {"covered_lines": 2, "num_statements": 2, "percent_covered": 100.0, "percent_covered_display": "100", "missing_lines": 0, "excluded_lines": 0, "percent_statements_covered": 100.0, "percent_statements_covered_display": "100"}, "missing_lines": [], "excluded_lines": [], "start_line": 60}, "Document": {"executed_lines": [92, 96, 100, 104, 108, 109, 110, 111, 112, 113, 114, 115, 116, 117], "summary": {"covered_lines": 14, "num_statements": 14, "percent_covered": 100.0, "percent_covered_display": "100", "missing_lines": 0, "excluded_lines": 0, "percent_statements_covered": 100.0, "percent_statements_covered_display": "100"}, "missing_lines": [], "excluded_lines": [], "start_line": 78}, "": {"executed_lines": [7, 9, 10, 12, 14, 17, 18, 19, 20, 21, 22, 25, 26, 27, 28, 29, 32, 33, 34, 37, 38, 39, 40, 43, 49, 50, 51, 54, 55, 56, 57, 60, 61, 62, 63, 65, 66, 69, 70, 75, 78, 84, 85, 86, 87, 88, 90, 91, 94, 95, 98, 99, 102, 103, 106, 107], "summary": {"covered_lines": 56, "num_statements": 56, "percent_covered": 100.0, "percent_covered_display": "100", "missing_lines": 0, "excluded_lines": 0, "percent_statements_covered": 100.0, "percent_statements_covered_display": "100"}, "missing_lines": [], "excluded_lines": [], "start_line": 1}}}, "ate/normalize.py": {"executed_lines": [22, 24, 25, 26, 28, 31, 32, 33, 34, 35, 36, 37, 38, 39, 48, 49, 56, 57, 58, 59, 61, 63, 65, 72, 73, 76, 77, 80, 81, 84, 85], "summary": {"covered_lines": 31, "num_statements": 32, "percent_covered": 96.875, "percent_covered_display": "97", "missing_lines": 1, "excluded_lines": 0, "percent_statements_covered": 96.875, "percent_statements_covered_display": "97"}, "missing_lines": [78], "excluded_lines": [], "functions": {"normalize": {"executed_lines": [32, 33, 34, 35, 36, 37, 38, 39], "summary": {"covered_lines": 8, "num_statements": 8, "percent_covered": 100.0, "percent_covered_display": "100", "missing_lines": 0, "excluded_lines": 0, "percent_statements_covered": 100.0, "percent_statements_covered_display": "100"}, "missing_lines": [], "excluded_lines": [], "start_line": 31}, "_norm_heading": {"executed_lines": [49], "summary": {"covered_lines": 1, "num_statements": 1, "percent_covered": 100.0, "percent_covered_display": "100", "missing_lines": 0, "excluded_lines": 0, "percent_statements_covered": 100.0, "percent_statements_covered_display": "100"}, "missing_lines": [], "excluded_lines": [], "start_line": 48}, "_norm_text": {"executed_lines": [57, 58, 59, 61, 63, 65, 72, 73], "summary": {"covered_lines": 8, "num_statements": 8, "percent_covered": 100.0, "percent_covered_display": "100", "missing_lines": 0, "excluded_lines": 0, "percent_statements_covered": 100.0, "percent_statements_covered_display": "100"}, "missing_lines": [], "excluded_lines": [], "start_line": 56}, "_norm_code": {"executed_lines": [77, 80, 81], "summary": {"covered_lines": 3, "num_statements": 4, "percent_covered": 75.0, "percent_covered_display": "75", "missing_lines": 1, "excluded_lines": 0, "percent_statements_covered": 75.0, "percent_statements_covered_display": "75"}, "missing_lines": [78], "excluded_lines": [], "start_line": 76}, "_norm_table": {"executed_lines": [85], "summary": {"covered_lines": 1, "num_statements": 1, "percent_covered": 100.0, "percent_covered_display": "100", "missing_lines": 0, "excluded_lines": 0, "percent_statements_covered": 100.0, "percent_statements_covered_display": "100"}, "missing_lines": [], "excluded_lines": [], "start_line": 84}, "": {"executed_lines": [22, 24, 25, 26, 28, 31, 48, 56, 76, 84], "summary": {"covered_lines": 10, "num_statements": 10, "percent_covered": 100.0, "percent_covered_display": "100", "missing_lines": 0, "excluded_lines": 0, "percent_statements_covered": 100.0, "percent_statements_covered_display": "100"}, "missing_lines": [], "excluded_lines": [], "start_line": 1}}, "classes": {"": {"executed_lines": [22, 24, 25, 26, 28, 31, 32, 33, 34, 35, 36, 37, 38, 39, 48, 49, 56, 57, 58, 59, 61, 63, 65, 72, 73, 76, 77, 80, 81, 84, 85], "summary": {"covered_lines": 31, "num_statements": 32, "percent_covered": 96.875, "percent_covered_display": "97", "missing_lines": 1, "excluded_lines": 0, "percent_statements_covered": 96.875, "percent_statements_covered_display": "97"}, "missing_lines": [78], "excluded_lines": [], "start_line": 1}}}, "ate/parsers/__init__.py": {"executed_lines": [2, 4], "summary": {"covered_lines": 2, "num_statements": 2, "percent_covered": 100.0, "percent_covered_display": "100", "missing_lines": 0, "excluded_lines": 0, "percent_statements_covered": 100.0, "percent_statements_covered_display": "100"}, "missing_lines": [], "excluded_lines": [], "functions": {"": {"executed_lines": [2, 4], "summary": {"covered_lines": 2, "num_statements": 2, "percent_covered": 100.0, "percent_covered_display": "100", "missing_lines": 0, "excluded_lines": 0, "percent_statements_covered": 100.0, "percent_statements_covered_display": "100"}, "missing_lines": [], "excluded_lines": [], "start_line": 1}}, "classes": {"": {"executed_lines": [2, 4], "summary": {"covered_lines": 2, "num_statements": 2, "percent_covered": 100.0, "percent_covered_display": "100", "missing_lines": 0, "excluded_lines": 0, "percent_statements_covered": 100.0, "percent_statements_covered_display": "100"}, "missing_lines": [], "excluded_lines": [], "start_line": 1}}}, "ate/parsers/dispatch.py": {"executed_lines": [7, 9, 11, 12, 14, 15, 18, 20, 21, 22, 25, 26, 28, 29, 31, 34, 35, 44, 45, 46, 47, 51, 53, 59, 60, 63, 64, 65, 66, 67, 76, 78, 79, 80, 81, 82, 83, 84, 85, 86, 87, 88], "summary": {"covered_lines": 42, "num_statements": 52, "percent_covered": 80.76923076923077, "percent_covered_display": "81", "missing_lines": 10, "excluded_lines": 0, "percent_statements_covered": 80.76923076923077, "percent_statements_covered_display": "81"}, "missing_lines": [23, 36, 61, 68, 69, 70, 71, 72, 73, 89], "excluded_lines": [], "functions": {"detect_format": {"executed_lines": [20, 21, 22, 25, 26, 28, 29, 31, 34, 35, 44, 45, 46, 47, 51, 53], "summary": {"covered_lines": 16, "num_statements": 18, "percent_covered": 88.88888888888889, "percent_covered_display": "89", "missing_lines": 2, "excluded_lines": 0, "percent_statements_covered": 88.88888888888889, "percent_statements_covered_display": "89"}, "missing_lines": [23, 36], "excluded_lines": [], "start_line": 18}, "_looks_like_text": {"executed_lines": [60, 63, 64, 65, 66, 67], "summary": {"covered_lines": 6, "num_statements": 13, "percent_covered": 46.15384615384615, "percent_covered_display": "46", "missing_lines": 7, "excluded_lines": 0, "percent_statements_covered": 46.15384615384615, "percent_statements_covered_display": "46"}, "missing_lines": [61, 68, 69, 70, 71, 72, 73], "excluded_lines": [], "start_line": 59}, "parse": {"executed_lines": [78, 79, 80, 81, 82, 83, 84, 85, 86, 87, 88], "summary": {"covered_lines": 11, "num_statements": 12, "percent_covered": 91.66666666666667, "percent_covered_display": "92", "missing_lines": 1, "excluded_lines": 0, "percent_statements_covered": 91.66666666666667, "percent_statements_covered_display": "92"}, "missing_lines": [89], "excluded_lines": [], "start_line": 76}, "": {"executed_lines": [7, 9, 11, 12, 14, 15, 18, 59, 76], "summary": {"covered_lines": 9, "num_statements": 9, "percent_covered": 100.0, "percent_covered_display": "100", "missing_lines": 0, "excluded_lines": 0, "percent_statements_covered": 100.0, "percent_statements_covered_display": "100"}, "missing_lines": [], "excluded_lines": [], "start_line": 1}}, "classes": {"": {"executed_lines": [7, 9, 11, 12, 14, 15, 18, 20, 21, 22, 25, 26, 28, 29, 31, 34, 35, 44, 45, 46, 47, 51, 53, 59, 60, 63, 64, 65, 66, 67, 76, 78, 79, 80, 81, 82, 83, 84, 85, 86, 87, 88], "summary": {"covered_lines": 42, "num_statements": 52, "percent_covered": 80.76923076923077, "percent_covered_display": "81", "missing_lines": 10, "excluded_lines": 0, "percent_statements_covered": 80.76923076923077, "percent_statements_covered_display": "81"}, "missing_lines": [23, 36, 61, 68, 69, 70, 71, 72, 73, 89], "excluded_lines": [], "start_line": 1}}}, "ate/parsers/docx_parser.py": {"executed_lines": [14, 16, 17, 19, 20, 21, 22, 23, 25, 26, 37, 48, 51, 59, 60, 61, 68, 71, 73, 75, 77, 78, 79, 80, 81, 83, 84, 85, 86, 87, 89, 90, 91, 93, 94, 95, 97, 98, 99, 101, 103, 104, 105, 106, 108, 109, 110, 112, 114, 116, 119, 127, 128, 129, 130, 135, 136, 137, 138, 139, 140, 143, 144, 146, 147, 148, 151, 152, 153, 154, 155, 158, 159, 160, 163, 164, 165, 167, 168, 169, 170, 171, 172, 173, 174, 175, 176, 179, 180, 182, 185, 186, 187, 188, 189, 192, 193, 194, 196, 197, 199, 200, 202, 203, 204, 209, 216, 217, 218, 219, 220, 221, 222, 223, 224, 227, 229, 230, 231, 232, 233, 234, 235, 236, 238, 239, 240, 241, 242, 243, 244, 245, 250], "summary": {"covered_lines": 133, "num_statements": 148, "percent_covered": 89.86486486486487, "percent_covered_display": "90", "missing_lines": 15, "excluded_lines": 5, "percent_statements_covered": 89.86486486486487, "percent_statements_covered_display": "90"}, "missing_lines": [117, 131, 141, 142, 145, 161, 177, 181, 195, 198, 201, 205, 206, 246, 247], "excluded_lines": [62, 63, 64, 65, 66], "functions": {"parse_docx": {"executed_lines": [60, 61, 68, 71, 73, 75, 83, 84, 85, 86, 87, 89, 90, 91, 93, 94, 95, 97, 98, 99, 101, 103, 104, 105, 106, 108, 109, 110, 112, 114, 116, 119], "summary": {"covered_lines": 32, "num_statements": 33, "percent_covered": 96.96969696969697, "percent_covered_display": "97", "missing_lines": 1, "excluded_lines": 5, "percent_statements_covered": 96.96969696969697, "percent_statements_covered_display": "97"}, "missing_lines": [117], "excluded_lines": [62, 63, 64, 65, 66], "start_line": 59}, "parse_docx.flush_code": {"executed_lines": [77, 78, 79, 80, 81], "summary": {"covered_lines": 5, "num_statements": 5, "percent_covered": 100.0, "percent_covered_display": "100", "missing_lines": 0, "excluded_lines": 0, "percent_statements_covered": 100.0, "percent_statements_covered_display": "100"}, "missing_lines": [], "excluded_lines": [], "start_line": 75}, "_heading_from_para": {"executed_lines": [128, 129, 130, 135, 136, 137, 138, 139, 140, 143, 144, 146, 147, 148, 151, 152, 153, 154, 155], "summary": {"covered_lines": 19, "num_statements": 23, "percent_covered": 82.6086956521739, "percent_covered_display": "83", "missing_lines": 4, "excluded_lines": 0, "percent_statements_covered": 82.6086956521739, "percent_statements_covered_display": "83"}, "missing_lines": [131, 141, 142, 145], "excluded_lines": [], "start_line": 127}, "_is_code_paragraph": {"executed_lines": [159, 160, 163, 164, 165, 167, 168, 169, 170, 171, 172, 173, 174, 175, 176, 179, 180, 182], "summary": {"covered_lines": 18, "num_statements": 21, "percent_covered": 85.71428571428571, "percent_covered_display": "86", "missing_lines": 3, "excluded_lines": 0, "percent_statements_covered": 85.71428571428571, "percent_statements_covered_display": "86"}, "missing_lines": [161, 177, 181], "excluded_lines": [], "start_line": 158}, "_is_list_item": {"executed_lines": [186, 187, 188, 189], "summary": {"covered_lines": 4, "num_statements": 4, "percent_covered": 100.0, "percent_covered_display": "100", "missing_lines": 0, "excluded_lines": 0, "percent_statements_covered": 100.0, "percent_statements_covered_display": "100"}, "missing_lines": [], "excluded_lines": [], "start_line": 185}, "_list_level": {"executed_lines": [193, 194, 196, 197, 199, 200, 202, 203, 204], "summary": {"covered_lines": 9, "num_statements": 14, "percent_covered": 64.28571428571429, "percent_covered_display": "64", "missing_lines": 5, "excluded_lines": 0, "percent_statements_covered": 64.28571428571429, "percent_statements_covered_display": "64"}, "missing_lines": [195, 198, 201, 205, 206], "excluded_lines": [], "start_line": 192}, "_table_to_ir": {"executed_lines": [216, 217, 218, 219, 220, 221, 222, 223, 224], "summary": {"covered_lines": 9, "num_statements": 9, "percent_covered": 100.0, "percent_covered_display": "100", "missing_lines": 0, "excluded_lines": 0, "percent_statements_covered": 100.0, "percent_statements_covered_display": "100"}, "missing_lines": [], "excluded_lines": [], "start_line": 209}, "_tc_to_ir": {"executed_lines": [229, 230, 231, 232, 233, 234, 235, 236, 238, 239, 240, 241, 242, 243, 244, 245, 250], "summary": {"covered_lines": 17, "num_statements": 19, "percent_covered": 89.47368421052632, "percent_covered_display": "89", "missing_lines": 2, "excluded_lines": 0, "percent_statements_covered": 89.47368421052632, "percent_statements_covered_display": "89"}, "missing_lines": [246, 247], "excluded_lines": [], "start_line": 227}, "": {"executed_lines": [14, 16, 17, 19, 20, 21, 22, 23, 25, 26, 37, 48, 51, 59, 127, 158, 185, 192, 209, 227], "summary": {"covered_lines": 20, "num_statements": 20, "percent_covered": 100.0, "percent_covered_display": "100", "missing_lines": 0, "excluded_lines": 0, "percent_statements_covered": 100.0, "percent_statements_covered_display": "100"}, "missing_lines": [], "excluded_lines": [], "start_line": 1}}, "classes": {"": {"executed_lines": [14, 16, 17, 19, 20, 21, 22, 23, 25, 26, 37, 48, 51, 59, 60, 61, 68, 71, 73, 75, 77, 78, 79, 80, 81, 83, 84, 85, 86, 87, 89, 90, 91, 93, 94, 95, 97, 98, 99, 101, 103, 104, 105, 106, 108, 109, 110, 112, 114, 116, 119, 127, 128, 129, 130, 135, 136, 137, 138, 139, 140, 143, 144, 146, 147, 148, 151, 152, 153, 154, 155, 158, 159, 160, 163, 164, 165, 167, 168, 169, 170, 171, 172, 173, 174, 175, 176, 179, 180, 182, 185, 186, 187, 188, 189, 192, 193, 194, 196, 197, 199, 200, 202, 203, 204, 209, 216, 217, 218, 219, 220, 221, 222, 223, 224, 227, 229, 230, 231, 232, 233, 234, 235, 236, 238, 239, 240, 241, 242, 243, 244, 245, 250], "summary": {"covered_lines": 133, "num_statements": 148, "percent_covered": 89.86486486486487, "percent_covered_display": "90", "missing_lines": 15, "excluded_lines": 5, "percent_statements_covered": 89.86486486486487, "percent_statements_covered_display": "90"}, "missing_lines": [117, 131, 141, 142, 145, 161, 177, 181, 195, 198, 201, 205, 206, 246, 247], "excluded_lines": [62, 63, 64, 65, 66], "start_line": 1}}}, "ate/parsers/pdf_parser.py": {"executed_lines": [13, 15, 16, 17, 19, 21, 27, 37, 46, 49, 50, 51, 52, 53, 54, 56, 58, 60, 61, 65, 66, 67, 74, 75, 76, 77, 78, 81, 84, 85, 86, 87, 91, 92, 94, 96, 97, 98, 99, 100, 102, 104, 105, 106, 107, 108, 110, 111, 112, 115, 117, 118, 119, 120, 127, 131, 136, 137, 139, 140, 141, 142, 145, 146, 147, 148, 149, 151, 152, 166, 167, 170, 171, 174, 175, 176, 178, 179, 180, 181, 183, 186, 194, 196, 197, 200, 201, 202, 203, 205, 206, 207, 208, 209, 210, 211, 212, 216, 217, 218, 219, 220, 227, 230, 231, 232, 233, 234, 235, 238, 239, 240, 242, 243, 244, 245, 246, 247, 248, 251, 254, 257, 259, 261, 262, 263, 264, 265, 266, 268, 269, 270, 271, 272], "summary": {"covered_lines": 134, "num_statements": 157, "percent_covered": 85.35031847133757, "percent_covered_display": "85", "missing_lines": 23, "excluded_lines": 0, "percent_statements_covered": 85.35031847133757, "percent_statements_covered_display": "85"}, "missing_lines": [55, 62, 88, 89, 121, 122, 123, 124, 128, 132, 158, 159, 160, 161, 163, 177, 184, 198, 250, 252, 253, 260, 267], "excluded_lines": [], "functions": {"parse_pdf": {"executed_lines": [50, 51, 52, 53, 54, 56, 58, 60, 61, 65, 66, 67, 74, 75, 76, 77, 78, 81, 84, 85, 86, 87, 91, 92, 94, 102, 110, 111, 112, 115, 117, 118, 119, 120, 127, 131, 136, 137, 139, 140, 141, 142, 145, 146, 147, 148, 149, 151, 152, 166, 167, 170, 171, 174, 175, 176, 178, 179, 180, 181, 183, 186], "summary": {"covered_lines": 62, "num_statements": 79, "percent_covered": 78.48101265822785, "percent_covered_display": "78", "missing_lines": 17, "excluded_lines": 0, "percent_statements_covered": 78.48101265822785, "percent_statements_covered_display": "78"}, "missing_lines": [55, 62, 88, 89, 121, 122, 123, 124, 128, 132, 158, 159, 160, 161, 163, 177, 184], "excluded_lines": [], "start_line": 49}, "parse_pdf.flush_code": {"executed_lines": [96, 97, 98, 99, 100], "summary": {"covered_lines": 5, "num_statements": 5, "percent_covered": 100.0, "percent_covered_display": "100", "missing_lines": 0, "excluded_lines": 0, "percent_statements_covered": 100.0, "percent_statements_covered_display": "100"}, "missing_lines": [], "excluded_lines": [], "start_line": 94}, "parse_pdf.flush_para": {"executed_lines": [104, 105, 106, 107, 108], "summary": {"covered_lines": 5, "num_statements": 5, "percent_covered": 100.0, "percent_covered_display": "100", "missing_lines": 0, "excluded_lines": 0, "percent_statements_covered": 100.0, "percent_statements_covered_display": "100"}, "missing_lines": [], "excluded_lines": [], "start_line": 102}, "_extract_lines_with_meta": {"executed_lines": [196, 197, 200, 201, 202, 203, 205, 206, 207, 208, 209, 210, 211, 212, 216, 217, 218, 219, 220, 227], "summary": {"covered_lines": 20, "num_statements": 21, "percent_covered": 95.23809523809524, "percent_covered_display": "95", "missing_lines": 1, "excluded_lines": 0, "percent_statements_covered": 95.23809523809524, "percent_statements_covered_display": "95"}, "missing_lines": [198], "excluded_lines": [], "start_line": 194}, "_bbox_overlaps_any": {"executed_lines": [231, 232, 233, 234, 235], "summary": {"covered_lines": 5, "num_statements": 5, "percent_covered": 100.0, "percent_covered_display": "100", "missing_lines": 0, "excluded_lines": 0, "percent_statements_covered": 100.0, "percent_statements_covered_display": "100"}, "missing_lines": [], "excluded_lines": [], "start_line": 230}, "_heading_from_text": {"executed_lines": [239, 240, 242, 243, 244, 245, 246, 247, 248, 251, 254], "summary": {"covered_lines": 11, "num_statements": 14, "percent_covered": 78.57142857142857, "percent_covered_display": "79", "missing_lines": 3, "excluded_lines": 0, "percent_statements_covered": 78.57142857142857, "percent_statements_covered_display": "79"}, "missing_lines": [250, 252, 253], "excluded_lines": [], "start_line": 238}, "_detect_repeating_lines": {"executed_lines": [259, 261, 262, 263, 264, 265, 266, 268, 269, 270, 271, 272], "summary": {"covered_lines": 12, "num_statements": 14, "percent_covered": 85.71428571428571, "percent_covered_display": "86", "missing_lines": 2, "excluded_lines": 0, "percent_statements_covered": 85.71428571428571, "percent_statements_covered_display": "86"}, "missing_lines": [260, 267], "excluded_lines": [], "start_line": 257}, "": {"executed_lines": [13, 15, 16, 17, 19, 21, 27, 37, 46, 49, 194, 230, 238, 257], "summary": {"covered_lines": 14, "num_statements": 14, "percent_covered": 100.0, "percent_covered_display": "100", "missing_lines": 0, "excluded_lines": 0, "percent_statements_covered": 100.0, "percent_statements_covered_display": "100"}, "missing_lines": [], "excluded_lines": [], "start_line": 1}}, "classes": {"": {"executed_lines": [13, 15, 16, 17, 19, 21, 27, 37, 46, 49, 50, 51, 52, 53, 54, 56, 58, 60, 61, 65, 66, 67, 74, 75, 76, 77, 78, 81, 84, 85, 86, 87, 91, 92, 94, 96, 97, 98, 99, 100, 102, 104, 105, 106, 107, 108, 110, 111, 112, 115, 117, 118, 119, 120, 127, 131, 136, 137, 139, 140, 141, 142, 145, 146, 147, 148, 149, 151, 152, 166, 167, 170, 171, 174, 175, 176, 178, 179, 180, 181, 183, 186, 194, 196, 197, 200, 201, 202, 203, 205, 206, 207, 208, 209, 210, 211, 212, 216, 217, 218, 219, 220, 227, 230, 231, 232, 233, 234, 235, 238, 239, 240, 242, 243, 244, 245, 246, 247, 248, 251, 254, 257, 259, 261, 262, 263, 264, 265, 266, 268, 269, 270, 271, 272], "summary": {"covered_lines": 134, "num_statements": 157, "percent_covered": 85.35031847133757, "percent_covered_display": "85", "missing_lines": 23, "excluded_lines": 0, "percent_statements_covered": 85.35031847133757, "percent_statements_covered_display": "85"}, "missing_lines": [55, 62, 88, 89, 121, 122, 123, 124, 128, 132, 158, 159, 160, 161, 163, 177, 184, 198, 250, 252, 253, 260, 267], "excluded_lines": [], "start_line": 1}}}, "ate/parsers/txt_parser.py": {"executed_lines": [15, 17, 18, 20, 21, 23, 24, 25, 26, 29, 30, 31, 32, 34, 35, 36, 37, 38, 41, 44, 45, 46, 48, 49, 50, 51, 53, 55, 56, 57, 58, 59, 61, 63, 64, 65, 66, 67, 69, 70, 71, 72, 75, 84, 90, 91, 92, 93, 94, 95, 98, 99, 100, 114, 115, 123, 124, 125, 131, 132, 133, 134, 137, 138, 141, 154, 155, 156, 157, 158, 161, 162, 163, 164, 165, 166, 167, 170, 171, 172, 174, 175, 177, 180], "summary": {"covered_lines": 84, "num_statements": 114, "percent_covered": 73.6842105263158, "percent_covered_display": "74", "missing_lines": 30, "excluded_lines": 0, "percent_statements_covered": 73.6842105263158, "percent_statements_covered_display": "74"}, "missing_lines": [39, 40, 42, 76, 77, 78, 80, 81, 82, 83, 85, 86, 87, 106, 107, 108, 109, 110, 111, 116, 117, 118, 119, 120, 147, 148, 149, 150, 151, 178], "excluded_lines": [], "functions": {"parse_txt": {"executed_lines": [30, 31, 32, 34, 35, 36, 37, 38, 41, 44, 45, 46, 48, 49, 50, 51, 53, 61, 69, 70, 71, 72, 75, 84, 90, 91, 92, 93, 94, 95, 98, 99, 100, 114, 115, 123, 124, 125, 131, 132, 133, 134, 137, 138, 141, 154, 155, 156, 157, 158, 161, 162, 163, 164, 165, 166, 167, 170, 171, 172, 174, 175, 177, 180], "summary": {"covered_lines": 64, "num_statements": 94, "percent_covered": 68.08510638297872, "percent_covered_display": "68", "missing_lines": 30, "excluded_lines": 0, "percent_statements_covered": 68.08510638297872, "percent_statements_covered_display": "68"}, "missing_lines": [39, 40, 42, 76, 77, 78, 80, 81, 82, 83, 85, 86, 87, 106, 107, 108, 109, 110, 111, 116, 117, 118, 119, 120, 147, 148, 149, 150, 151, 178], "excluded_lines": [], "start_line": 29}, "parse_txt.flush_code": {"executed_lines": [55, 56, 57, 58, 59], "summary": {"covered_lines": 5, "num_statements": 5, "percent_covered": 100.0, "percent_covered_display": "100", "missing_lines": 0, "excluded_lines": 0, "percent_statements_covered": 100.0, "percent_statements_covered_display": "100"}, "missing_lines": [], "excluded_lines": [], "start_line": 53}, "parse_txt.flush_para": {"executed_lines": [63, 64, 65, 66, 67], "summary": {"covered_lines": 5, "num_statements": 5, "percent_covered": 100.0, "percent_covered_display": "100", "missing_lines": 0, "excluded_lines": 0, "percent_statements_covered": 100.0, "percent_statements_covered_display": "100"}, "missing_lines": [], "excluded_lines": [], "start_line": 61}, "": {"executed_lines": [15, 17, 18, 20, 21, 23, 24, 25, 26, 29], "summary": {"covered_lines": 10, "num_statements": 10, "percent_covered": 100.0, "percent_covered_display": "100", "missing_lines": 0, "excluded_lines": 0, "percent_statements_covered": 100.0, "percent_statements_covered_display": "100"}, "missing_lines": [], "excluded_lines": [], "start_line": 1}}, "classes": {"": {"executed_lines": [15, 17, 18, 20, 21, 23, 24, 25, 26, 29, 30, 31, 32, 34, 35, 36, 37, 38, 41, 44, 45, 46, 48, 49, 50, 51, 53, 55, 56, 57, 58, 59, 61, 63, 64, 65, 66, 67, 69, 70, 71, 72, 75, 84, 90, 91, 92, 93, 94, 95, 98, 99, 100, 114, 115, 123, 124, 125, 131, 132, 133, 134, 137, 138, 141, 154, 155, 156, 157, 158, 161, 162, 163, 164, 165, 166, 167, 170, 171, 172, 174, 175, 177, 180], "summary": {"covered_lines": 84, "num_statements": 114, "percent_covered": 73.6842105263158, "percent_covered_display": "74", "missing_lines": 30, "excluded_lines": 0, "percent_statements_covered": 73.6842105263158, "percent_statements_covered_display": "74"}, "missing_lines": [39, 40, 42, 76, 77, 78, 80, 81, 82, 83, 85, 86, 87, 106, 107, 108, 109, 110, 111, 116, 117, 118, 119, 120, 147, 148, 149, 150, 151, 178], "excluded_lines": [], "start_line": 1}}}, "ate/planner/__init__.py": {"executed_lines": [10, 11, 13], "summary": {"covered_lines": 3, "num_statements": 3, "percent_covered": 100.0, "percent_covered_display": "100", "missing_lines": 0, "excluded_lines": 0, "percent_statements_covered": 100.0, "percent_statements_covered_display": "100"}, "missing_lines": [], "excluded_lines": [], "functions": {"": {"executed_lines": [10, 11, 13], "summary": {"covered_lines": 3, "num_statements": 3, "percent_covered": 100.0, "percent_covered_display": "100", "missing_lines": 0, "excluded_lines": 0, "percent_statements_covered": 100.0, "percent_statements_covered_display": "100"}, "missing_lines": [], "excluded_lines": [], "start_line": 1}}, "classes": {"": {"executed_lines": [10, 11, 13], "summary": {"covered_lines": 3, "num_statements": 3, "percent_covered": 100.0, "percent_covered_display": "100", "missing_lines": 0, "excluded_lines": 0, "percent_statements_covered": 100.0, "percent_statements_covered_display": "100"}, "missing_lines": [], "excluded_lines": [], "start_line": 1}}}, "ate/planner/ai_enricher.py": {"executed_lines": [20, 22, 23, 24, 25, 27, 29, 30, 31, 32, 69, 72, 73, 74, 75, 76, 77, 78, 79, 82, 83, 85, 86, 91, 92, 93, 97, 98, 99, 102, 118, 120, 121, 124, 125, 126, 131, 133, 137, 138, 139, 140, 143, 152, 153, 154, 156, 157, 158, 161, 164, 166, 167, 168, 169, 170, 171, 172, 177, 178, 179, 180, 184, 185, 187, 188, 189, 190, 191, 192, 198, 199, 203, 204, 207, 208, 210, 211, 213, 214], "summary": {"covered_lines": 80, "num_statements": 93, "percent_covered": 86.02150537634408, "percent_covered_display": "86", "missing_lines": 13, "excluded_lines": 0, "percent_statements_covered": 86.02150537634408, "percent_statements_covered_display": "86"}, "missing_lines": [84, 87, 88, 100, 101, 122, 123, 134, 135, 136, 173, 174, 175], "excluded_lines": [], "functions": {"_row_key": {"executed_lines": [72, 73, 74, 75, 76, 77, 78, 79], "summary": {"covered_lines": 8, "num_statements": 8, "percent_covered": 100.0, "percent_covered_display": "100", "missing_lines": 0, "excluded_lines": 0, "percent_statements_covered": 100.0, "percent_statements_covered_display": "100"}, "missing_lines": [], "excluded_lines": [], "start_line": 69}, "load_cache": {"executed_lines": [83, 85, 86], "summary": {"covered_lines": 3, "num_statements": 6, "percent_covered": 50.0, "percent_covered_display": "50", "missing_lines": 3, "excluded_lines": 0, "percent_statements_covered": 50.0, "percent_statements_covered_display": "50"}, "missing_lines": [84, 87, 88], "excluded_lines": [], "start_line": 82}, "save_cache": {"executed_lines": [92, 93], "summary": {"covered_lines": 2, "num_statements": 2, "percent_covered": 100.0, "percent_covered_display": "100", "missing_lines": 0, "excluded_lines": 0, "percent_statements_covered": 100.0, "percent_statements_covered_display": "100"}, "missing_lines": [], "excluded_lines": [], "start_line": 91}, "_build_prompt": {"executed_lines": [98, 99, 102], "summary": {"covered_lines": 3, "num_statements": 5, "percent_covered": 60.0, "percent_covered_display": "60", "missing_lines": 2, "excluded_lines": 0, "percent_statements_covered": 60.0, "percent_statements_covered_display": "60"}, "missing_lines": [100, 101], "excluded_lines": [], "start_line": 97}, "_call_claude": {"executed_lines": [120, 121, 124, 125, 126, 131, 133, 137, 138, 139, 140], "summary": {"covered_lines": 11, "num_statements": 16, "percent_covered": 68.75, "percent_covered_display": "69", "missing_lines": 5, "excluded_lines": 0, "percent_statements_covered": 68.75, "percent_statements_covered_display": "69"}, "missing_lines": [122, 123, 134, 135, 136], "excluded_lines": [], "start_line": 118}, "enrich_plan": {"executed_lines": [152, 153, 154, 156, 157, 158, 161, 164, 166, 167, 168, 169, 170, 171, 172, 177, 178, 179, 180, 184, 185, 187, 188, 189, 190, 191, 192, 198, 199, 203, 204, 207, 208, 210, 211, 213, 214], "summary": {"covered_lines": 37, "num_statements": 40, "percent_covered": 92.5, "percent_covered_display": "92", "missing_lines": 3, "excluded_lines": 0, "percent_statements_covered": 92.5, "percent_statements_covered_display": "92"}, "missing_lines": [173, 174, 175], "excluded_lines": [], "start_line": 143}, "": {"executed_lines": [20, 22, 23, 24, 25, 27, 29, 30, 31, 32, 69, 82, 91, 97, 118, 143], "summary": {"covered_lines": 16, "num_statements": 16, "percent_covered": 100.0, "percent_covered_display": "100", "missing_lines": 0, "excluded_lines": 0, "percent_statements_covered": 100.0, "percent_statements_covered_display": "100"}, "missing_lines": [], "excluded_lines": [], "start_line": 1}}, "classes": {"": {"executed_lines": [20, 22, 23, 24, 25, 27, 29, 30, 31, 32, 69, 72, 73, 74, 75, 76, 77, 78, 79, 82, 83, 85, 86, 91, 92, 93, 97, 98, 99, 102, 118, 120, 121, 124, 125, 126, 131, 133, 137, 138, 139, 140, 143, 152, 153, 154, 156, 157, 158, 161, 164, 166, 167, 168, 169, 170, 171, 172, 177, 178, 179, 180, 184, 185, 187, 188, 189, 190, 191, 192, 198, 199, 203, 204, 207, 208, 210, 211, 213, 214], "summary": {"covered_lines": 80, "num_statements": 93, "percent_covered": 86.02150537634408, "percent_covered_display": "86", "missing_lines": 13, "excluded_lines": 0, "percent_statements_covered": 86.02150537634408, "percent_statements_covered_display": "86"}, "missing_lines": [84, 87, 88, 100, 101, 122, 123, 134, 135, 136, 173, 174, 175], "excluded_lines": [], "start_line": 1}}}, "ate/planner/categories.py": {"executed_lines": [14, 17, 38, 70, 76, 163, 165, 166, 167, 168, 169, 170, 171, 172, 173, 174, 175, 176, 177], "summary": {"covered_lines": 19, "num_statements": 19, "percent_covered": 100.0, "percent_covered_display": "100", "missing_lines": 0, "excluded_lines": 0, "percent_statements_covered": 100.0, "percent_statements_covered_display": "100"}, "missing_lines": [], "excluded_lines": [], "functions": {"categories_for_tags": {"executed_lines": [165, 166, 167, 168, 169, 170, 171, 172, 173, 174, 175, 176, 177], "summary": {"covered_lines": 13, "num_statements": 13, "percent_covered": 100.0, "percent_covered_display": "100", "missing_lines": 0, "excluded_lines": 0, "percent_statements_covered": 100.0, "percent_statements_covered_display": "100"}, "missing_lines": [], "excluded_lines": [], "start_line": 163}, "": {"executed_lines": [14, 17, 38, 70, 76, 163], "summary": {"covered_lines": 6, "num_statements": 6, "percent_covered": 100.0, "percent_covered_display": "100", "missing_lines": 0, "excluded_lines": 0, "percent_statements_covered": 100.0, "percent_statements_covered_display": "100"}, "missing_lines": [], "excluded_lines": [], "start_line": 1}}, "classes": {"": {"executed_lines": [14, 17, 38, 70, 76, 163, 165, 166, 167, 168, 169, 170, 171, 172, 173, 174, 175, 176, 177], "summary": {"covered_lines": 19, "num_statements": 19, "percent_covered": 100.0, "percent_covered_display": "100", "missing_lines": 0, "excluded_lines": 0, "percent_statements_covered": 100.0, "percent_statements_covered_display": "100"}, "missing_lines": [], "excluded_lines": [], "start_line": 1}}}, "ate/planner/extractor.py": {"executed_lines": [15, 17, 19, 20, 22, 23, 27, 33, 76, 112, 124, 125, 126, 127, 130, 131, 132, 133, 134, 135, 136, 137, 140, 148, 149, 150, 151, 152, 153, 155, 156, 157, 159, 161, 162, 164, 165, 168, 170, 171, 172, 173, 175, 176, 177, 178, 179, 180, 181, 182, 189, 190, 191, 192, 193, 194, 195, 196, 197, 200, 201, 202, 203, 204, 205, 208, 211, 216, 217, 219, 221, 233, 234, 235, 236, 238, 239, 240], "summary": {"covered_lines": 78, "num_statements": 80, "percent_covered": 97.5, "percent_covered_display": "98", "missing_lines": 2, "excluded_lines": 0, "percent_statements_covered": 97.5, "percent_statements_covered_display": "98"}, "missing_lines": [198, 237], "excluded_lines": [], "functions": {"_compute_tags": {"executed_lines": [124, 125, 126, 127, 130, 131, 132, 133, 134, 135, 136, 137], "summary": {"covered_lines": 12, "num_statements": 12, "percent_covered": 100.0, "percent_covered_display": "100", "missing_lines": 0, "excluded_lines": 0, "percent_statements_covered": 100.0, "percent_statements_covered_display": "100"}, "missing_lines": [], "excluded_lines": [], "start_line": 112}, "_infer_section_numbers": {"executed_lines": [148, 149, 150, 151, 152, 153, 155, 156, 157, 159, 161, 162, 164, 165], "summary": {"covered_lines": 14, "num_statements": 14, "percent_covered": 100.0, "percent_covered_display": "100", "missing_lines": 0, "excluded_lines": 0, "percent_statements_covered": 100.0, "percent_statements_covered_display": "100"}, "missing_lines": [], "excluded_lines": [], "start_line": 140}, "extract_requirements": {"executed_lines": [170, 171, 172, 173, 175, 176, 177, 178, 179, 180, 181, 182, 189, 190, 191, 192, 193, 194, 195, 196, 197, 200, 201, 202, 203, 204, 205, 208, 211, 216, 217, 219, 221, 233, 234, 235, 236, 238, 239, 240], "summary": {"covered_lines": 40, "num_statements": 42, "percent_covered": 95.23809523809524, "percent_covered_display": "95", "missing_lines": 2, "excluded_lines": 0, "percent_statements_covered": 95.23809523809524, "percent_statements_covered_display": "95"}, "missing_lines": [198, 237], "excluded_lines": [], "start_line": 168}, "": {"executed_lines": [15, 17, 19, 20, 22, 23, 27, 33, 76, 112, 140, 168], "summary": {"covered_lines": 12, "num_statements": 12, "percent_covered": 100.0, "percent_covered_display": "100", "missing_lines": 0, "excluded_lines": 0, "percent_statements_covered": 100.0, "percent_statements_covered_display": "100"}, "missing_lines": [], "excluded_lines": [], "start_line": 1}}, "classes": {"": {"executed_lines": [15, 17, 19, 20, 22, 23, 27, 33, 76, 112, 124, 125, 126, 127, 130, 131, 132, 133, 134, 135, 136, 137, 140, 148, 149, 150, 151, 152, 153, 155, 156, 157, 159, 161, 162, 164, 165, 168, 170, 171, 172, 173, 175, 176, 177, 178, 179, 180, 181, 182, 189, 190, 191, 192, 193, 194, 195, 196, 197, 200, 201, 202, 203, 204, 205, 208, 211, 216, 217, 219, 221, 233, 234, 235, 236, 238, 239, 240], "summary": {"covered_lines": 78, "num_statements": 80, "percent_covered": 97.5, "percent_covered_display": "98", "missing_lines": 2, "excluded_lines": 0, "percent_statements_covered": 97.5, "percent_statements_covered_display": "98"}, "missing_lines": [198, 237], "excluded_lines": [], "start_line": 1}}}, "ate/planner/generator.py": {"executed_lines": [12, 14, 15, 17, 18, 19, 20, 21, 22, 25, 27, 28, 29, 31, 32, 34, 35, 38, 39, 42, 44, 45, 46, 47, 48, 49, 50, 53, 54, 55, 56, 59, 60, 63, 64, 78, 89, 94, 95, 96, 97, 98, 102, 107, 108, 110, 111, 113, 115, 116, 118, 119, 122, 123, 124, 127, 129, 130, 132, 140, 141, 142, 143, 144, 152, 162, 163, 164, 165, 168, 173, 174, 175], "summary": {"covered_lines": 73, "num_statements": 76, "percent_covered": 96.05263157894737, "percent_covered_display": "96", "missing_lines": 3, "excluded_lines": 0, "percent_statements_covered": 96.05263157894737, "percent_statements_covered_display": "96"}, "missing_lines": [33, 99, 125], "excluded_lines": [], "functions": {"_cli_hint": {"executed_lines": [27, 28, 29, 31, 32, 34, 35], "summary": {"covered_lines": 7, "num_statements": 8, "percent_covered": 87.5, "percent_covered_display": "88", "missing_lines": 1, "excluded_lines": 0, "percent_statements_covered": 87.5, "percent_statements_covered_display": "88"}, "missing_lines": [33], "excluded_lines": [], "start_line": 25}, "_rfc_refs_or": {"executed_lines": [39], "summary": {"covered_lines": 1, "num_statements": 1, "percent_covered": 100.0, "percent_covered_display": "100", "missing_lines": 0, "excluded_lines": 0, "percent_statements_covered": 100.0, "percent_statements_covered_display": "100"}, "missing_lines": [], "excluded_lines": [], "start_line": 38}, "_must_hint": {"executed_lines": [44, 45, 46, 47, 48, 49, 50], "summary": {"covered_lines": 7, "num_statements": 7, "percent_covered": 100.0, "percent_covered_display": "100", "missing_lines": 0, "excluded_lines": 0, "percent_statements_covered": 100.0, "percent_statements_covered_display": "100"}, "missing_lines": [], "excluded_lines": [], "start_line": 42}, "_rfc_hint": {"executed_lines": [54, 55, 56], "summary": {"covered_lines": 3, "num_statements": 3, "percent_covered": 100.0, "percent_covered_display": "100", "missing_lines": 0, "excluded_lines": 0, "percent_statements_covered": 100.0, "percent_statements_covered_display": "100"}, "missing_lines": [], "excluded_lines": [], "start_line": 53}, "_format_template": {"executed_lines": [60, 63, 64], "summary": {"covered_lines": 3, "num_statements": 3, "percent_covered": 100.0, "percent_covered_display": "100", "missing_lines": 0, "excluded_lines": 0, "percent_statements_covered": 100.0, "percent_statements_covered_display": "100"}, "missing_lines": [], "excluded_lines": [], "start_line": 59}, "_neighbor_feature": {"executed_lines": [94, 95, 96, 97, 98], "summary": {"covered_lines": 5, "num_statements": 6, "percent_covered": 83.33333333333333, "percent_covered_display": "83", "missing_lines": 1, "excluded_lines": 0, "percent_statements_covered": 83.33333333333333, "percent_statements_covered_display": "83"}, "missing_lines": [99], "excluded_lines": [], "start_line": 89}, "generate_plan": {"executed_lines": [107, 108, 110, 111, 113, 115, 116, 118, 119, 122, 123, 124, 127, 129, 130, 132, 140, 141, 142, 143, 144, 152, 162, 163, 164, 165], "summary": {"covered_lines": 26, "num_statements": 27, "percent_covered": 96.29629629629629, "percent_covered_display": "96", "missing_lines": 1, "excluded_lines": 0, "percent_statements_covered": 96.29629629629629, "percent_statements_covered_display": "96"}, "missing_lines": [125], "excluded_lines": [], "start_line": 102}, "generate_plan_to_xlsx": {"executed_lines": [173, 174, 175], "summary": {"covered_lines": 3, "num_statements": 3, "percent_covered": 100.0, "percent_covered_display": "100", "missing_lines": 0, "excluded_lines": 0, "percent_statements_covered": 100.0, "percent_statements_covered_display": "100"}, "missing_lines": [], "excluded_lines": [], "start_line": 168}, "": {"executed_lines": [12, 14, 15, 17, 18, 19, 20, 21, 22, 25, 38, 42, 53, 59, 78, 89, 102, 168], "summary": {"covered_lines": 18, "num_statements": 18, "percent_covered": 100.0, "percent_covered_display": "100", "missing_lines": 0, "excluded_lines": 0, "percent_statements_covered": 100.0, "percent_statements_covered_display": "100"}, "missing_lines": [], "excluded_lines": [], "start_line": 1}}, "classes": {"": {"executed_lines": [12, 14, 15, 17, 18, 19, 20, 21, 22, 25, 27, 28, 29, 31, 32, 34, 35, 38, 39, 42, 44, 45, 46, 47, 48, 49, 50, 53, 54, 55, 56, 59, 60, 63, 64, 78, 89, 94, 95, 96, 97, 98, 102, 107, 108, 110, 111, 113, 115, 116, 118, 119, 122, 123, 124, 127, 129, 130, 132, 140, 141, 142, 143, 144, 152, 162, 163, 164, 165, 168, 173, 174, 175], "summary": {"covered_lines": 73, "num_statements": 76, "percent_covered": 96.05263157894737, "percent_covered_display": "96", "missing_lines": 3, "excluded_lines": 0, "percent_statements_covered": 96.05263157894737, "percent_statements_covered_display": "96"}, "missing_lines": [33, 99, 125], "excluded_lines": [], "start_line": 1}}}, "ate/planner/model.py": {"executed_lines": [7, 9, 12, 14, 15, 16, 17, 18, 19, 20, 21, 24, 26, 27, 28, 29, 30, 34, 36, 37, 38, 39, 40, 41, 42, 43, 44, 46, 47, 48, 50, 51, 52], "summary": {"covered_lines": 33, "num_statements": 33, "percent_covered": 100.0, "percent_covered_display": "100", "missing_lines": 0, "excluded_lines": 0, "percent_statements_covered": 100.0, "percent_statements_covered_display": "100"}, "missing_lines": [], "excluded_lines": [], "functions": {"Plan.n_requirements": {"executed_lines": [48], "summary": {"covered_lines": 1, "num_statements": 1, "percent_covered": 100.0, "percent_covered_display": "100", "missing_lines": 0, "excluded_lines": 0, "percent_statements_covered": 100.0, "percent_statements_covered_display": "100"}, "missing_lines": [], "excluded_lines": [], "start_line": 47}, "Plan.n_rows": {"executed_lines": [52], "summary": {"covered_lines": 1, "num_statements": 1, "percent_covered": 100.0, "percent_covered_display": "100", "missing_lines": 0, "excluded_lines": 0, "percent_statements_covered": 100.0, "percent_statements_covered_display": "100"}, "missing_lines": [], "excluded_lines": [], "start_line": 51}, "": {"executed_lines": [7, 9, 12, 14, 15, 16, 17, 18, 19, 20, 21, 24, 26, 27, 28, 29, 30, 34, 36, 37, 38, 39, 40, 41, 42, 43, 44, 46, 47, 50, 51], "summary": {"covered_lines": 31, "num_statements": 31, "percent_covered": 100.0, "percent_covered_display": "100", "missing_lines": 0, "excluded_lines": 0, "percent_statements_covered": 100.0, "percent_statements_covered_display": "100"}, "missing_lines": [], "excluded_lines": [], "start_line": 1}}, "classes": {"Requirement": {"executed_lines": [], "summary": {"covered_lines": 0, "num_statements": 0, "percent_covered": 100.0, "percent_covered_display": "100", "missing_lines": 0, "excluded_lines": 0, "percent_statements_covered": 100.0, "percent_statements_covered_display": "100"}, "missing_lines": [], "excluded_lines": [], "start_line": 12}, "PlanRow": {"executed_lines": [], "summary": {"covered_lines": 0, "num_statements": 0, "percent_covered": 100.0, "percent_covered_display": "100", "missing_lines": 0, "excluded_lines": 0, "percent_statements_covered": 100.0, "percent_statements_covered_display": "100"}, "missing_lines": [], "excluded_lines": [], "start_line": 24}, "Plan": {"executed_lines": [48, 52], "summary": {"covered_lines": 2, "num_statements": 2, "percent_covered": 100.0, "percent_covered_display": "100", "missing_lines": 0, "excluded_lines": 0, "percent_statements_covered": 100.0, "percent_statements_covered_display": "100"}, "missing_lines": [], "excluded_lines": [], "start_line": 34}, "": {"executed_lines": [7, 9, 12, 14, 15, 16, 17, 18, 19, 20, 21, 24, 26, 27, 28, 29, 30, 34, 36, 37, 38, 39, 40, 41, 42, 43, 44, 46, 47, 50, 51], "summary": {"covered_lines": 31, "num_statements": 31, "percent_covered": 100.0, "percent_covered_display": "100", "missing_lines": 0, "excluded_lines": 0, "percent_statements_covered": 100.0, "percent_statements_covered_display": "100"}, "missing_lines": [], "excluded_lines": [], "start_line": 1}}}, "ate/planner/xlsx_writer.py": {"executed_lines": [15, 17, 19, 20, 21, 23, 25, 31, 32, 33, 34, 37, 38, 39, 40, 41, 44, 45, 46, 49, 50, 51, 52, 53, 54, 55, 56, 57, 58, 59, 60, 61, 62, 63, 64, 65, 66, 67, 70, 71, 72, 73, 74, 75, 76, 80, 81, 82, 83, 85, 86, 87, 88, 89, 90, 91, 92, 93, 94, 95, 96, 98, 101, 102, 103, 104, 105, 106, 107, 108, 109, 110, 111, 112, 115, 116, 117], "summary": {"covered_lines": 77, "num_statements": 77, "percent_covered": 100.0, "percent_covered_display": "100", "missing_lines": 0, "excluded_lines": 0, "percent_statements_covered": 100.0, "percent_statements_covered_display": "100"}, "missing_lines": [], "excluded_lines": [], "functions": {"write_xlsx": {"executed_lines": [38, 39, 40, 41, 44, 45, 46, 49, 50, 51, 52, 53, 54, 55, 56, 57, 58, 59, 60, 61, 62, 63, 64, 65, 66, 67, 70, 71, 72, 73, 74, 75, 76, 80, 81, 82, 83, 85, 86, 87, 88, 89, 90, 91, 92, 93, 94, 95, 96, 98, 101, 102, 103, 104, 105, 106, 107, 108, 109, 110, 111, 112, 115, 116, 117], "summary": {"covered_lines": 65, "num_statements": 65, "percent_covered": 100.0, "percent_covered_display": "100", "missing_lines": 0, "excluded_lines": 0, "percent_statements_covered": 100.0, "percent_statements_covered_display": "100"}, "missing_lines": [], "excluded_lines": [], "start_line": 37}, "": {"executed_lines": [15, 17, 19, 20, 21, 23, 25, 31, 32, 33, 34, 37], "summary": {"covered_lines": 12, "num_statements": 12, "percent_covered": 100.0, "percent_covered_display": "100", "missing_lines": 0, "excluded_lines": 0, "percent_statements_covered": 100.0, "percent_statements_covered_display": "100"}, "missing_lines": [], "excluded_lines": [], "start_line": 1}}, "classes": {"": {"executed_lines": [15, 17, 19, 20, 21, 23, 25, 31, 32, 33, 34, 37, 38, 39, 40, 41, 44, 45, 46, 49, 50, 51, 52, 53, 54, 55, 56, 57, 58, 59, 60, 61, 62, 63, 64, 65, 66, 67, 70, 71, 72, 73, 74, 75, 76, 80, 81, 82, 83, 85, 86, 87, 88, 89, 90, 91, 92, 93, 94, 95, 96, 98, 101, 102, 103, 104, 105, 106, 107, 108, 109, 110, 111, 112, 115, 116, 117], "summary": {"covered_lines": 77, "num_statements": 77, "percent_covered": 100.0, "percent_covered_display": "100", "missing_lines": 0, "excluded_lines": 0, "percent_statements_covered": 100.0, "percent_statements_covered_display": "100"}, "missing_lines": [], "excluded_lines": [], "start_line": 1}}}}, "totals": {"covered_lines": 943, "num_statements": 1044, "percent_covered": 90.32567049808429, "percent_covered_display": "90", "missing_lines": 101, "excluded_lines": 5, "percent_statements_covered": 90.32567049808429, "percent_statements_covered_display": "90"}}