<?xml version="1.0" encoding="UTF-8" standalone="yes"?><testsuite errors="1" failures="0" hostName="codevalue" name="JSystem Reporter" tests="1" time="465.734" timeStamp="Wed Sep 09 10:29:28 EDT 2026"><testcase classname="cmp.tests.evpn.TC03_EvpnType3ImetFlooding" name="null" time="465.635"><error message="Error in command: timeout: 100000&#10; Response output terminal: &#13;&#10;root@localhost:~#&#10; Is cli connected: true" type="class java.lang.Exception">java.lang.Exception: Error in command: timeout: 100000
 Response output terminal: &#13;
root@localhost:~#
 Is cli connected: true
	at cmp.infra.CmpCliConnection.handleCliCommandWithDebug(CmpCliConnection.java:439)
	at cmp.infra.CmpCliConnection.handleCliCommand(CmpCliConnection.java:359)
	at cmp.infra.CmpCliSession.runCommandRawResponse(CmpCliSession.java:395)
	at cmp.infra.CmpCliSession.runCommandRawResponse(CmpCliSession.java:503)
	at cmp.infra.CmpCliSession.runCommandRawResponse(CmpCliSession.java:556)
	at cmp.infra.CmpRouter.runCommandAndSwitchMode(CmpRouter.java:894)
	at cmp.infra.CmpRouter.searchForWdRestartInSyslog(CmpRouter.java:1667)
	at cmp.infra.CmpRouter.doPost(CmpRouter.java:1548)
	at cmp.infra.bringUp.BringUp.checkCoresAndAlarms(BringUp.java:217)
	at cmp.infra.bringUp.BringUp.bringUpSetupAndVerify(BringUp.java:133)
	at cmp.infra.bringUp.BringUp.bringUpAndVerify(BringUp.java:108)
	at cmp.infra.CmpTestCase.initCmpTestCase(CmpTestCase.java:121)
	at java.base/jdk.internal.reflect.NativeMethodAccessorImpl.invoke0(Native Method)
	at java.base/jdk.internal.reflect.NativeMethodAccessorImpl.invoke(NativeMethodAccessorImpl.java:77)
	at java.base/jdk.internal.reflect.DelegatingMethodAccessorImpl.invoke(DelegatingMethodAccessorImpl.java:43)
	at java.base/java.lang.reflect.Method.invoke(Method.java:569)
	at org.junit.internal.runners.MethodRoadie.runBefores(MethodRoadie.java:129)
	at org.junit.internal.runners.MethodRoadie.runBeforesThenTestThenAfters(MethodRoadie.java:93)
	at org.junit.internal.runners.MethodRoadie.runTest(MethodRoadie.java:84)
	at org.junit.internal.runners.MethodRoadie.run(MethodRoadie.java:49)
	at org.junit.internal.runners.JUnit4ClassRunner.invokeTestMethod(JUnit4ClassRunner.java:98)
	at org.junit.internal.runners.JUnit4ClassRunner.runMethods(JUnit4ClassRunner.java:61)
	at org.junit.internal.runners.JUnit4ClassRunner$1.run(JUnit4ClassRunner.java:54)
	at org.junit.internal.runners.ClassRoadie.runUnprotected(ClassRoadie.java:34)
	at org.junit.internal.runners.ClassRoadie.runProtected(ClassRoadie.java:44)
	at org.junit.internal.runners.JUnit4ClassRunner.run(JUnit4ClassRunner.java:52)
	at junit.framework.JSystemJUnit4ClassRunner.run(JSystemJUnit4ClassRunner.java:250)
	at org.junit.runners.Suite.runChild(Suite.java:128)
	at org.junit.runners.Suite.runChild(Suite.java:24)
	at org.junit.runners.ParentRunner$3.run(ParentRunner.java:231)
	at org.junit.runners.ParentRunner$1.schedule(ParentRunner.java:60)
	at org.junit.runners.ParentRunner.runChildren(ParentRunner.java:229)
	at org.junit.runners.ParentRunner.access$000(ParentRunner.java:50)
	at org.junit.runners.ParentRunner$2.evaluate(ParentRunner.java:222)
	at org.junit.runners.ParentRunner.run(ParentRunner.java:300)
	at org.junit.runner.JUnitCore.run(JUnitCore.java:157)
	at org.junit.runner.JUnitCore.run(JUnitCore.java:136)
	at org.junit.runner.JUnitCore.run(JUnitCore.java:117)
	at org.junit.runner.JUnitCore.runMain(JUnitCore.java:98)
	at org.junit.runner.JUnitCore.runMainAndExit(JUnitCore.java:53)
	at org.junit.runner.JUnitCore.main(JUnitCore.java:45)
</error></testcase></testsuite>