<?xml version="1.0" encoding="utf-8"?><testsuites name="pytest tests"><testsuite name="pytest" errors="0" failures="0" skipped="0" tests="286" time="168.823" timestamp="2026-08-14T13:25:31.168643+03:00" hostname="ilan-IdeaPad-Slim-3-15IAH8"><testcase classname="tests.test_ai_enricher" name="test_cache_loads_committed_baked_entries" time="0.017" /><testcase classname="tests.test_ai_enricher" name="test_enrich_uses_cache_without_api_key" time="1.551" /><testcase classname="tests.test_ai_enricher" name="test_enrich_swaps_action_steps_for_cached_rows" time="1.364" /><testcase classname="tests.test_ai_enricher" name="test_enrich_falls_back_when_api_key_missing_and_no_cache" time="1.371" /><testcase classname="tests.test_ai_enricher" name="test_enrich_calls_api_with_key_and_writes_cache" time="2.436" /><testcase classname="tests.test_ai_enricher" name="test_enrich_falls_back_on_api_failure" time="1.323" /><testcase classname="tests.test_ai_enricher" name="test_default_backend_is_cli" time="0.001" /><testcase classname="tests.test_ai_enricher" name="test_env_var_selects_backend" time="0.001" /><testcase classname="tests.test_ai_enricher" name="test_unknown_backend_raises" time="0.002" /><testcase classname="tests.test_ai_enricher" name="test_enrich_uses_cli_backend_by_subprocess" time="1.342" /><testcase classname="tests.test_ai_enricher" name="test_cli_backend_falls_back_when_claude_missing" time="1.327" /><testcase classname="tests.test_ai_enricher" name="test_use_api_none_never_calls_backend_even_when_available" time="1.329" /><testcase classname="tests.test_ai_enricher" name="test_cli_backend_handles_nonzero_exit" time="1.360" /><testcase classname="tests.test_ai_enricher" name="test_cli_backend_handles_malformed_json" time="1.359" /><testcase classname="tests.test_ai_enricher" name="test_save_load_cache_roundtrip" time="0.002" /><testcase classname="tests.test_ai_enricher" name="test_row_key_is_stable" time="0.001" /><testcase classname="tests.test_atomic_rows" name="test_parse_blob_handles_numbered_steps" time="0.001" /><testcase classname="tests.test_atomic_rows" name="test_parse_blob_handles_inline_one_liners" time="0.001" /><testcase classname="tests.test_atomic_rows" name="test_parse_blob_peels_problem_method_framing" time="0.001" /><testcase classname="tests.test_atomic_rows" name="test_problem_method_render_as_lead_rows_under_banner" time="0.002" /><testcase classname="tests.test_atomic_rows" name="test_split_expectation_parses_pass_and_fail" time="0.001" /><testcase classname="tests.test_atomic_rows" name="test_plan_row_decomposes_to_banner_plus_atomic" time="0.001" /><testcase classname="tests.test_atomic_rows" name="test_plan_row_monitor_column_extracts_show_commands" time="0.001" /><testcase classname="tests.test_atomic_rows" name="test_provenance_flows_through_to_atomic_rows" time="0.001" /><testcase classname="tests.test_cli" name="test_cli_inprocess_summary" time="0.023" /><testcase classname="tests.test_cli" name="test_cli_inprocess_emits_valid_json" time="0.036" /><testcase classname="tests.test_cli" name="test_cli_inprocess_stdout_when_no_outflag" time="0.024" /><testcase classname="tests.test_cli" name="test_cli_inprocess_typed_error_returns_1" time="0.009" /><testcase classname="tests.test_cli" name="test_cli_inprocess_version_flag" time="0.007" /><testcase classname="tests.test_cli" name="test_cli_subprocess_summary" time="0.250" /><testcase classname="tests.test_cli" name="test_cli_subprocess_writes_json" time="0.257" /><testcase classname="tests.test_cli_crosscheck" name="test_command_head_normalisation" time="0.001" /><testcase classname="tests.test_cli_crosscheck" name="test_curated_vocabulary_loads_without_removed_mpls_commands" time="0.001" /><testcase classname="tests.test_cli_crosscheck" name="test_buckets_invented_vs_curated_vs_generic" time="0.001" /><testcase classname="tests.test_cli_crosscheck" name="test_bare_verb_is_noise_not_a_command" time="0.001" /><testcase classname="tests.test_cli_crosscheck" name="test_prefix_match_grounds_argument_variants" time="0.001" /><testcase classname="tests.test_cli_crosscheck" name="test_format_warning_empty_when_all_grounded" time="0.001" /><testcase classname="tests.test_cli_crosscheck" name="test_scrub_removes_ungrounded_keeps_grounded" time="0.026" /><testcase classname="tests.test_cli_crosscheck" name="test_scrub_recapitalises_clause_after_removing_subject" time="0.025" /><testcase classname="tests.test_cli_crosscheck" name="test_scrub_noop_when_all_grounded" time="0.001" /><testcase classname="tests.test_cli_extractor" name="test_extracts_a_useful_number_of_commands" time="0.255" /><testcase classname="tests.test_cli_extractor" name="test_config_commands_are_filtered_from_show_clear" time="0.282" /><testcase classname="tests.test_cli_extractor" name="test_named_commands_present" time="0.001" /><testcase classname="tests.test_cli_extractor" name="test_syntax_and_mode_are_populated" time="0.001" /><testcase classname="tests.test_cli_extractor" name="test_choice_parameters_for_load_balancing_mode" time="0.001" /><testcase classname="tests.test_cli_extractor" name="test_typed_parameter_for_lacp_key" time="0.001" /><testcase classname="tests.test_cli_extractor" name="test_default_behavior_extraction" time="0.001" /><testcase classname="tests.test_cli_extractor" name="test_no_form_detection" time="0.001" /><testcase classname="tests.test_cli_extractor" name="test_related_features_for_service_carving" time="0.001" /><testcase classname="tests.test_cli_extractor" name="test_extractor_is_deterministic" time="0.255" /><testcase classname="tests.test_cli_inheritance" name="test_expand_emits_seven_subconfigs_for_af_l2vpn_evpn" time="0.001" /><testcase classname="tests.test_cli_inheritance" name="test_expand_produces_nothing_when_parent_absent" time="0.001" /><testcase classname="tests.test_cli_inheritance" name="test_expand_idempotent_on_existing_sub_config" time="0.001" /><testcase classname="tests.test_cli_inheritance" name="test_inherited_commands_round_trip_through_cli_rows" time="0.008" /><testcase classname="tests.test_cli_inheritance" name="test_deinvent_strips_invented_parameter_grammar" time="0.001" /><testcase classname="tests.test_cli_inheritance" name="test_inheritance_source_for_returns_source_string" time="0.001" /><testcase classname="tests.test_cli_inheritance" name="test_inheritance_table_has_documented_provenance" time="0.001" /><testcase classname="tests.test_cli_rows" name="test_all_rows_carry_setup_action_verify" time="0.296" /><testcase classname="tests.test_cli_rows" name="test_all_rows_carry_pass_criterion" time="0.016" /><testcase classname="tests.test_cli_rows" name="test_all_rows_carry_equipment_tag" time="0.016" /><testcase classname="tests.test_cli_rows" name="test_all_rows_anchor_to_synthetic_cli_req_id" time="0.018" /><testcase classname="tests.test_cli_rows" name="test_range_validation_row_for_typed_param" time="0.002" /><testcase classname="tests.test_cli_rows" name="test_mutex_row_for_choice_command" time="0.002" /><testcase classname="tests.test_cli_rows" name="test_default_row_only_when_doc_names_default" time="0.003" /><testcase classname="tests.test_cli_rows" name="test_no_form_row_only_when_syntax_shows_it" time="0.003" /><testcase classname="tests.test_cli_rows" name="test_persistence_row_emitted_once_for_section" time="0.034" /><testcase classname="tests.test_cli_rows" name="test_show_command_returns_no_rows" time="0.001" /><testcase classname="tests.test_cli_rows" name="test_full_command_set_produces_useful_volume" time="0.046" /><testcase classname="tests.test_codegen" name="test_three_m2_flows_are_generated" time="0.002" /><testcase classname="tests.test_codegen" name="test_flow_010_is_the_declared_prerequisite" time="0.001" /><testcase classname="tests.test_codegen" name="test_step_ids_are_stable_and_unique" time="0.001" /><testcase classname="tests.test_codegen" name="test_every_command_template_is_grounded_in_the_cli_doc" time="0.001" /><testcase classname="tests.test_codegen" name="test_ungrounded_command_is_fatal" time="0.001" /><testcase classname="tests.test_codegen" name="test_unvalidated_expectations_never_assert_a_pass" time="0.004" /><testcase classname="tests.test_codegen" name="test_emitted_java_is_ascii" time="0.001" /><testcase classname="tests.test_codegen" name="test_traffic_steps_reference_declared_items" time="0.001" /><testcase classname="tests.test_codegen" name="test_local_mac_move_asserts_no_readvertisement" time="0.001" /><testcase classname="tests.test_codegen" name="test_generated_files_are_the_four_artifact_kinds" time="0.001" /><testcase classname="tests.test_codegen" name="test_test_classes_extend_the_framework_base_class" time="0.001" /><testcase classname="tests.test_codegen" name="test_requirement_provenance_reaches_the_java" time="0.001" /><testcase classname="tests.test_codegen" name="test_queue_lifecycle_new_to_approved" time="0.005" /><testcase classname="tests.test_codegen" name="test_queue_marks_stale_when_the_source_documents_change" time="0.002" /><testcase classname="tests.test_codegen" name="test_stale_approved_is_reported_separately" time="0.002" /><testcase classname="tests.test_codegen" name="test_select_all_protects_approved_work" time="0.002" /><testcase classname="tests.test_codegen" name="test_queue_round_trips_through_json" time="0.002" /><testcase classname="tests.test_codegen" name="test_fingerprint_tracks_step_content" time="0.002" /><testcase classname="tests.test_codegen" name="test_negative_assertions_are_not_mistaken_for_plain_checks" time="0.072" /><testcase classname="tests.test_codegen" name="test_cross_reference_rows_are_excluded_not_counted_as_failures" time="0.001" /><testcase classname="tests.test_codegen" name="test_matched_steps_still_require_review" time="0.001" /><testcase classname="tests.test_codegen" name="test_matcher_classifies_the_main_step_kinds" time="0.001" /><testcase classname="tests.test_codegen" name="test_commands_are_lifted_out_of_backticks" time="0.001" /><testcase classname="tests.test_codegen" name="test_resolve_command_grounds_against_the_registry" time="0.069" /><testcase classname="tests.test_codegen" name="test_resolve_command_matches_a_config_tail" time="0.001" /><testcase classname="tests.test_codegen" name="test_unknown_command_never_invents_an_enum_constant" time="0.001" /><testcase classname="tests.test_codegen" name="test_ungrounded_rows_degrade_to_a_compiling_stub" time="0.001" /><testcase classname="tests.test_codegen" name="test_every_mechanically_derived_step_carries_a_todo" time="0.001" /><testcase classname="tests.test_codegen" name="test_dut_config_uses_intpool_placeholders_not_lab_interfaces" time="0.002" /><testcase classname="tests.test_codegen" name="test_dut_config_never_contains_clear_or_no_forms" time="0.001" /><testcase classname="tests.test_codegen" name="test_dut_config_declares_that_the_underlay_is_absent" time="0.001" /><testcase classname="tests.test_codegen" name="test_bringup_params_layers_clean_base_then_merges" time="0.001" /><testcase classname="tests.test_codegen" name="test_bringup_params_emits_no_ixia_config_row" time="0.001" /><testcase classname="tests.test_codegen" name="test_bringup_params_binds_placeholders_to_the_sut_intpool" time="0.001" /><testcase classname="tests.test_codegen" name="test_a_rejected_command_never_becomes_an_expectation" time="0.012" /><testcase classname="tests.test_codegen" name="test_empty_output_is_not_treated_as_success" time="0.001" /><testcase classname="tests.test_codegen" name="test_real_output_is_captured_without_echo_or_prompt" time="0.001" /><testcase classname="tests.test_codegen" name="test_only_ok_captures_are_offered_as_expectations" time="0.001" /><testcase classname="tests.test_codegen" name="test_commands_needed_renders_arguments" time="0.001" /><testcase classname="tests.test_codegen" name="test_enumerated_keywords_stay_literal_not_arguments" time="0.004" /><testcase classname="tests.test_codegen" name="test_a_keyword_introducing_a_value_set_is_not_an_argument" time="0.001" /><testcase classname="tests.test_codegen" name="test_operands_inside_an_alternation_still_become_arguments" time="0.001" /><testcase classname="tests.test_codegen" name="test_optional_groups_expand_both_ways" time="0.001" /><testcase classname="tests.test_codegen" name="test_curated_entries_win_over_derived_ones" time="1.615" /><testcase classname="tests.test_codegen" name="test_derived_keys_are_valid_java_constants" time="0.001" /><testcase classname="tests.test_codegen" name="test_a_shared_knob_derives_the_evpn_mode_not_vpls" time="0.001" /><testcase classname="tests.test_codegen" name="test_probe_targets_the_last_literal_token" time="0.006" /><testcase classname="tests.test_codegen" name="test_probe_substitutes_arguments_in_the_parent_path" time="0.001" /><testcase classname="tests.test_codegen" name="test_probe_declines_single_token_templates" time="0.001" /><testcase classname="tests.test_codegen" name="test_completions_are_parsed_without_the_noise_tokens" time="0.001" /><testcase classname="tests.test_codegen" name="test_the_hyphen_regression_would_be_caught" time="0.001" /><testcase classname="tests.test_codegen" name="test_traffic_using_scripts_build_their_items_first" time="0.001" /><testcase classname="tests.test_codegen" name="test_bring_up_does_not_build_traffic_it_never_uses" time="0.001" /><testcase classname="tests.test_codegen" name="test_traffic_build_params_carry_vports_and_source_macs" time="0.001" /><testcase classname="tests.test_codegen" name="test_ac2_and_ac3_share_a_source_mac" time="0.001" /><testcase classname="tests.test_codegen" name="test_the_unsettable_source_mac_is_declared_not_implied" time="0.001" /><testcase classname="tests.test_codegen" name="test_no_step_references_a_command_outside_the_registry" time="0.001" /><testcase classname="tests.test_codegen" name="test_command_arity_matches_the_arguments_each_step_supplies" time="0.001" /><testcase classname="tests.test_codegen" name="test_capture_session_reports_and_saves" time="0.002" /><testcase classname="tests.test_codegen" name="test_verify_report_isolates_the_missing_commands" time="0.002" /><testcase classname="tests.test_codegen" name="test_capture_skips_steps_nothing_would_consume" time="0.001" /><testcase classname="tests.test_codegen" name="test_plan_rows_are_attributed_only_to_flow_banners" time="0.026" /><testcase classname="tests.test_codegen" name="test_generation_result_writes_every_file" time="0.002" /><testcase classname="tests.test_codegen" name="test_capture_attributes_each_answer_to_its_own_command" time="3.304" /><testcase classname="tests.test_codegen" name="test_only_the_ok_answers_reach_the_expectations" time="3.304" /><testcase classname="tests.test_codegen" name="test_a_mac_table_with_only_a_legend_is_not_an_expectation" time="0.001" /><testcase classname="tests.test_codegen" name="test_a_mac_table_with_a_real_entry_is_captured" time="0.001" /><testcase classname="tests.test_codegen" name="test_read_stops_at_the_prompt_and_strips_it" time="0.301" /><testcase classname="tests.test_codegen" name="test_prompt_matches_every_shape_this_lab_produces[router# ]" time="0.001" /><testcase classname="tests.test_codegen" name="test_prompt_matches_every_shape_this_lab_produces[router[2026-08-12-07:00:00]# ]" time="0.001" /><testcase classname="tests.test_codegen" name="test_prompt_matches_every_shape_this_lab_produces[router(config)# ]" time="0.001" /><testcase classname="tests.test_codegen" name="test_prompt_matches_every_shape_this_lab_produces[router[2026-08-12-07:00:00](config)# ]" time="0.001" /><testcase classname="tests.test_codegen" name="test_prompt_matches_every_shape_this_lab_produces[exa-il01-uf-3080# ]" time="0.001" /><testcase classname="tests.test_codegen" name="test_read_terminates_against_both_prompt_shapes[router# ]" time="0.301" /><testcase classname="tests.test_codegen" name="test_read_terminates_against_both_prompt_shapes[router[2026-08-12-07:00:00]# ]" time="0.301" /><testcase classname="tests.test_codegen" name="test_a_value_prompt_is_recognised_as_the_device_waiting[l2-services evpn X service-type ?\r\nPossible completions:\r\n  vlan-based\r\n  port-based[vlan-based]\r\nrouter(config)# l2-services evpn X service-type \r\n[port-based,vlan-based]: ]" time="0.001" /><testcase classname="tests.test_codegen" name="test_a_value_prompt_is_recognised_as_the_device_waiting[l2-services evpn X mac-limit ?\r\nPossible completions:\r\n  &lt;1-250000&gt;    maximum MAC learned (default 65520)\r\n  Currently configured[65520]\r\nrouter(config)# l2-services evpn X mac-limit \r\n(&lt;1-250000&gt;    maximum MAC learned (default 65520)\r\n  Currently configured): ]" time="0.001" /><testcase classname="tests.test_codegen" name="test_a_finished_command_is_not_mistaken_for_a_value_prompt[l2-services evpn X control-word ?\r\n                     ^\r\n% Invalid input detected at '^' marker.\r\nsyntax error: expecting \r\n  auto-discovery - Set auto-discovery attributes\r\n  mac-limit      - Set the limit on maximum MAC learned\r\nrouter(config)# ]" time="0.001" /><testcase classname="tests.test_codegen" name="test_a_finished_command_is_not_mistaken_for_a_value_prompt[show evpn ?\r\nDescription: Show EVPN information\r\nPossible completions:\r\n  broadcast-domains   Displays the EVPN broadcast domain\r\n  detail              Show EVPN detail status\r\n  mac-address-table   Show the EVPN MAC Address table\r\n  summary             Show EVPN summary\r\nrouter# ]" time="0.001" /><testcase classname="tests.test_codegen" name="test_a_leaf_default_is_stripped_from_its_completion_token" time="0.001" /><testcase classname="tests.test_codegen" name="test_completions_drop_the_syntax_error_caret" time="0.001" /><testcase classname="tests.test_codegen" name="test_verdicts_match_what_the_device_actually_said[l2-services evpn X service-type ?\r\nPossible completions:\r\n  vlan-based\r\n  port-based[vlan-based]\r\nrouter(config)# l2-services evpn X service-type \r\n[port-based,vlan-based]: -port-based-supported]" time="0.001" /><testcase classname="tests.test_codegen" name="test_verdicts_match_what_the_device_actually_said[l2-services evpn X service-type ?\r\nPossible completions:\r\n  vlan-based\r\n  port-based[vlan-based]\r\nrouter(config)# l2-services evpn X service-type \r\n[port-based,vlan-based]: -half-duplex-missing]" time="0.001" /><testcase classname="tests.test_codegen" name="test_verdicts_match_what_the_device_actually_said[l2-services evpn X mac-limit ?\r\nPossible completions:\r\n  &lt;1-250000&gt;    maximum MAC learned (default 65520)\r\n  Currently configured[65520]\r\nrouter(config)# l2-services evpn X mac-limit \r\n(&lt;1-250000&gt;    maximum MAC learned (default 65520)\r\n  Currently configured): -250000-unknown]" time="0.001" /><testcase classname="tests.test_codegen" name="test_verdicts_match_what_the_device_actually_said[l2-services evpn X control-word ?\r\n                     ^\r\n% Invalid input detected at '^' marker.\r\nsyntax error: expecting \r\n  auto-discovery - Set auto-discovery attributes\r\n  mac-limit      - Set the limit on maximum MAC learned\r\nrouter(config)# -disable-missing]" time="0.002" /><testcase classname="tests.test_codegen" name="test_verdicts_match_what_the_device_actually_said[show evpn ?\r\nDescription: Show EVPN information\r\nPossible completions:\r\n  broadcast-domains   Displays the EVPN broadcast domain\r\n  detail              Show EVPN detail status\r\n  mac-address-table   Show the EVPN MAC Address table\r\n  summary             Show EVPN summary\r\nrouter# -mac-address-table-supported]" time="0.002" /><testcase classname="tests.test_codegen" name="test_verdicts_match_what_the_device_actually_said[show evpn ?\r\nDescription: Show EVPN information\r\nPossible completions:\r\n  broadcast-domains   Displays the EVPN broadcast domain\r\n  detail              Show EVPN detail status\r\n  mac-address-table   Show the EVPN MAC Address table\r\n  summary             Show EVPN summary\r\nrouter# -global-missing]" time="0.001" /><testcase classname="tests.test_codegen" name="test_a_range_leaf_is_never_reported_missing" time="0.001" /><testcase classname="tests.test_codegen" name="test_an_unaskable_probe_is_unknown_not_missing" time="0.001" /><testcase classname="tests.test_codegen" name="test_angle_bracket_arguments_are_slots_not_cli_text" time="0.001" /><testcase classname="tests.test_codegen" name="test_prompt_does_not_swallow_output_lines" time="0.001" /><testcase classname="tests.test_codegen" name="test_an_expectation_of_pure_table_furniture_is_rejected" time="0.001" /><testcase classname="tests.test_codegen" name="test_a_real_capture_is_not_flagged" time="0.001" /><testcase classname="tests.test_codegen" name="test_generation_stops_on_an_unfalsifiable_expectation" time="0.001" /><testcase classname="tests.test_codegen" name="test_the_census_counts_what_can_actually_fail" time="0.001" /><testcase classname="tests.test_codegen" name="test_every_test_class_refuses_to_pass_without_verifying_something" time="0.001" /><testcase classname="tests.test_codegen" name="test_a_no_change_assertion_refuses_an_empty_baseline" time="0.001" /><testcase classname="tests.test_codegen" name="test_only_the_non_empty_path_counts_as_an_assertion" time="0.001" /><testcase classname="tests.test_codegen" name="test_legend_only_bgp_table_is_refused_as_an_expectation" time="0.001" /><testcase classname="tests.test_codegen" name="test_real_table_content_is_still_usable" time="0.001" /><testcase classname="tests.test_codegen" name="test_a_one_sided_underlay_is_refused" time="0.001" /><testcase classname="tests.test_codegen" name="test_tester_config_is_generated_from_the_same_profile" time="0.001" /><testcase classname="tests.test_curated" name="test_curated_rows_present_and_deterministic" time="0.001" /><testcase classname="tests.test_curated" name="test_default_gateway_ec_cross_references_rfc4360" time="0.001" /><testcase classname="tests.test_curated" name="test_df_election_and_pmsi_encodings" time="0.001" /><testcase classname="tests.test_curated" name="test_relevance_map_classifies_every_cited_dependency_rfc" time="0.001" /><testcase classname="tests.test_determinism" name="test_three_runs_byte_identical[tier_a/EVPN System Specification 1.00.docx]" time="3.497" /><testcase classname="tests.test_determinism" name="test_three_runs_byte_identical[tier_a/EVPN CLI 1.00.docx]" time="0.760" /><testcase classname="tests.test_determinism" name="test_three_runs_byte_identical[tier_a/rfc9785.docx]" time="2.175" /><testcase classname="tests.test_determinism" name="test_three_runs_byte_identical[tier_a/rfc9785.txt]" time="0.023" /><testcase classname="tests.test_determinism" name="test_three_runs_byte_identical[tier_a/rfc9785.pdf]" time="16.275" /><testcase classname="tests.test_determinism" name="test_three_runs_byte_identical[tier_b/rfc7432bis-13.docx]" time="15.181" /><testcase classname="tests.test_determinism" name="test_three_runs_byte_identical[tier_b/rfc7432bis-13.txt]" time="0.325" /><testcase classname="tests.test_dispatch" name="test_detect_docx" time="0.001" /><testcase classname="tests.test_dispatch" name="test_detect_pdf" time="0.001" /><testcase classname="tests.test_dispatch" name="test_detect_txt" time="0.001" /><testcase classname="tests.test_dispatch" name="test_detect_empty_txt" time="0.001" /><testcase classname="tests.test_dispatch" name="test_detect_html_rejected" time="0.001" /><testcase classname="tests.test_dispatch" name="test_detect_missing_file" time="0.002" /><testcase classname="tests.test_edge_cases" name="test_edge_case_produces_expected_outcome[empty.txt-EmptyDocumentError]" time="0.002" /><testcase classname="tests.test_edge_cases" name="test_edge_case_produces_expected_outcome[whitespace_only.txt-EmptyDocumentError]" time="0.002" /><testcase classname="tests.test_edge_cases" name="test_edge_case_produces_expected_outcome[broken_encoding.txt-UnsupportedFormatError]" time="0.002" /><testcase classname="tests.test_edge_cases" name="test_edge_case_produces_expected_outcome[malformed.docx-CorruptDocumentError]" time="0.002" /><testcase classname="tests.test_edge_cases" name="test_edge_case_produces_expected_outcome[truncated.pdf-CorruptDocumentError]" time="0.001" /><testcase classname="tests.test_edge_cases" name="test_edge_case_produces_expected_outcome[scanned.pdf-UnsupportedScannedPDFError]" time="0.005" /><testcase classname="tests.test_edge_cases" name="test_edge_case_produces_expected_outcome[unsupported.html-UnsupportedFormatError]" time="0.001" /><testcase classname="tests.test_edge_cases" name="test_edge_case_produces_expected_outcome[small_valid.txt-OK]" time="0.001" /><testcase classname="tests.test_equipment" name="test_cli_row_equipment_tag" time="0.001" /><testcase classname="tests.test_equipment" name="test_packet_validation_requires_neighbor_pe" time="0.002" /><testcase classname="tests.test_equipment" name="test_basic_functionality_packet_path_uses_neighbor" time="0.001" /><testcase classname="tests.test_equipment" name="test_basic_functionality_config_only_drops_ixia" time="0.001" /><testcase classname="tests.test_equipment" name="test_3rd_party_interop_for_rfc_calls_out_conformance" time="0.001" /><testcase classname="tests.test_equipment" name="test_long_run_requires_continuous_traffic" time="0.001" /><testcase classname="tests.test_equipment" name="test_robustness_includes_power_cycle" time="0.001" /><testcase classname="tests.test_equipment" name="test_management_uses_netconf" time="0.001" /><testcase classname="tests.test_equipment" name="test_unknown_category_falls_back_safely" time="0.001" /><testcase classname="tests.test_parity" name="test_rfc9785_word_parity_across_formats" time="5.481" /><testcase classname="tests.test_parsers" name="test_parse_returns_document[tier_a/rfc9785.docx]" time="0.731" /><testcase classname="tests.test_parsers" name="test_parse_returns_document[tier_a/rfc9785.txt]" time="0.008" /><testcase classname="tests.test_parsers" name="test_parse_returns_document[tier_a/rfc9785.pdf]" time="4.781" /><testcase classname="tests.test_parsers" name="test_parse_returns_document[tier_a/EVPN System Specification 1.00.docx]" time="1.171" /><testcase classname="tests.test_parsers" name="test_parse_returns_document[tier_a/EVPN CLI 1.00.docx]" time="0.261" /><testcase classname="tests.test_parsers" name="test_parse_returns_document[tier_b/rfc7432bis-13.docx]" time="4.846" /><testcase classname="tests.test_parsers" name="test_parse_returns_document[tier_b/rfc7432bis-13.txt]" time="0.030" /><testcase classname="tests.test_parsers" name="test_evpn_spec_has_cli_blocks" time="1.154" /><testcase classname="tests.test_parsers" name="test_evpn_spec_finds_anchors" time="1.161" /><testcase classname="tests.test_parsers" name="test_docx_table_structure" time="1.160" /><testcase classname="tests.test_parsers" name="test_pdf_no_text_layer_rejected" time="0.004" /><testcase classname="tests.test_parsers" name="test_block_types_are_correct" time="0.725" /><testcase classname="tests.test_planner" name="test_extracts_evpn_anchors_from_evpn_spec" time="1.220" /><testcase classname="tests.test_planner" name="test_extractor_dedupes_repeated_anchors" time="1.247" /><testcase classname="tests.test_planner" name="test_plan_from_evpn_spec_uses_template_categories" time="1.323" /><testcase classname="tests.test_planner" name="test_plan_rows_are_traced_to_a_requirement" time="1.340" /><testcase classname="tests.test_planner" name="test_plan_applies_categories_per_flow_not_uniformly" time="1.319" /><testcase classname="tests.test_planner" name="test_xlsx_is_written_and_readable" time="2.238" /><testcase classname="tests.test_planner" name="test_xlsx_columns_match_template_schema" time="2.013" /><testcase classname="tests.test_planner" name="test_xlsx_contains_evpn_anchors" time="2.092" /><testcase classname="tests.test_planner" name="test_plan_handles_doc_without_anchors" time="0.029" /><testcase classname="tests.test_planner" name="test_planner_is_deterministic" time="2.690" /><testcase classname="tests.test_planner" name="test_cli_plan_command_works" time="3.326" /><testcase classname="tests.test_planner" name="test_cli_plan_handles_bad_input" time="0.009" /><testcase classname="tests.test_planner" name="test_plan_with_rfcs_adds_rfc_anchored_rows" time="3.437" /><testcase classname="tests.test_planner" name="test_plan_dedupes_overlapping_rfc_paths" time="3.078" /><testcase classname="tests.test_planner" name="test_xlsx_with_rfcs_contains_both_anchor_styles" time="2.792" /><testcase classname="tests.test_planner" name="test_cli_plan_accepts_repeated_rfc_flag" time="2.740" /><testcase classname="tests.test_planner" name="test_rfc_only_flow_rows_skip_platform_categories" time="1.968" /><testcase classname="tests.test_planner" name="test_flow_row_count_is_bounded" time="1.968" /><testcase classname="tests.test_planner" name="test_rfc_orphans_are_first_class_planrows" time="1.966" /><testcase classname="tests.test_planner" name="test_no_synthesized_review_sheet" time="2.822" /><testcase classname="tests.test_planner" name="test_delta_pointer_markers_surface_in_comment_column" time="2.835" /><testcase classname="tests.test_planner" name="test_rfc_orphan_rows_carry_rfc_anchor_in_xlsx" time="2.742" /><testcase classname="tests.test_planner" name="test_coverage_sheet_links_reqs_to_flows" time="2.812" /><testcase classname="tests.test_regression" name="test_normalized_ir_matches_golden[tier_a/rfc9785.docx]" time="0.769" /><testcase classname="tests.test_regression" name="test_normalized_ir_matches_golden[tier_a/rfc9785.txt]" time="0.011" /><testcase classname="tests.test_regression" name="test_normalized_ir_matches_golden[tier_a/rfc9785.pdf]" time="4.791" /><testcase classname="tests.test_regression" name="test_normalized_ir_matches_golden[tier_a/EVPN System Specification 1.00.docx]" time="1.208" /><testcase classname="tests.test_regression" name="test_normalized_ir_matches_golden[tier_a/EVPN CLI 1.00.docx]" time="0.266" /><testcase classname="tests.test_regression" name="test_normalized_ir_matches_golden[tier_b/rfc7432bis-13.docx]" time="5.219" /><testcase classname="tests.test_regression" name="test_normalized_ir_matches_golden[tier_b/rfc7432bis-13.txt]" time="0.047" /><testcase classname="tests.test_req_classifier" name="test_base_sfs_when_no_rfc_refs" time="0.001" /><testcase classname="tests.test_req_classifier" name="test_delta_when_description_says_replaces" time="0.001" /><testcase classname="tests.test_req_classifier" name="test_delta_when_description_says_instead_of" time="0.001" /><testcase classname="tests.test_req_classifier" name="test_overlay_when_description_says_in_addition_to" time="0.001" /><testcase classname="tests.test_req_classifier" name="test_pointer_when_short_with_see_rfc" time="0.001" /><testcase classname="tests.test_req_classifier" name="test_sfs_with_rfc_context_for_long_descriptions" time="0.001" /><testcase classname="tests.test_req_classifier" name="test_rfc_links_resolve_against_catalog" time="0.001" /><testcase classname="tests.test_req_classifier" name="test_rfc_source_classified_as_rfc" time="0.001" /><testcase classname="tests.test_req_classifier" name="test_classify_all_populates_kind_and_links" time="1.847" /><testcase classname="tests.test_req_classifier" name="test_classify_idempotent" time="1.369" /><testcase classname="tests.test_requirements_builder" name="test_sfs_only_catalog_has_provenance_sfs" time="1.238" /><testcase classname="tests.test_requirements_builder" name="test_rfc_requirements_get_rfc_provenance" time="1.364" /><testcase classname="tests.test_requirements_builder" name="test_cli_inheritance_emits_seven_bgp_subconfigs" time="1.499" /><testcase classname="tests.test_requirements_builder" name="test_mark_claimed_promotes_unclaimed_rfc_to_synth" time="1.827" /><testcase classname="tests.test_requirements_builder" name="test_dedupes_repeated_rfc_paths" time="2.953" /><testcase classname="tests.test_requirements_builder" name="test_synth_anchor_only_contains_rfc_sources" time="1.410" /><testcase classname="tests.test_rfc_crosscheck" name="test_cited_numbers_normalises_forms" time="0.001" /><testcase classname="tests.test_rfc_crosscheck" name="test_ingested_numbers_from_filenames" time="0.001" /><testcase classname="tests.test_rfc_crosscheck" name="test_bis_matches_base_rfc" time="0.001" /><testcase classname="tests.test_rfc_crosscheck" name="test_missing_and_boilerplate_handling" time="0.001" /><testcase classname="tests.test_rfc_crosscheck" name="test_no_gap_warning_is_empty" time="0.001" /><testcase classname="tests.test_rfc_crosscheck" name="test_real_evpn_sfs_flags_rfc4364" time="1.195" /><testcase classname="tests.test_rfc_extractor" name="test_short_name_strips_draft_prefix_and_revision[rfc9785.txt-RFC9785]" time="0.001" /><testcase classname="tests.test_rfc_extractor" name="test_short_name_strips_draft_prefix_and_revision[rfc9785.docx-RFC9785]" time="0.001" /><testcase classname="tests.test_rfc_extractor" name="test_short_name_strips_draft_prefix_and_revision[draft-ietf-bess-rfc7432bis-13.txt-RFC7432bis]" time="0.001" /><testcase classname="tests.test_rfc_extractor" name="test_short_name_strips_draft_prefix_and_revision[draft-ietf-bess-rfc7432bis-13.docx-RFC7432bis]" time="0.001" /><testcase classname="tests.test_rfc_extractor" name="test_rfc7432bis_extracts_substantial_normative_set" time="0.399" /><testcase classname="tests.test_rfc_extractor" name="test_rfc7432bis_req_ids_use_short_name_and_section" time="0.400" /><testcase classname="tests.test_rfc_extractor" name="test_rfc7432bis_every_req_has_must_statement" time="0.401" /><testcase classname="tests.test_rfc_extractor" name="test_rfc7432bis_carries_rfc_ref_back_to_chapter" time="0.403" /><testcase classname="tests.test_rfc_extractor" name="test_rfc9785_extracts_at_least_three_requirements" time="0.132" /><testcase classname="tests.test_rfc_extractor" name="test_rfc9785_section_numbers_are_well_formed" time="0.132" /><testcase classname="tests.test_rfc_extractor" name="test_boilerplate_sections_are_skipped" time="0.529" /><testcase classname="tests.test_rfc_extractor" name="test_rfc_extractor_is_deterministic" time="0.259" /><testcase classname="tests.test_rfc_extractor" name="test_rfc_req_ids_are_unique_within_an_rfc" time="0.529" /><testcase classname="tests.test_rfc_extractor" name="test_rfc_reqs_get_at_least_one_tag" time="0.419" /><testcase classname="tests.test_rfc_extractor" name="test_rfc_reqs_carry_source_marker" time="0.534" /><testcase classname="tests.test_rfc_extractor" name="test_umbrella_parent_sections_are_dropped" time="0.408" /><testcase classname="tests.test_rfc_extractor" name="test_problem_statement_section_does_not_leak" time="0.133" /></testsuite></testsuites>